[0.992s] Invoking command in '/home/danielh/mas418_ros2_ws/build/urdf_tutorial_r2d2': PYTHONPATH=/home/danielh/mas418_ros2_ws/install/urdf_tutorial_r2d2/lib/python3.8/site-packages:${PYTHONPATH} /usr/bin/python3 setup.py develop --prefix /home/danielh/mas418_ros2_ws/install/urdf_tutorial_r2d2 --uninstall --editable --build-directory /home/danielh/mas418_ros2_ws/build/urdf_tutorial_r2d2/build
[1.409s] running develop
[1.564s] Invoked command in '/home/danielh/mas418_ros2_ws/build/urdf_tutorial_r2d2' returned '0': PYTHONPATH=/home/danielh/mas418_ros2_ws/install/urdf_tutorial_r2d2/lib/python3.8/site-packages:${PYTHONPATH} /usr/bin/python3 setup.py develop --prefix /home/danielh/mas418_ros2_ws/install/urdf_tutorial_r2d2 --uninstall --editable --build-directory /home/danielh/mas418_ros2_ws/build/urdf_tutorial_r2d2/build
[1.564s] Invoking command in '/home/danielh/mas418_ros2_ws/src/urdf_tutorial_r2d2': PYTHONPATH=/home/danielh/mas418_ros2_ws/install/urdf_tutorial_r2d2/lib/python3.8/site-packages:${PYTHONPATH} /usr/bin/python3 setup.py egg_info --egg-base ../../build/urdf_tutorial_r2d2 build --build-base /home/danielh/mas418_ros2_ws/build/urdf_tutorial_r2d2/build install --prefix /home/danielh/mas418_ros2_ws/install/urdf_tutorial_r2d2 --record /home/danielh/mas418_ros2_ws/build/urdf_tutorial_r2d2/install.log --single-version-externally-managed
[1.944s] running egg_info
[1.944s] writing ../../build/urdf_tutorial_r2d2/urdf_tutorial_r2d2.egg-info/PKG-INFO
[1.944s] writing dependency_links to ../../build/urdf_tutorial_r2d2/urdf_tutorial_r2d2.egg-info/dependency_links.txt
[1.944s] writing entry points to ../../build/urdf_tutorial_r2d2/urdf_tutorial_r2d2.egg-info/entry_points.txt
[1.944s] writing requirements to ../../build/urdf_tutorial_r2d2/urdf_tutorial_r2d2.egg-info/requires.txt
[1.945s] writing top-level names to ../../build/urdf_tutorial_r2d2/urdf_tutorial_r2d2.egg-info/top_level.txt
[1.972s] reading manifest file '../../build/urdf_tutorial_r2d2/urdf_tutorial_r2d2.egg-info/SOURCES.txt'
[1.973s] writing manifest file '../../build/urdf_tutorial_r2d2/urdf_tutorial_r2d2.egg-info/SOURCES.txt'
[1.973s] running build
[1.973s] running build_py
[1.973s] copying urdf_tutorial_r2d2/state_publisher.py -> /home/danielh/mas418_ros2_ws/build/urdf_tutorial_r2d2/build/lib/urdf_tutorial_r2d2
[1.973s] running install
[1.975s] running install_lib
[1.976s] copying /home/danielh/mas418_ros2_ws/build/urdf_tutorial_r2d2/build/lib/urdf_tutorial_r2d2/state_publisher.py -> /home/danielh/mas418_ros2_ws/install/urdf_tutorial_r2d2/lib/python3.8/site-packages/urdf_tutorial_r2d2
[1.977s] byte-compiling /home/danielh/mas418_ros2_ws/install/urdf_tutorial_r2d2/lib/python3.8/site-packages/urdf_tutorial_r2d2/state_publisher.py to state_publisher.cpython-38.pyc
[1.978s] running install_data
[1.978s] copying launch/demo.launch.py -> /home/danielh/mas418_ros2_ws/install/urdf_tutorial_r2d2/share/urdf_tutorial_r2d2
[1.978s] copying urdf/green_crane.urdf -> /home/danielh/mas418_ros2_ws/install/urdf_tutorial_r2d2/share/urdf_tutorial_r2d2
[1.979s] running install_egg_info
[1.980s] removing '/home/danielh/mas418_ros2_ws/install/urdf_tutorial_r2d2/lib/python3.8/site-packages/urdf_tutorial_r2d2-0.0.0-py3.8.egg-info' (and everything under it)
[1.981s] Copying ../../build/urdf_tutorial_r2d2/urdf_tutorial_r2d2.egg-info to /home/danielh/mas418_ros2_ws/install/urdf_tutorial_r2d2/lib/python3.8/site-packages/urdf_tutorial_r2d2-0.0.0-py3.8.egg-info
[1.981s] running install_scripts
[1.999s] Installing state_publisher script to /home/danielh/mas418_ros2_ws/install/urdf_tutorial_r2d2/lib/urdf_tutorial_r2d2
[1.999s] writing list of installed files to '/home/danielh/mas418_ros2_ws/build/urdf_tutorial_r2d2/install.log'
[2.014s] Invoked command in '/home/danielh/mas418_ros2_ws/src/urdf_tutorial_r2d2' returned '0': PYTHONPATH=/home/danielh/mas418_ros2_ws/install/urdf_tutorial_r2d2/lib/python3.8/site-packages:${PYTHONPATH} /usr/bin/python3 setup.py egg_info --egg-base ../../build/urdf_tutorial_r2d2 build --build-base /home/danielh/mas418_ros2_ws/build/urdf_tutorial_r2d2/build install --prefix /home/danielh/mas418_ros2_ws/install/urdf_tutorial_r2d2 --record /home/danielh/mas418_ros2_ws/build/urdf_tutorial_r2d2/install.log --single-version-externally-managed
