[0.029s] Invoking command in '/home/danielh/mas418_ros2_ws/build/crane_interfaces': CMAKE_PREFIX_PATH=${CMAKE_PREFIX_PATH}:/home/danielh/ros2_galactic/install/rqt_bag_plugins:/home/danielh/ros2_galactic/install/rqt_bag:/home/danielh/ros2_galactic/install/ros2bag:/home/danielh/ros2_galactic/install/tracetools_launch:/home/danielh/ros2_galactic/install/topic_monitor:/home/danielh/ros2_galactic/install/tf2_tools:/home/danielh/ros2_galactic/install/examples_tf2_py:/home/danielh/ros2_galactic/install/tf2_ros_py:/home/danielh/ros2_galactic/install/sros2:/home/danielh/ros2_galactic/install/rqt_topic:/home/danielh/ros2_galactic/install/rqt_top:/home/danielh/ros2_galactic/install/rqt_srv:/home/danielh/ros2_galactic/install/rqt_shell:/home/danielh/ros2_galactic/install/rqt_service_caller:/home/danielh/ros2_galactic/install/rqt_reconfigure:/home/danielh/ros2_galactic/install/rqt_py_console:/home/danielh/ros2_galactic/install/rqt_publisher:/home/danielh/ros2_galactic/install/rqt_plot:/home/danielh/ros2_galactic/install/rqt_action:/home/danielh/ros2_galactic/install/rqt_msg:/home/danielh/ros2_galactic/install/rqt_console:/home/danielh/ros2_galactic/install/rqt:/home/danielh/ros2_galactic/install/rqt_graph:/home/danielh/ros2_galactic/install/rqt_gui_py:/home/danielh/ros2_galactic/install/rqt_gui:/home/danielh/ros2_galactic/install/ros2trace:/home/danielh/ros2_galactic/install/ros2topic:/home/danielh/ros2_galactic/install/ros2test:/home/danielh/ros2_galactic/install/ros2component:/home/danielh/ros2_galactic/install/ros2param:/home/danielh/ros2_galactic/install/ros2lifecycle:/home/danielh/ros2_galactic/install/ros2service:/home/danielh/ros2_galactic/install/ros2run:/home/danielh/ros2_galactic/install/ros2launch:/home/danielh/ros2_galactic/install/ros2pkg:/home/danielh/ros2_galactic/install/ros2node:/home/danielh/ros2_galactic/install/ros2multicast:/home/danielh/ros2_galactic/install/ros2interface:/home/danielh/ros2_galactic/install/ros2doctor:/home/danielh/ros2_galactic/install/ros2action:/home/danielh/ros2_galactic/install/ros2cli:/home/danielh/ros2_galactic/install/quality_of_service_demo_py:/home/danielh/ros2_galactic/install/launch_testing_ros:/home/danielh/ros2_galactic/install/launch_ros:/home/danielh/ros2_galactic/install/joint_state_publisher_gui:/home/danielh/ros2_galactic/install/joint_state_publisher:/home/danielh/ros2_galactic/install/examples_rclpy_pointcloud_publisher:/home/danielh/ros2_galactic/install/examples_rclpy_minimal_subscriber:/home/danielh/ros2_galactic/install/examples_rclpy_minimal_service:/home/danielh/ros2_galactic/install/examples_rclpy_minimal_publisher:/home/danielh/ros2_galactic/install/examples_rclpy_minimal_client:/home/danielh/ros2_galactic/install/examples_rclpy_minimal_action_server:/home/danielh/ros2_galactic/install/examples_rclpy_minimal_action_client:/home/danielh/ros2_galactic/install/examples_rclpy_guard_conditions:/home/danielh/ros2_galactic/install/examples_rclpy_executors:/home/danielh/ros2_galactic/install/demo_nodes_py:/home/danielh/ros2_galactic/install/action_tutorials_py:/home/danielh/ros2_galactic/install/ament_uncrustify:/home/danielh/ros2_galactic/install/tracetools_trace:/home/danielh/ros2_galactic/install/tracetools_read:/home/danielh/ros2_galactic/install/test_launch_ros:/home/danielh/ros2_galactic/install/sensor_msgs_py:/home/danielh/ros2_galactic/install/rpyutils:/home/danielh/ros2_galactic/install/rosidl_runtime_py:/home/danielh/ros2_galactic/install/rosidl_cli:/home/danielh/ros2_galactic/install/launch_yaml:/home/danielh/ros2_galactic/install/launch_xml:/home/danielh/ros2_galactic/install/launch_testing:/home/danielh/ros2_galactic/install/launch:/home/danielh/ros2_galactic/install/osrf_pycommon:/home/danielh/ros2_galactic/install/domain_coordinator:/home/danielh/ros2_galactic/install/ament_xmllint:/home/danielh/ros2_galactic/install/ament_pyflakes:/home/danielh/ros2_galactic/install/ament_pycodestyle:/home/danielh/ros2_galactic/install/ament_pep257:/home/danielh/ros2_galactic/install/ament_pclint:/home/danielh/ros2_galactic/install/ament_package:/home/danielh/ros2_galactic/install/ament_mypy:/home/danielh/ros2_galactic/install/ament_lint_cmake:/home/danielh/ros2_galactic/install/ament_flake8:/home/danielh/ros2_galactic/install/ament_copyright:/home/danielh/ros2_galactic/install/ament_lint:/home/danielh/ros2_galactic/install/ament_index_python:/home/danielh/ros2_galactic/install/ament_cpplint:/home/danielh/ros2_galactic/install/ament_cppcheck:/home/danielh/ros2_galactic/install/ament_clang_tidy:/home/danielh/ros2_galactic/install/ament_clang_format /usr/bin/cmake --build /home/danielh/mas418_ros2_ws/build/crane_interfaces -- -j12 -l12
[0.066s] -- Found ament_cmake: 1.1.5 (/home/danielh/ros2_galactic/install/ament_cmake/share/ament_cmake/cmake)
[0.221s] -- Found PythonInterp: /usr/bin/python3 (found suitable version "3.8.10", minimum required is "3") 
[0.221s] -- Using PYTHON_EXECUTABLE: /usr/bin/python3
[0.427s] -- Found rosidl_default_generators: 1.1.1 (/home/danielh/ros2_galactic/install/rosidl_default_generators/share/rosidl_default_generators/cmake)
[0.517s] -- Using all available rosidl_typesupport_c: rosidl_typesupport_introspection_c;rosidl_typesupport_fastrtps_c
[0.519s] -- Found rosidl_adapter: 2.2.1 (/home/danielh/ros2_galactic/install/rosidl_adapter/share/rosidl_adapter/cmake)
[0.700s] -- Using all available rosidl_typesupport_cpp: rosidl_typesupport_introspection_cpp;rosidl_typesupport_fastrtps_cpp
[0.872s] -- Found PythonInterp: /usr/bin/python3 (found version "3.8.10") 
[1.344s] -- Found ament_cmake_ros: 0.9.2 (/home/danielh/ros2_galactic/install/ament_cmake_ros/share/ament_cmake_ros/cmake)
[1.628s] -- Using all available rosidl_typesupport_c: rosidl_typesupport_introspection_c;rosidl_typesupport_fastrtps_c
[1.733s] -- Using all available rosidl_typesupport_cpp: rosidl_typesupport_introspection_cpp;rosidl_typesupport_fastrtps_cpp
[1.935s] -- Found PythonInterp: /usr/bin/python3 (found suitable version "3.8.10", minimum required is "3.5") 
[1.935s] -- Found python_cmake_module: 0.8.1 (/home/danielh/ros2_galactic/install/python_cmake_module/share/python_cmake_module/cmake)
[2.085s] -- Using PYTHON_EXECUTABLE: /usr/bin/python3
[2.086s] -- Using PYTHON_INCLUDE_DIRS: /usr/include/python3.8
[2.086s] -- Using PYTHON_LIBRARIES: /usr/lib/x86_64-linux-gnu/libpython3.8.so
[2.381s] -- Found ament_lint_auto: 0.10.6 (/home/danielh/ros2_galactic/install/ament_lint_auto/share/ament_lint_auto/cmake)
[2.388s] -- Added test 'copyright' to check source files copyright and LICENSE
[2.389s] -- Added test 'lint_cmake' to check CMake code style
[2.390s] -- Added test 'xmllint' to check XML markup files
[2.393s] -- Configuring done
[2.415s] -- Generating done
[2.417s] -- Build files have been written to: /home/danielh/mas418_ros2_ws/build/crane_interfaces
[2.448s] [  3%] [34m[1mGenerating C code for ROS interfaces[0m
[2.464s] [  6%] [34m[1mGenerating C++ code for ROS interfaces[0m
[2.782s] [35m[1mScanning dependencies of target crane_interfaces__rosidl_generator_c[0m
[2.796s] [  6%] Built target crane_interfaces__cpp
[2.797s] [  9%] [32mBuilding C object CMakeFiles/crane_interfaces__rosidl_generator_c.dir/rosidl_generator_c/crane_interfaces/msg/detail/motion_reference__functions.c.o[0m
[2.812s] [ 19%] [34m[1mGenerating C++ type support for eProsima Fast-RTPS[0m
[2.812s] [ 19%] [34m[1mGenerating C++ type support dispatch for ROS interfaces[0m
[2.812s] [ 19%] [34m[1mGenerating C++ introspection for ROS interfaces[0m
[2.837s] [ 22%] [32m[1mLinking C shared library libcrane_interfaces__rosidl_generator_c.so[0m
[2.878s] [ 22%] Built target crane_interfaces__rosidl_generator_c
[2.893s] [ 29%] [34m[1mGenerating C introspection for ROS interfaces[0m
[2.894s] [ 29%] [34m[1mGenerating C type support dispatch for ROS interfaces[0m
[3.127s] [35m[1mScanning dependencies of target crane_interfaces__rosidl_typesupport_cpp[0m
[3.144s] [ 32%] [32mBuilding CXX object CMakeFiles/crane_interfaces__rosidl_typesupport_cpp.dir/rosidl_typesupport_cpp/crane_interfaces/msg/motion_reference__type_support.cpp.o[0m
[3.150s] [35m[1mScanning dependencies of target crane_interfaces__rosidl_typesupport_introspection_cpp[0m
[3.159s] [35m[1mScanning dependencies of target crane_interfaces__rosidl_typesupport_fastrtps_cpp[0m
[3.169s] [ 35%] [32mBuilding CXX object CMakeFiles/crane_interfaces__rosidl_typesupport_introspection_cpp.dir/rosidl_typesupport_introspection_cpp/crane_interfaces/msg/detail/motion_reference__type_support.cpp.o[0m
[3.177s] [ 38%] [32mBuilding CXX object CMakeFiles/crane_interfaces__rosidl_typesupport_fastrtps_cpp.dir/rosidl_typesupport_fastrtps_cpp/crane_interfaces/msg/detail/dds_fastrtps/motion_reference__type_support.cpp.o[0m
[3.216s] [35m[1mScanning dependencies of target crane_interfaces__rosidl_typesupport_c[0m
[3.234s] [ 41%] [32mBuilding CXX object CMakeFiles/crane_interfaces__rosidl_typesupport_c.dir/rosidl_typesupport_c/crane_interfaces/msg/motion_reference__type_support.cpp.o[0m
[3.237s] [35m[1mScanning dependencies of target crane_interfaces__rosidl_typesupport_introspection_c[0m
[3.255s] [ 45%] [32mBuilding C object CMakeFiles/crane_interfaces__rosidl_typesupport_introspection_c.dir/rosidl_typesupport_introspection_c/crane_interfaces/msg/detail/motion_reference__type_support.c.o[0m
[3.268s] [ 48%] [32m[1mLinking CXX shared library libcrane_interfaces__rosidl_typesupport_c.so[0m
[3.291s] [ 51%] [32m[1mLinking C shared library libcrane_interfaces__rosidl_typesupport_introspection_c.so[0m
[3.316s] [ 51%] Built target crane_interfaces__rosidl_typesupport_c
[3.330s] [ 51%] Built target crane_interfaces__rosidl_typesupport_introspection_c
[3.366s] [ 54%] [32m[1mLinking CXX shared library libcrane_interfaces__rosidl_typesupport_cpp.so[0m
[3.391s] [ 58%] [32m[1mLinking CXX shared library libcrane_interfaces__rosidl_typesupport_introspection_cpp.so[0m
[3.411s] [ 58%] Built target crane_interfaces__rosidl_typesupport_cpp
[3.437s] [ 58%] Built target crane_interfaces__rosidl_typesupport_introspection_cpp
[3.490s] [ 61%] [32m[1mLinking CXX shared library libcrane_interfaces__rosidl_typesupport_fastrtps_cpp.so[0m
[3.562s] [ 61%] Built target crane_interfaces__rosidl_typesupport_fastrtps_cpp
[3.577s] [ 64%] [34m[1mGenerating C type support for eProsima Fast-RTPS[0m
[3.905s] [35m[1mScanning dependencies of target crane_interfaces__rosidl_typesupport_fastrtps_c[0m
[3.922s] [ 67%] [32mBuilding CXX object CMakeFiles/crane_interfaces__rosidl_typesupport_fastrtps_c.dir/rosidl_typesupport_fastrtps_c/crane_interfaces/msg/detail/motion_reference__type_support_c.cpp.o[0m
[4.178s] [ 70%] [32m[1mLinking CXX shared library libcrane_interfaces__rosidl_typesupport_fastrtps_c.so[0m
[4.248s] [ 70%] Built target crane_interfaces__rosidl_typesupport_fastrtps_c
[4.277s] [ 70%] Built target crane_interfaces
[4.307s] [ 74%] [34m[1mGenerating Python code for ROS interfaces[0m
[4.745s] [ 74%] Built target crane_interfaces__py
[4.761s] [35m[1mScanning dependencies of target crane_interfaces__python[0m
[4.779s] [ 77%] [32mBuilding C object CMakeFiles/crane_interfaces__python.dir/rosidl_generator_py/crane_interfaces/msg/_motion_reference_s.c.o[0m
[4.850s] [ 80%] [32m[1mLinking C shared library rosidl_generator_py/crane_interfaces/libcrane_interfaces__python.so[0m
[4.892s] [ 80%] Built target crane_interfaces__python
[4.909s] [35m[1mScanning dependencies of target crane_interfaces__rosidl_typesupport_c__pyext[0m
[4.909s] [35m[1mScanning dependencies of target crane_interfaces__rosidl_typesupport_fastrtps_c__pyext[0m
[4.910s] [35m[1mScanning dependencies of target crane_interfaces__rosidl_typesupport_introspection_c__pyext[0m
[4.929s] [ 90%] [32mBuilding C object CMakeFiles/crane_interfaces__rosidl_typesupport_fastrtps_c__pyext.dir/rosidl_generator_py/crane_interfaces/_crane_interfaces_s.ep.rosidl_typesupport_fastrtps_c.c.o[0m
[4.929s] [ 90%] [32mBuilding C object CMakeFiles/crane_interfaces__rosidl_typesupport_introspection_c__pyext.dir/rosidl_generator_py/crane_interfaces/_crane_interfaces_s.ep.rosidl_typesupport_introspection_c.c.o[0m
[4.929s] [ 90%] [32mBuilding C object CMakeFiles/crane_interfaces__rosidl_typesupport_c__pyext.dir/rosidl_generator_py/crane_interfaces/_crane_interfaces_s.ep.rosidl_typesupport_c.c.o[0m
[5.000s] [ 96%] [32m[1mLinking C shared library rosidl_generator_py/crane_interfaces/crane_interfaces_s__rosidl_typesupport_c.cpython-38-x86_64-linux-gnu.so[0m
[5.000s] [ 96%] [32m[1mLinking C shared library rosidl_generator_py/crane_interfaces/crane_interfaces_s__rosidl_typesupport_introspection_c.cpython-38-x86_64-linux-gnu.so[0m
[5.006s] [100%] [32m[1mLinking CXX shared library rosidl_generator_py/crane_interfaces/crane_interfaces_s__rosidl_typesupport_fastrtps_c.cpython-38-x86_64-linux-gnu.so[0m
[5.041s] [100%] Built target crane_interfaces__rosidl_typesupport_introspection_c__pyext
[5.041s] [100%] Built target crane_interfaces__rosidl_typesupport_c__pyext
[5.066s] [100%] Built target crane_interfaces__rosidl_typesupport_fastrtps_c__pyext
[5.080s] Invoked command in '/home/danielh/mas418_ros2_ws/build/crane_interfaces' returned '0': CMAKE_PREFIX_PATH=${CMAKE_PREFIX_PATH}:/home/danielh/ros2_galactic/install/rqt_bag_plugins:/home/danielh/ros2_galactic/install/rqt_bag:/home/danielh/ros2_galactic/install/ros2bag:/home/danielh/ros2_galactic/install/tracetools_launch:/home/danielh/ros2_galactic/install/topic_monitor:/home/danielh/ros2_galactic/install/tf2_tools:/home/danielh/ros2_galactic/install/examples_tf2_py:/home/danielh/ros2_galactic/install/tf2_ros_py:/home/danielh/ros2_galactic/install/sros2:/home/danielh/ros2_galactic/install/rqt_topic:/home/danielh/ros2_galactic/install/rqt_top:/home/danielh/ros2_galactic/install/rqt_srv:/home/danielh/ros2_galactic/install/rqt_shell:/home/danielh/ros2_galactic/install/rqt_service_caller:/home/danielh/ros2_galactic/install/rqt_reconfigure:/home/danielh/ros2_galactic/install/rqt_py_console:/home/danielh/ros2_galactic/install/rqt_publisher:/home/danielh/ros2_galactic/install/rqt_plot:/home/danielh/ros2_galactic/install/rqt_action:/home/danielh/ros2_galactic/install/rqt_msg:/home/danielh/ros2_galactic/install/rqt_console:/home/danielh/ros2_galactic/install/rqt:/home/danielh/ros2_galactic/install/rqt_graph:/home/danielh/ros2_galactic/install/rqt_gui_py:/home/danielh/ros2_galactic/install/rqt_gui:/home/danielh/ros2_galactic/install/ros2trace:/home/danielh/ros2_galactic/install/ros2topic:/home/danielh/ros2_galactic/install/ros2test:/home/danielh/ros2_galactic/install/ros2component:/home/danielh/ros2_galactic/install/ros2param:/home/danielh/ros2_galactic/install/ros2lifecycle:/home/danielh/ros2_galactic/install/ros2service:/home/danielh/ros2_galactic/install/ros2run:/home/danielh/ros2_galactic/install/ros2launch:/home/danielh/ros2_galactic/install/ros2pkg:/home/danielh/ros2_galactic/install/ros2node:/home/danielh/ros2_galactic/install/ros2multicast:/home/danielh/ros2_galactic/install/ros2interface:/home/danielh/ros2_galactic/install/ros2doctor:/home/danielh/ros2_galactic/install/ros2action:/home/danielh/ros2_galactic/install/ros2cli:/home/danielh/ros2_galactic/install/quality_of_service_demo_py:/home/danielh/ros2_galactic/install/launch_testing_ros:/home/danielh/ros2_galactic/install/launch_ros:/home/danielh/ros2_galactic/install/joint_state_publisher_gui:/home/danielh/ros2_galactic/install/joint_state_publisher:/home/danielh/ros2_galactic/install/examples_rclpy_pointcloud_publisher:/home/danielh/ros2_galactic/install/examples_rclpy_minimal_subscriber:/home/danielh/ros2_galactic/install/examples_rclpy_minimal_service:/home/danielh/ros2_galactic/install/examples_rclpy_minimal_publisher:/home/danielh/ros2_galactic/install/examples_rclpy_minimal_client:/home/danielh/ros2_galactic/install/examples_rclpy_minimal_action_server:/home/danielh/ros2_galactic/install/examples_rclpy_minimal_action_client:/home/danielh/ros2_galactic/install/examples_rclpy_guard_conditions:/home/danielh/ros2_galactic/install/examples_rclpy_executors:/home/danielh/ros2_galactic/install/demo_nodes_py:/home/danielh/ros2_galactic/install/action_tutorials_py:/home/danielh/ros2_galactic/install/ament_uncrustify:/home/danielh/ros2_galactic/install/tracetools_trace:/home/danielh/ros2_galactic/install/tracetools_read:/home/danielh/ros2_galactic/install/test_launch_ros:/home/danielh/ros2_galactic/install/sensor_msgs_py:/home/danielh/ros2_galactic/install/rpyutils:/home/danielh/ros2_galactic/install/rosidl_runtime_py:/home/danielh/ros2_galactic/install/rosidl_cli:/home/danielh/ros2_galactic/install/launch_yaml:/home/danielh/ros2_galactic/install/launch_xml:/home/danielh/ros2_galactic/install/launch_testing:/home/danielh/ros2_galactic/install/launch:/home/danielh/ros2_galactic/install/osrf_pycommon:/home/danielh/ros2_galactic/install/domain_coordinator:/home/danielh/ros2_galactic/install/ament_xmllint:/home/danielh/ros2_galactic/install/ament_pyflakes:/home/danielh/ros2_galactic/install/ament_pycodestyle:/home/danielh/ros2_galactic/install/ament_pep257:/home/danielh/ros2_galactic/install/ament_pclint:/home/danielh/ros2_galactic/install/ament_package:/home/danielh/ros2_galactic/install/ament_mypy:/home/danielh/ros2_galactic/install/ament_lint_cmake:/home/danielh/ros2_galactic/install/ament_flake8:/home/danielh/ros2_galactic/install/ament_copyright:/home/danielh/ros2_galactic/install/ament_lint:/home/danielh/ros2_galactic/install/ament_index_python:/home/danielh/ros2_galactic/install/ament_cpplint:/home/danielh/ros2_galactic/install/ament_cppcheck:/home/danielh/ros2_galactic/install/ament_clang_tidy:/home/danielh/ros2_galactic/install/ament_clang_format /usr/bin/cmake --build /home/danielh/mas418_ros2_ws/build/crane_interfaces -- -j12 -l12
[5.197s] Invoking command in '/home/danielh/mas418_ros2_ws/build/crane_interfaces': CMAKE_PREFIX_PATH=${CMAKE_PREFIX_PATH}:/home/danielh/ros2_galactic/install/rqt_bag_plugins:/home/danielh/ros2_galactic/install/rqt_bag:/home/danielh/ros2_galactic/install/ros2bag:/home/danielh/ros2_galactic/install/tracetools_launch:/home/danielh/ros2_galactic/install/topic_monitor:/home/danielh/ros2_galactic/install/tf2_tools:/home/danielh/ros2_galactic/install/examples_tf2_py:/home/danielh/ros2_galactic/install/tf2_ros_py:/home/danielh/ros2_galactic/install/sros2:/home/danielh/ros2_galactic/install/rqt_topic:/home/danielh/ros2_galactic/install/rqt_top:/home/danielh/ros2_galactic/install/rqt_srv:/home/danielh/ros2_galactic/install/rqt_shell:/home/danielh/ros2_galactic/install/rqt_service_caller:/home/danielh/ros2_galactic/install/rqt_reconfigure:/home/danielh/ros2_galactic/install/rqt_py_console:/home/danielh/ros2_galactic/install/rqt_publisher:/home/danielh/ros2_galactic/install/rqt_plot:/home/danielh/ros2_galactic/install/rqt_action:/home/danielh/ros2_galactic/install/rqt_msg:/home/danielh/ros2_galactic/install/rqt_console:/home/danielh/ros2_galactic/install/rqt:/home/danielh/ros2_galactic/install/rqt_graph:/home/danielh/ros2_galactic/install/rqt_gui_py:/home/danielh/ros2_galactic/install/rqt_gui:/home/danielh/ros2_galactic/install/ros2trace:/home/danielh/ros2_galactic/install/ros2topic:/home/danielh/ros2_galactic/install/ros2test:/home/danielh/ros2_galactic/install/ros2component:/home/danielh/ros2_galactic/install/ros2param:/home/danielh/ros2_galactic/install/ros2lifecycle:/home/danielh/ros2_galactic/install/ros2service:/home/danielh/ros2_galactic/install/ros2run:/home/danielh/ros2_galactic/install/ros2launch:/home/danielh/ros2_galactic/install/ros2pkg:/home/danielh/ros2_galactic/install/ros2node:/home/danielh/ros2_galactic/install/ros2multicast:/home/danielh/ros2_galactic/install/ros2interface:/home/danielh/ros2_galactic/install/ros2doctor:/home/danielh/ros2_galactic/install/ros2action:/home/danielh/ros2_galactic/install/ros2cli:/home/danielh/ros2_galactic/install/quality_of_service_demo_py:/home/danielh/ros2_galactic/install/launch_testing_ros:/home/danielh/ros2_galactic/install/launch_ros:/home/danielh/ros2_galactic/install/joint_state_publisher_gui:/home/danielh/ros2_galactic/install/joint_state_publisher:/home/danielh/ros2_galactic/install/examples_rclpy_pointcloud_publisher:/home/danielh/ros2_galactic/install/examples_rclpy_minimal_subscriber:/home/danielh/ros2_galactic/install/examples_rclpy_minimal_service:/home/danielh/ros2_galactic/install/examples_rclpy_minimal_publisher:/home/danielh/ros2_galactic/install/examples_rclpy_minimal_client:/home/danielh/ros2_galactic/install/examples_rclpy_minimal_action_server:/home/danielh/ros2_galactic/install/examples_rclpy_minimal_action_client:/home/danielh/ros2_galactic/install/examples_rclpy_guard_conditions:/home/danielh/ros2_galactic/install/examples_rclpy_executors:/home/danielh/ros2_galactic/install/demo_nodes_py:/home/danielh/ros2_galactic/install/action_tutorials_py:/home/danielh/ros2_galactic/install/ament_uncrustify:/home/danielh/ros2_galactic/install/tracetools_trace:/home/danielh/ros2_galactic/install/tracetools_read:/home/danielh/ros2_galactic/install/test_launch_ros:/home/danielh/ros2_galactic/install/sensor_msgs_py:/home/danielh/ros2_galactic/install/rpyutils:/home/danielh/ros2_galactic/install/rosidl_runtime_py:/home/danielh/ros2_galactic/install/rosidl_cli:/home/danielh/ros2_galactic/install/launch_yaml:/home/danielh/ros2_galactic/install/launch_xml:/home/danielh/ros2_galactic/install/launch_testing:/home/danielh/ros2_galactic/install/launch:/home/danielh/ros2_galactic/install/osrf_pycommon:/home/danielh/ros2_galactic/install/domain_coordinator:/home/danielh/ros2_galactic/install/ament_xmllint:/home/danielh/ros2_galactic/install/ament_pyflakes:/home/danielh/ros2_galactic/install/ament_pycodestyle:/home/danielh/ros2_galactic/install/ament_pep257:/home/danielh/ros2_galactic/install/ament_pclint:/home/danielh/ros2_galactic/install/ament_package:/home/danielh/ros2_galactic/install/ament_mypy:/home/danielh/ros2_galactic/install/ament_lint_cmake:/home/danielh/ros2_galactic/install/ament_flake8:/home/danielh/ros2_galactic/install/ament_copyright:/home/danielh/ros2_galactic/install/ament_lint:/home/danielh/ros2_galactic/install/ament_index_python:/home/danielh/ros2_galactic/install/ament_cpplint:/home/danielh/ros2_galactic/install/ament_cppcheck:/home/danielh/ros2_galactic/install/ament_clang_tidy:/home/danielh/ros2_galactic/install/ament_clang_format /usr/bin/cmake --install /home/danielh/mas418_ros2_ws/build/crane_interfaces
[5.209s] -- Install configuration: ""
[5.209s] -- Up-to-date: /home/danielh/mas418_ros2_ws/install/crane_interfaces/share/ament_index/resource_index/rosidl_interfaces/crane_interfaces
[5.209s] -- Up-to-date: /home/danielh/mas418_ros2_ws/install/crane_interfaces/include/crane_interfaces
[5.209s] -- Up-to-date: /home/danielh/mas418_ros2_ws/install/crane_interfaces/include/crane_interfaces/msg
[5.210s] -- Up-to-date: /home/danielh/mas418_ros2_ws/install/crane_interfaces/include/crane_interfaces/msg/detail
[5.210s] -- Installing: /home/danielh/mas418_ros2_ws/install/crane_interfaces/include/crane_interfaces/msg/detail/motion_reference__functions.c
[5.210s] -- Installing: /home/danielh/mas418_ros2_ws/install/crane_interfaces/include/crane_interfaces/msg/detail/motion_reference__struct.h
[5.210s] -- Installing: /home/danielh/mas418_ros2_ws/install/crane_interfaces/include/crane_interfaces/msg/detail/motion_reference__type_support.h
[5.210s] -- Installing: /home/danielh/mas418_ros2_ws/install/crane_interfaces/include/crane_interfaces/msg/detail/motion_reference__functions.h
[5.210s] -- Installing: /home/danielh/mas418_ros2_ws/install/crane_interfaces/include/crane_interfaces/msg/motion_reference.h
[5.210s] -- Up-to-date: /home/danielh/mas418_ros2_ws/install/crane_interfaces/include/crane_interfaces/msg/rosidl_generator_c__visibility_control.h
[5.210s] -- Up-to-date: /home/danielh/mas418_ros2_ws/install/crane_interfaces/share/crane_interfaces/environment/library_path.sh
[5.210s] -- Installing: /home/danielh/mas418_ros2_ws/install/crane_interfaces/share/crane_interfaces/environment/library_path.dsv
[5.210s] -- Installing: /home/danielh/mas418_ros2_ws/install/crane_interfaces/lib/libcrane_interfaces__rosidl_generator_c.so
[5.210s] -- Set runtime path of "/home/danielh/mas418_ros2_ws/install/crane_interfaces/lib/libcrane_interfaces__rosidl_generator_c.so" to ""
[5.210s] -- Up-to-date: /home/danielh/mas418_ros2_ws/install/crane_interfaces/include/crane_interfaces
[5.210s] -- Up-to-date: /home/danielh/mas418_ros2_ws/install/crane_interfaces/include/crane_interfaces/msg
[5.210s] -- Up-to-date: /home/danielh/mas418_ros2_ws/install/crane_interfaces/include/crane_interfaces/msg/detail
[5.210s] -- Installing: /home/danielh/mas418_ros2_ws/install/crane_interfaces/include/crane_interfaces/msg/detail/motion_reference__rosidl_typesupport_introspection_c.h
[5.210s] -- Installing: /home/danielh/mas418_ros2_ws/install/crane_interfaces/include/crane_interfaces/msg/detail/motion_reference__type_support.c
[5.211s] -- Up-to-date: /home/danielh/mas418_ros2_ws/install/crane_interfaces/include/crane_interfaces/msg/rosidl_typesupport_introspection_c__visibility_control.h
[5.211s] -- Installing: /home/danielh/mas418_ros2_ws/install/crane_interfaces/lib/libcrane_interfaces__rosidl_typesupport_introspection_c.so
[5.211s] -- Set runtime path of "/home/danielh/mas418_ros2_ws/install/crane_interfaces/lib/libcrane_interfaces__rosidl_typesupport_introspection_c.so" to ""
[5.211s] -- Up-to-date: /home/danielh/mas418_ros2_ws/install/crane_interfaces/include/crane_interfaces
[5.211s] -- Up-to-date: /home/danielh/mas418_ros2_ws/install/crane_interfaces/include/crane_interfaces/msg
[5.211s] -- Up-to-date: /home/danielh/mas418_ros2_ws/install/crane_interfaces/include/crane_interfaces/msg/detail
[5.211s] -- Installing: /home/danielh/mas418_ros2_ws/install/crane_interfaces/include/crane_interfaces/msg/detail/motion_reference__rosidl_typesupport_fastrtps_c.h
[5.211s] -- Up-to-date: /home/danielh/mas418_ros2_ws/install/crane_interfaces/include/crane_interfaces/msg/rosidl_typesupport_fastrtps_c__visibility_control.h
[5.211s] -- Installing: /home/danielh/mas418_ros2_ws/install/crane_interfaces/lib/libcrane_interfaces__rosidl_typesupport_fastrtps_c.so
[5.212s] -- Set runtime path of "/home/danielh/mas418_ros2_ws/install/crane_interfaces/lib/libcrane_interfaces__rosidl_typesupport_fastrtps_c.so" to ""
[5.212s] -- Up-to-date: /home/danielh/mas418_ros2_ws/install/crane_interfaces/include/crane_interfaces
[5.212s] -- Up-to-date: /home/danielh/mas418_ros2_ws/install/crane_interfaces/include/crane_interfaces/msg
[5.212s] -- Up-to-date: /home/danielh/mas418_ros2_ws/install/crane_interfaces/include/crane_interfaces/msg/detail
[5.212s] -- Up-to-date: /home/danielh/mas418_ros2_ws/install/crane_interfaces/include/crane_interfaces/msg/detail/dds_fastrtps
[5.212s] -- Installing: /home/danielh/mas418_ros2_ws/install/crane_interfaces/include/crane_interfaces/msg/detail/motion_reference__rosidl_typesupport_fastrtps_cpp.hpp
[5.212s] -- Up-to-date: /home/danielh/mas418_ros2_ws/install/crane_interfaces/include/crane_interfaces/msg/rosidl_typesupport_fastrtps_cpp__visibility_control.h
[5.212s] -- Installing: /home/danielh/mas418_ros2_ws/install/crane_interfaces/lib/libcrane_interfaces__rosidl_typesupport_fastrtps_cpp.so
[5.212s] -- Set runtime path of "/home/danielh/mas418_ros2_ws/install/crane_interfaces/lib/libcrane_interfaces__rosidl_typesupport_fastrtps_cpp.so" to ""
[5.212s] -- Installing: /home/danielh/mas418_ros2_ws/install/crane_interfaces/lib/libcrane_interfaces__rosidl_typesupport_c.so
[5.213s] -- Set runtime path of "/home/danielh/mas418_ros2_ws/install/crane_interfaces/lib/libcrane_interfaces__rosidl_typesupport_c.so" to ""
[5.213s] -- Up-to-date: /home/danielh/mas418_ros2_ws/install/crane_interfaces/include/crane_interfaces
[5.213s] -- Up-to-date: /home/danielh/mas418_ros2_ws/install/crane_interfaces/include/crane_interfaces/msg
[5.213s] -- Up-to-date: /home/danielh/mas418_ros2_ws/install/crane_interfaces/include/crane_interfaces/msg/detail
[5.213s] -- Installing: /home/danielh/mas418_ros2_ws/install/crane_interfaces/include/crane_interfaces/msg/detail/motion_reference__builder.hpp
[5.213s] -- Installing: /home/danielh/mas418_ros2_ws/install/crane_interfaces/include/crane_interfaces/msg/detail/motion_reference__struct.hpp
[5.213s] -- Installing: /home/danielh/mas418_ros2_ws/install/crane_interfaces/include/crane_interfaces/msg/detail/motion_reference__traits.hpp
[5.213s] -- Installing: /home/danielh/mas418_ros2_ws/install/crane_interfaces/include/crane_interfaces/msg/motion_reference.hpp
[5.213s] -- Up-to-date: /home/danielh/mas418_ros2_ws/install/crane_interfaces/include/crane_interfaces
[5.213s] -- Up-to-date: /home/danielh/mas418_ros2_ws/install/crane_interfaces/include/crane_interfaces/msg
[5.213s] -- Up-to-date: /home/danielh/mas418_ros2_ws/install/crane_interfaces/include/crane_interfaces/msg/detail
[5.213s] -- Installing: /home/danielh/mas418_ros2_ws/install/crane_interfaces/include/crane_interfaces/msg/detail/motion_reference__rosidl_typesupport_introspection_cpp.hpp
[5.213s] -- Installing: /home/danielh/mas418_ros2_ws/install/crane_interfaces/include/crane_interfaces/msg/detail/motion_reference__type_support.cpp
[5.213s] -- Installing: /home/danielh/mas418_ros2_ws/install/crane_interfaces/lib/libcrane_interfaces__rosidl_typesupport_introspection_cpp.so
[5.214s] -- Set runtime path of "/home/danielh/mas418_ros2_ws/install/crane_interfaces/lib/libcrane_interfaces__rosidl_typesupport_introspection_cpp.so" to ""
[5.214s] -- Installing: /home/danielh/mas418_ros2_ws/install/crane_interfaces/lib/libcrane_interfaces__rosidl_typesupport_cpp.so
[5.214s] -- Set runtime path of "/home/danielh/mas418_ros2_ws/install/crane_interfaces/lib/libcrane_interfaces__rosidl_typesupport_cpp.so" to ""
[5.214s] -- Up-to-date: /home/danielh/mas418_ros2_ws/install/crane_interfaces/share/crane_interfaces/environment/pythonpath.sh
[5.214s] -- Installing: /home/danielh/mas418_ros2_ws/install/crane_interfaces/share/crane_interfaces/environment/pythonpath.dsv
[5.214s] -- Installing: /home/danielh/mas418_ros2_ws/install/crane_interfaces/lib/python3.8/site-packages/crane_interfaces/__init__.py
[5.386s] Compiling '/home/danielh/mas418_ros2_ws/install/crane_interfaces/lib/python3.8/site-packages/crane_interfaces/__init__.py'...
[5.389s] -- Up-to-date: /home/danielh/mas418_ros2_ws/install/crane_interfaces/lib/python3.8/site-packages/crane_interfaces/msg
[5.389s] -- Installing: /home/danielh/mas418_ros2_ws/install/crane_interfaces/lib/python3.8/site-packages/crane_interfaces/msg/_motion_reference.py
[5.389s] -- Installing: /home/danielh/mas418_ros2_ws/install/crane_interfaces/lib/python3.8/site-packages/crane_interfaces/msg/__init__.py
[5.389s] -- Installing: /home/danielh/mas418_ros2_ws/install/crane_interfaces/lib/python3.8/site-packages/crane_interfaces/msg/_motion_reference_s.c
[5.389s] -- Installing: /home/danielh/mas418_ros2_ws/install/crane_interfaces/lib/python3.8/site-packages/crane_interfaces/crane_interfaces_s__rosidl_typesupport_introspection_c.cpython-38-x86_64-linux-gnu.so
[5.390s] -- Set runtime path of "/home/danielh/mas418_ros2_ws/install/crane_interfaces/lib/python3.8/site-packages/crane_interfaces/crane_interfaces_s__rosidl_typesupport_introspection_c.cpython-38-x86_64-linux-gnu.so" to ""
[5.390s] -- Installing: /home/danielh/mas418_ros2_ws/install/crane_interfaces/lib/python3.8/site-packages/crane_interfaces/crane_interfaces_s__rosidl_typesupport_fastrtps_c.cpython-38-x86_64-linux-gnu.so
[5.390s] -- Set runtime path of "/home/danielh/mas418_ros2_ws/install/crane_interfaces/lib/python3.8/site-packages/crane_interfaces/crane_interfaces_s__rosidl_typesupport_fastrtps_c.cpython-38-x86_64-linux-gnu.so" to ""
[5.391s] -- Installing: /home/danielh/mas418_ros2_ws/install/crane_interfaces/lib/python3.8/site-packages/crane_interfaces/crane_interfaces_s__rosidl_typesupport_c.cpython-38-x86_64-linux-gnu.so
[5.391s] -- Set runtime path of "/home/danielh/mas418_ros2_ws/install/crane_interfaces/lib/python3.8/site-packages/crane_interfaces/crane_interfaces_s__rosidl_typesupport_c.cpython-38-x86_64-linux-gnu.so" to ""
[5.391s] -- Installing: /home/danielh/mas418_ros2_ws/install/crane_interfaces/lib/libcrane_interfaces__python.so
[5.391s] -- Set runtime path of "/home/danielh/mas418_ros2_ws/install/crane_interfaces/lib/libcrane_interfaces__python.so" to ""
[5.392s] -- Installing: /home/danielh/mas418_ros2_ws/install/crane_interfaces/share/crane_interfaces/msg/MotionReference.idl
[5.392s] -- Installing: /home/danielh/mas418_ros2_ws/install/crane_interfaces/share/crane_interfaces/msg/MotionReference.msg
[5.392s] -- Up-to-date: /home/danielh/mas418_ros2_ws/install/crane_interfaces/share/ament_index/resource_index/package_run_dependencies/crane_interfaces
[5.392s] -- Installing: /home/danielh/mas418_ros2_ws/install/crane_interfaces/share/ament_index/resource_index/parent_prefix_path/crane_interfaces
[5.392s] -- Installing: /home/danielh/mas418_ros2_ws/install/crane_interfaces/share/crane_interfaces/environment/ament_prefix_path.dsv
[5.392s] -- Installing: /home/danielh/mas418_ros2_ws/install/crane_interfaces/share/crane_interfaces/environment/path.dsv
[5.392s] -- Up-to-date: /home/danielh/mas418_ros2_ws/install/crane_interfaces/share/crane_interfaces/local_setup.bash
[5.392s] -- Up-to-date: /home/danielh/mas418_ros2_ws/install/crane_interfaces/share/crane_interfaces/local_setup.sh
[5.392s] -- Up-to-date: /home/danielh/mas418_ros2_ws/install/crane_interfaces/share/crane_interfaces/local_setup.zsh
[5.392s] -- Installing: /home/danielh/mas418_ros2_ws/install/crane_interfaces/share/crane_interfaces/local_setup.dsv
[5.393s] -- Installing: /home/danielh/mas418_ros2_ws/install/crane_interfaces/share/crane_interfaces/package.dsv
[5.393s] -- Up-to-date: /home/danielh/mas418_ros2_ws/install/crane_interfaces/share/ament_index/resource_index/packages/crane_interfaces
[5.393s] -- Up-to-date: /home/danielh/mas418_ros2_ws/install/crane_interfaces/share/crane_interfaces/cmake/crane_interfaces__rosidl_generator_cExport.cmake
[5.393s] -- Installing: /home/danielh/mas418_ros2_ws/install/crane_interfaces/share/crane_interfaces/cmake/crane_interfaces__rosidl_generator_cExport-noconfig.cmake
[5.393s] -- Up-to-date: /home/danielh/mas418_ros2_ws/install/crane_interfaces/share/crane_interfaces/cmake/crane_interfaces__rosidl_typesupport_introspection_cExport.cmake
[5.393s] -- Installing: /home/danielh/mas418_ros2_ws/install/crane_interfaces/share/crane_interfaces/cmake/crane_interfaces__rosidl_typesupport_introspection_cExport-noconfig.cmake
[5.393s] -- Up-to-date: /home/danielh/mas418_ros2_ws/install/crane_interfaces/share/crane_interfaces/cmake/crane_interfaces__rosidl_typesupport_cExport.cmake
[5.393s] -- Installing: /home/danielh/mas418_ros2_ws/install/crane_interfaces/share/crane_interfaces/cmake/crane_interfaces__rosidl_typesupport_cExport-noconfig.cmake
[5.393s] -- Up-to-date: /home/danielh/mas418_ros2_ws/install/crane_interfaces/share/crane_interfaces/cmake/crane_interfaces__rosidl_generator_cppExport.cmake
[5.393s] -- Up-to-date: /home/danielh/mas418_ros2_ws/install/crane_interfaces/share/crane_interfaces/cmake/crane_interfaces__rosidl_typesupport_introspection_cppExport.cmake
[5.393s] -- Installing: /home/danielh/mas418_ros2_ws/install/crane_interfaces/share/crane_interfaces/cmake/crane_interfaces__rosidl_typesupport_introspection_cppExport-noconfig.cmake
[5.394s] -- Up-to-date: /home/danielh/mas418_ros2_ws/install/crane_interfaces/share/crane_interfaces/cmake/crane_interfaces__rosidl_typesupport_cppExport.cmake
[5.394s] -- Installing: /home/danielh/mas418_ros2_ws/install/crane_interfaces/share/crane_interfaces/cmake/crane_interfaces__rosidl_typesupport_cppExport-noconfig.cmake
[5.394s] -- Up-to-date: /home/danielh/mas418_ros2_ws/install/crane_interfaces/share/crane_interfaces/cmake/rosidl_cmake-extras.cmake
[5.394s] -- Up-to-date: /home/danielh/mas418_ros2_ws/install/crane_interfaces/share/crane_interfaces/cmake/ament_cmake_export_dependencies-extras.cmake
[5.394s] -- Up-to-date: /home/danielh/mas418_ros2_ws/install/crane_interfaces/share/crane_interfaces/cmake/ament_cmake_export_libraries-extras.cmake
[5.394s] -- Up-to-date: /home/danielh/mas418_ros2_ws/install/crane_interfaces/share/crane_interfaces/cmake/ament_cmake_export_targets-extras.cmake
[5.394s] -- Up-to-date: /home/danielh/mas418_ros2_ws/install/crane_interfaces/share/crane_interfaces/cmake/ament_cmake_export_include_directories-extras.cmake
[5.394s] -- Up-to-date: /home/danielh/mas418_ros2_ws/install/crane_interfaces/share/crane_interfaces/cmake/rosidl_cmake_export_typesupport_targets-extras.cmake
[5.394s] -- Up-to-date: /home/danielh/mas418_ros2_ws/install/crane_interfaces/share/crane_interfaces/cmake/rosidl_cmake_export_typesupport_libraries-extras.cmake
[5.394s] -- Up-to-date: /home/danielh/mas418_ros2_ws/install/crane_interfaces/share/crane_interfaces/cmake/crane_interfacesConfig.cmake
[5.394s] -- Up-to-date: /home/danielh/mas418_ros2_ws/install/crane_interfaces/share/crane_interfaces/cmake/crane_interfacesConfig-version.cmake
[5.394s] -- Up-to-date: /home/danielh/mas418_ros2_ws/install/crane_interfaces/share/crane_interfaces/package.xml
[5.396s] Invoked command in '/home/danielh/mas418_ros2_ws/build/crane_interfaces' returned '0': CMAKE_PREFIX_PATH=${CMAKE_PREFIX_PATH}:/home/danielh/ros2_galactic/install/rqt_bag_plugins:/home/danielh/ros2_galactic/install/rqt_bag:/home/danielh/ros2_galactic/install/ros2bag:/home/danielh/ros2_galactic/install/tracetools_launch:/home/danielh/ros2_galactic/install/topic_monitor:/home/danielh/ros2_galactic/install/tf2_tools:/home/danielh/ros2_galactic/install/examples_tf2_py:/home/danielh/ros2_galactic/install/tf2_ros_py:/home/danielh/ros2_galactic/install/sros2:/home/danielh/ros2_galactic/install/rqt_topic:/home/danielh/ros2_galactic/install/rqt_top:/home/danielh/ros2_galactic/install/rqt_srv:/home/danielh/ros2_galactic/install/rqt_shell:/home/danielh/ros2_galactic/install/rqt_service_caller:/home/danielh/ros2_galactic/install/rqt_reconfigure:/home/danielh/ros2_galactic/install/rqt_py_console:/home/danielh/ros2_galactic/install/rqt_publisher:/home/danielh/ros2_galactic/install/rqt_plot:/home/danielh/ros2_galactic/install/rqt_action:/home/danielh/ros2_galactic/install/rqt_msg:/home/danielh/ros2_galactic/install/rqt_console:/home/danielh/ros2_galactic/install/rqt:/home/danielh/ros2_galactic/install/rqt_graph:/home/danielh/ros2_galactic/install/rqt_gui_py:/home/danielh/ros2_galactic/install/rqt_gui:/home/danielh/ros2_galactic/install/ros2trace:/home/danielh/ros2_galactic/install/ros2topic:/home/danielh/ros2_galactic/install/ros2test:/home/danielh/ros2_galactic/install/ros2component:/home/danielh/ros2_galactic/install/ros2param:/home/danielh/ros2_galactic/install/ros2lifecycle:/home/danielh/ros2_galactic/install/ros2service:/home/danielh/ros2_galactic/install/ros2run:/home/danielh/ros2_galactic/install/ros2launch:/home/danielh/ros2_galactic/install/ros2pkg:/home/danielh/ros2_galactic/install/ros2node:/home/danielh/ros2_galactic/install/ros2multicast:/home/danielh/ros2_galactic/install/ros2interface:/home/danielh/ros2_galactic/install/ros2doctor:/home/danielh/ros2_galactic/install/ros2action:/home/danielh/ros2_galactic/install/ros2cli:/home/danielh/ros2_galactic/install/quality_of_service_demo_py:/home/danielh/ros2_galactic/install/launch_testing_ros:/home/danielh/ros2_galactic/install/launch_ros:/home/danielh/ros2_galactic/install/joint_state_publisher_gui:/home/danielh/ros2_galactic/install/joint_state_publisher:/home/danielh/ros2_galactic/install/examples_rclpy_pointcloud_publisher:/home/danielh/ros2_galactic/install/examples_rclpy_minimal_subscriber:/home/danielh/ros2_galactic/install/examples_rclpy_minimal_service:/home/danielh/ros2_galactic/install/examples_rclpy_minimal_publisher:/home/danielh/ros2_galactic/install/examples_rclpy_minimal_client:/home/danielh/ros2_galactic/install/examples_rclpy_minimal_action_server:/home/danielh/ros2_galactic/install/examples_rclpy_minimal_action_client:/home/danielh/ros2_galactic/install/examples_rclpy_guard_conditions:/home/danielh/ros2_galactic/install/examples_rclpy_executors:/home/danielh/ros2_galactic/install/demo_nodes_py:/home/danielh/ros2_galactic/install/action_tutorials_py:/home/danielh/ros2_galactic/install/ament_uncrustify:/home/danielh/ros2_galactic/install/tracetools_trace:/home/danielh/ros2_galactic/install/tracetools_read:/home/danielh/ros2_galactic/install/test_launch_ros:/home/danielh/ros2_galactic/install/sensor_msgs_py:/home/danielh/ros2_galactic/install/rpyutils:/home/danielh/ros2_galactic/install/rosidl_runtime_py:/home/danielh/ros2_galactic/install/rosidl_cli:/home/danielh/ros2_galactic/install/launch_yaml:/home/danielh/ros2_galactic/install/launch_xml:/home/danielh/ros2_galactic/install/launch_testing:/home/danielh/ros2_galactic/install/launch:/home/danielh/ros2_galactic/install/osrf_pycommon:/home/danielh/ros2_galactic/install/domain_coordinator:/home/danielh/ros2_galactic/install/ament_xmllint:/home/danielh/ros2_galactic/install/ament_pyflakes:/home/danielh/ros2_galactic/install/ament_pycodestyle:/home/danielh/ros2_galactic/install/ament_pep257:/home/danielh/ros2_galactic/install/ament_pclint:/home/danielh/ros2_galactic/install/ament_package:/home/danielh/ros2_galactic/install/ament_mypy:/home/danielh/ros2_galactic/install/ament_lint_cmake:/home/danielh/ros2_galactic/install/ament_flake8:/home/danielh/ros2_galactic/install/ament_copyright:/home/danielh/ros2_galactic/install/ament_lint:/home/danielh/ros2_galactic/install/ament_index_python:/home/danielh/ros2_galactic/install/ament_cpplint:/home/danielh/ros2_galactic/install/ament_cppcheck:/home/danielh/ros2_galactic/install/ament_clang_tidy:/home/danielh/ros2_galactic/install/ament_clang_format /usr/bin/cmake --install /home/danielh/mas418_ros2_ws/build/crane_interfaces
