[0.028s] Invoking command in '/home/danielh/mas418_ros2_ws/build/crane_interfaces': CMAKE_PREFIX_PATH=${CMAKE_PREFIX_PATH}:/home/danielh/ros2_galactic/install/rqt_bag_plugins:/home/danielh/ros2_galactic/install/rqt_bag:/home/danielh/ros2_galactic/install/ros2bag:/home/danielh/ros2_galactic/install/tracetools_launch:/home/danielh/ros2_galactic/install/topic_monitor:/home/danielh/ros2_galactic/install/tf2_tools:/home/danielh/ros2_galactic/install/examples_tf2_py:/home/danielh/ros2_galactic/install/tf2_ros_py:/home/danielh/ros2_galactic/install/sros2:/home/danielh/ros2_galactic/install/rqt_topic:/home/danielh/ros2_galactic/install/rqt_top:/home/danielh/ros2_galactic/install/rqt_srv:/home/danielh/ros2_galactic/install/rqt_shell:/home/danielh/ros2_galactic/install/rqt_service_caller:/home/danielh/ros2_galactic/install/rqt_reconfigure:/home/danielh/ros2_galactic/install/rqt_py_console:/home/danielh/ros2_galactic/install/rqt_publisher:/home/danielh/ros2_galactic/install/rqt_plot:/home/danielh/ros2_galactic/install/rqt_action:/home/danielh/ros2_galactic/install/rqt_msg:/home/danielh/ros2_galactic/install/rqt_console:/home/danielh/ros2_galactic/install/rqt:/home/danielh/ros2_galactic/install/rqt_graph:/home/danielh/ros2_galactic/install/rqt_gui_py:/home/danielh/ros2_galactic/install/rqt_gui:/home/danielh/ros2_galactic/install/ros2trace:/home/danielh/ros2_galactic/install/ros2topic:/home/danielh/ros2_galactic/install/ros2test:/home/danielh/ros2_galactic/install/ros2component:/home/danielh/ros2_galactic/install/ros2param:/home/danielh/ros2_galactic/install/ros2lifecycle:/home/danielh/ros2_galactic/install/ros2service:/home/danielh/ros2_galactic/install/ros2run:/home/danielh/ros2_galactic/install/ros2launch:/home/danielh/ros2_galactic/install/ros2pkg:/home/danielh/ros2_galactic/install/ros2node:/home/danielh/ros2_galactic/install/ros2multicast:/home/danielh/ros2_galactic/install/ros2interface:/home/danielh/ros2_galactic/install/ros2doctor:/home/danielh/ros2_galactic/install/ros2action:/home/danielh/ros2_galactic/install/ros2cli:/home/danielh/ros2_galactic/install/quality_of_service_demo_py:/home/danielh/ros2_galactic/install/launch_testing_ros:/home/danielh/ros2_galactic/install/launch_ros:/home/danielh/ros2_galactic/install/joint_state_publisher_gui:/home/danielh/ros2_galactic/install/joint_state_publisher:/home/danielh/ros2_galactic/install/examples_rclpy_pointcloud_publisher:/home/danielh/ros2_galactic/install/examples_rclpy_minimal_subscriber:/home/danielh/ros2_galactic/install/examples_rclpy_minimal_service:/home/danielh/ros2_galactic/install/examples_rclpy_minimal_publisher:/home/danielh/ros2_galactic/install/examples_rclpy_minimal_client:/home/danielh/ros2_galactic/install/examples_rclpy_minimal_action_server:/home/danielh/ros2_galactic/install/examples_rclpy_minimal_action_client:/home/danielh/ros2_galactic/install/examples_rclpy_guard_conditions:/home/danielh/ros2_galactic/install/examples_rclpy_executors:/home/danielh/ros2_galactic/install/demo_nodes_py:/home/danielh/ros2_galactic/install/action_tutorials_py:/home/danielh/ros2_galactic/install/ament_uncrustify:/home/danielh/ros2_galactic/install/tracetools_trace:/home/danielh/ros2_galactic/install/tracetools_read:/home/danielh/ros2_galactic/install/test_launch_ros:/home/danielh/ros2_galactic/install/sensor_msgs_py:/home/danielh/ros2_galactic/install/rpyutils:/home/danielh/ros2_galactic/install/rosidl_runtime_py:/home/danielh/ros2_galactic/install/rosidl_cli:/home/danielh/ros2_galactic/install/launch_yaml:/home/danielh/ros2_galactic/install/launch_xml:/home/danielh/ros2_galactic/install/launch_testing:/home/danielh/ros2_galactic/install/launch:/home/danielh/ros2_galactic/install/osrf_pycommon:/home/danielh/ros2_galactic/install/domain_coordinator:/home/danielh/ros2_galactic/install/ament_xmllint:/home/danielh/ros2_galactic/install/ament_pyflakes:/home/danielh/ros2_galactic/install/ament_pycodestyle:/home/danielh/ros2_galactic/install/ament_pep257:/home/danielh/ros2_galactic/install/ament_pclint:/home/danielh/ros2_galactic/install/ament_package:/home/danielh/ros2_galactic/install/ament_mypy:/home/danielh/ros2_galactic/install/ament_lint_cmake:/home/danielh/ros2_galactic/install/ament_flake8:/home/danielh/ros2_galactic/install/ament_copyright:/home/danielh/ros2_galactic/install/ament_lint:/home/danielh/ros2_galactic/install/ament_index_python:/home/danielh/ros2_galactic/install/ament_cpplint:/home/danielh/ros2_galactic/install/ament_cppcheck:/home/danielh/ros2_galactic/install/ament_clang_tidy:/home/danielh/ros2_galactic/install/ament_clang_format /usr/bin/cmake /home/danielh/mas418_ros2_ws/src/crane_interfaces -DCMAKE_INSTALL_PREFIX=/home/danielh/mas418_ros2_ws/install/crane_interfaces
[0.095s] -- The C compiler identification is GNU 9.3.0
[0.167s] -- The CXX compiler identification is GNU 9.3.0
[0.180s] -- Check for working C compiler: /usr/bin/cc
[0.255s] -- Check for working C compiler: /usr/bin/cc -- works
[0.255s] -- Detecting C compiler ABI info
[0.333s] -- Detecting C compiler ABI info - done
[0.341s] -- Detecting C compile features
[0.341s] -- Detecting C compile features - done
[0.343s] -- Check for working CXX compiler: /usr/bin/c++
[0.424s] -- Check for working CXX compiler: /usr/bin/c++ -- works
[0.425s] -- Detecting CXX compiler ABI info
[0.514s] -- Detecting CXX compiler ABI info - done
[0.523s] -- Detecting CXX compile features
[0.523s] -- Detecting CXX compile features - done
[0.533s] -- Found ament_cmake: 1.1.5 (/home/danielh/ros2_galactic/install/ament_cmake/share/ament_cmake/cmake)
[0.708s] -- Found PythonInterp: /usr/bin/python3 (found suitable version "3.8.10", minimum required is "3") 
[0.708s] -- Using PYTHON_EXECUTABLE: /usr/bin/python3
[1.042s] -- Found rosidl_default_generators: 1.1.1 (/home/danielh/ros2_galactic/install/rosidl_default_generators/share/rosidl_default_generators/cmake)
[1.140s] -- Using all available rosidl_typesupport_c: rosidl_typesupport_introspection_c;rosidl_typesupport_fastrtps_c
[1.166s] -- Found rosidl_adapter: 2.2.1 (/home/danielh/ros2_galactic/install/rosidl_adapter/share/rosidl_adapter/cmake)
[1.370s] -- Found OpenSSL: /usr/lib/x86_64-linux-gnu/libcrypto.so (found version "1.1.1f")  
[1.412s] -- Found FastRTPS: /home/danielh/ros2_galactic/install/fastrtps/include  
[1.550s] -- Using all available rosidl_typesupport_cpp: rosidl_typesupport_introspection_cpp;rosidl_typesupport_fastrtps_cpp
[1.735s] -- Found PythonInterp: /usr/bin/python3 (found version "3.8.10") 
[2.204s] -- Found ament_cmake_ros: 0.9.2 (/home/danielh/ros2_galactic/install/ament_cmake_ros/share/ament_cmake_ros/cmake)
[2.514s] -- Using all available rosidl_typesupport_c: rosidl_typesupport_introspection_c;rosidl_typesupport_fastrtps_c
[2.617s] -- Using all available rosidl_typesupport_cpp: rosidl_typesupport_introspection_cpp;rosidl_typesupport_fastrtps_cpp
[2.820s] -- Found PythonInterp: /usr/bin/python3 (found suitable version "3.8.10", minimum required is "3.5") 
[2.828s] -- Found python_cmake_module: 0.8.1 (/home/danielh/ros2_galactic/install/python_cmake_module/share/python_cmake_module/cmake)
[2.988s] -- Found PythonLibs: /usr/lib/x86_64-linux-gnu/libpython3.8.so (found suitable version "3.8.10", minimum required is "3.5") 
[2.988s] -- Using PYTHON_EXECUTABLE: /usr/bin/python3
[2.988s] -- Using PYTHON_INCLUDE_DIRS: /usr/include/python3.8
[2.988s] -- Using PYTHON_LIBRARIES: /usr/lib/x86_64-linux-gnu/libpython3.8.so
[3.136s] -- Found PythonExtra: .so  
[3.593s] -- Found ament_lint_auto: 0.10.6 (/home/danielh/ros2_galactic/install/ament_lint_auto/share/ament_lint_auto/cmake)
[3.686s] -- Added test 'copyright' to check source files copyright and LICENSE
[3.690s] -- Added test 'lint_cmake' to check CMake code style
[3.694s] -- Added test 'xmllint' to check XML markup files
[3.703s] -- Configuring done
[3.724s] -- Generating done
[3.726s] -- Build files have been written to: /home/danielh/mas418_ros2_ws/build/crane_interfaces
[3.733s] Invoked command in '/home/danielh/mas418_ros2_ws/build/crane_interfaces' returned '0': CMAKE_PREFIX_PATH=${CMAKE_PREFIX_PATH}:/home/danielh/ros2_galactic/install/rqt_bag_plugins:/home/danielh/ros2_galactic/install/rqt_bag:/home/danielh/ros2_galactic/install/ros2bag:/home/danielh/ros2_galactic/install/tracetools_launch:/home/danielh/ros2_galactic/install/topic_monitor:/home/danielh/ros2_galactic/install/tf2_tools:/home/danielh/ros2_galactic/install/examples_tf2_py:/home/danielh/ros2_galactic/install/tf2_ros_py:/home/danielh/ros2_galactic/install/sros2:/home/danielh/ros2_galactic/install/rqt_topic:/home/danielh/ros2_galactic/install/rqt_top:/home/danielh/ros2_galactic/install/rqt_srv:/home/danielh/ros2_galactic/install/rqt_shell:/home/danielh/ros2_galactic/install/rqt_service_caller:/home/danielh/ros2_galactic/install/rqt_reconfigure:/home/danielh/ros2_galactic/install/rqt_py_console:/home/danielh/ros2_galactic/install/rqt_publisher:/home/danielh/ros2_galactic/install/rqt_plot:/home/danielh/ros2_galactic/install/rqt_action:/home/danielh/ros2_galactic/install/rqt_msg:/home/danielh/ros2_galactic/install/rqt_console:/home/danielh/ros2_galactic/install/rqt:/home/danielh/ros2_galactic/install/rqt_graph:/home/danielh/ros2_galactic/install/rqt_gui_py:/home/danielh/ros2_galactic/install/rqt_gui:/home/danielh/ros2_galactic/install/ros2trace:/home/danielh/ros2_galactic/install/ros2topic:/home/danielh/ros2_galactic/install/ros2test:/home/danielh/ros2_galactic/install/ros2component:/home/danielh/ros2_galactic/install/ros2param:/home/danielh/ros2_galactic/install/ros2lifecycle:/home/danielh/ros2_galactic/install/ros2service:/home/danielh/ros2_galactic/install/ros2run:/home/danielh/ros2_galactic/install/ros2launch:/home/danielh/ros2_galactic/install/ros2pkg:/home/danielh/ros2_galactic/install/ros2node:/home/danielh/ros2_galactic/install/ros2multicast:/home/danielh/ros2_galactic/install/ros2interface:/home/danielh/ros2_galactic/install/ros2doctor:/home/danielh/ros2_galactic/install/ros2action:/home/danielh/ros2_galactic/install/ros2cli:/home/danielh/ros2_galactic/install/quality_of_service_demo_py:/home/danielh/ros2_galactic/install/launch_testing_ros:/home/danielh/ros2_galactic/install/launch_ros:/home/danielh/ros2_galactic/install/joint_state_publisher_gui:/home/danielh/ros2_galactic/install/joint_state_publisher:/home/danielh/ros2_galactic/install/examples_rclpy_pointcloud_publisher:/home/danielh/ros2_galactic/install/examples_rclpy_minimal_subscriber:/home/danielh/ros2_galactic/install/examples_rclpy_minimal_service:/home/danielh/ros2_galactic/install/examples_rclpy_minimal_publisher:/home/danielh/ros2_galactic/install/examples_rclpy_minimal_client:/home/danielh/ros2_galactic/install/examples_rclpy_minimal_action_server:/home/danielh/ros2_galactic/install/examples_rclpy_minimal_action_client:/home/danielh/ros2_galactic/install/examples_rclpy_guard_conditions:/home/danielh/ros2_galactic/install/examples_rclpy_executors:/home/danielh/ros2_galactic/install/demo_nodes_py:/home/danielh/ros2_galactic/install/action_tutorials_py:/home/danielh/ros2_galactic/install/ament_uncrustify:/home/danielh/ros2_galactic/install/tracetools_trace:/home/danielh/ros2_galactic/install/tracetools_read:/home/danielh/ros2_galactic/install/test_launch_ros:/home/danielh/ros2_galactic/install/sensor_msgs_py:/home/danielh/ros2_galactic/install/rpyutils:/home/danielh/ros2_galactic/install/rosidl_runtime_py:/home/danielh/ros2_galactic/install/rosidl_cli:/home/danielh/ros2_galactic/install/launch_yaml:/home/danielh/ros2_galactic/install/launch_xml:/home/danielh/ros2_galactic/install/launch_testing:/home/danielh/ros2_galactic/install/launch:/home/danielh/ros2_galactic/install/osrf_pycommon:/home/danielh/ros2_galactic/install/domain_coordinator:/home/danielh/ros2_galactic/install/ament_xmllint:/home/danielh/ros2_galactic/install/ament_pyflakes:/home/danielh/ros2_galactic/install/ament_pycodestyle:/home/danielh/ros2_galactic/install/ament_pep257:/home/danielh/ros2_galactic/install/ament_pclint:/home/danielh/ros2_galactic/install/ament_package:/home/danielh/ros2_galactic/install/ament_mypy:/home/danielh/ros2_galactic/install/ament_lint_cmake:/home/danielh/ros2_galactic/install/ament_flake8:/home/danielh/ros2_galactic/install/ament_copyright:/home/danielh/ros2_galactic/install/ament_lint:/home/danielh/ros2_galactic/install/ament_index_python:/home/danielh/ros2_galactic/install/ament_cpplint:/home/danielh/ros2_galactic/install/ament_cppcheck:/home/danielh/ros2_galactic/install/ament_clang_tidy:/home/danielh/ros2_galactic/install/ament_clang_format /usr/bin/cmake /home/danielh/mas418_ros2_ws/src/crane_interfaces -DCMAKE_INSTALL_PREFIX=/home/danielh/mas418_ros2_ws/install/crane_interfaces
[3.734s] Invoking command in '/home/danielh/mas418_ros2_ws/build/crane_interfaces': CMAKE_PREFIX_PATH=${CMAKE_PREFIX_PATH}:/home/danielh/ros2_galactic/install/rqt_bag_plugins:/home/danielh/ros2_galactic/install/rqt_bag:/home/danielh/ros2_galactic/install/ros2bag:/home/danielh/ros2_galactic/install/tracetools_launch:/home/danielh/ros2_galactic/install/topic_monitor:/home/danielh/ros2_galactic/install/tf2_tools:/home/danielh/ros2_galactic/install/examples_tf2_py:/home/danielh/ros2_galactic/install/tf2_ros_py:/home/danielh/ros2_galactic/install/sros2:/home/danielh/ros2_galactic/install/rqt_topic:/home/danielh/ros2_galactic/install/rqt_top:/home/danielh/ros2_galactic/install/rqt_srv:/home/danielh/ros2_galactic/install/rqt_shell:/home/danielh/ros2_galactic/install/rqt_service_caller:/home/danielh/ros2_galactic/install/rqt_reconfigure:/home/danielh/ros2_galactic/install/rqt_py_console:/home/danielh/ros2_galactic/install/rqt_publisher:/home/danielh/ros2_galactic/install/rqt_plot:/home/danielh/ros2_galactic/install/rqt_action:/home/danielh/ros2_galactic/install/rqt_msg:/home/danielh/ros2_galactic/install/rqt_console:/home/danielh/ros2_galactic/install/rqt:/home/danielh/ros2_galactic/install/rqt_graph:/home/danielh/ros2_galactic/install/rqt_gui_py:/home/danielh/ros2_galactic/install/rqt_gui:/home/danielh/ros2_galactic/install/ros2trace:/home/danielh/ros2_galactic/install/ros2topic:/home/danielh/ros2_galactic/install/ros2test:/home/danielh/ros2_galactic/install/ros2component:/home/danielh/ros2_galactic/install/ros2param:/home/danielh/ros2_galactic/install/ros2lifecycle:/home/danielh/ros2_galactic/install/ros2service:/home/danielh/ros2_galactic/install/ros2run:/home/danielh/ros2_galactic/install/ros2launch:/home/danielh/ros2_galactic/install/ros2pkg:/home/danielh/ros2_galactic/install/ros2node:/home/danielh/ros2_galactic/install/ros2multicast:/home/danielh/ros2_galactic/install/ros2interface:/home/danielh/ros2_galactic/install/ros2doctor:/home/danielh/ros2_galactic/install/ros2action:/home/danielh/ros2_galactic/install/ros2cli:/home/danielh/ros2_galactic/install/quality_of_service_demo_py:/home/danielh/ros2_galactic/install/launch_testing_ros:/home/danielh/ros2_galactic/install/launch_ros:/home/danielh/ros2_galactic/install/joint_state_publisher_gui:/home/danielh/ros2_galactic/install/joint_state_publisher:/home/danielh/ros2_galactic/install/examples_rclpy_pointcloud_publisher:/home/danielh/ros2_galactic/install/examples_rclpy_minimal_subscriber:/home/danielh/ros2_galactic/install/examples_rclpy_minimal_service:/home/danielh/ros2_galactic/install/examples_rclpy_minimal_publisher:/home/danielh/ros2_galactic/install/examples_rclpy_minimal_client:/home/danielh/ros2_galactic/install/examples_rclpy_minimal_action_server:/home/danielh/ros2_galactic/install/examples_rclpy_minimal_action_client:/home/danielh/ros2_galactic/install/examples_rclpy_guard_conditions:/home/danielh/ros2_galactic/install/examples_rclpy_executors:/home/danielh/ros2_galactic/install/demo_nodes_py:/home/danielh/ros2_galactic/install/action_tutorials_py:/home/danielh/ros2_galactic/install/ament_uncrustify:/home/danielh/ros2_galactic/install/tracetools_trace:/home/danielh/ros2_galactic/install/tracetools_read:/home/danielh/ros2_galactic/install/test_launch_ros:/home/danielh/ros2_galactic/install/sensor_msgs_py:/home/danielh/ros2_galactic/install/rpyutils:/home/danielh/ros2_galactic/install/rosidl_runtime_py:/home/danielh/ros2_galactic/install/rosidl_cli:/home/danielh/ros2_galactic/install/launch_yaml:/home/danielh/ros2_galactic/install/launch_xml:/home/danielh/ros2_galactic/install/launch_testing:/home/danielh/ros2_galactic/install/launch:/home/danielh/ros2_galactic/install/osrf_pycommon:/home/danielh/ros2_galactic/install/domain_coordinator:/home/danielh/ros2_galactic/install/ament_xmllint:/home/danielh/ros2_galactic/install/ament_pyflakes:/home/danielh/ros2_galactic/install/ament_pycodestyle:/home/danielh/ros2_galactic/install/ament_pep257:/home/danielh/ros2_galactic/install/ament_pclint:/home/danielh/ros2_galactic/install/ament_package:/home/danielh/ros2_galactic/install/ament_mypy:/home/danielh/ros2_galactic/install/ament_lint_cmake:/home/danielh/ros2_galactic/install/ament_flake8:/home/danielh/ros2_galactic/install/ament_copyright:/home/danielh/ros2_galactic/install/ament_lint:/home/danielh/ros2_galactic/install/ament_index_python:/home/danielh/ros2_galactic/install/ament_cpplint:/home/danielh/ros2_galactic/install/ament_cppcheck:/home/danielh/ros2_galactic/install/ament_clang_tidy:/home/danielh/ros2_galactic/install/ament_clang_format /usr/bin/cmake --build /home/danielh/mas418_ros2_ws/build/crane_interfaces -- -j12 -l12
[3.790s] [  3%] [34m[1mGenerating C code for ROS interfaces[0m
[3.790s] [35m[1mScanning dependencies of target crane_interfaces__cpp[0m
[3.805s] [  6%] [34m[1mGenerating C++ code for ROS interfaces[0m
[4.128s] [35m[1mScanning dependencies of target crane_interfaces__rosidl_generator_c[0m
[4.141s] [  6%] Built target crane_interfaces__cpp
[4.143s] [  9%] [32mBuilding C object CMakeFiles/crane_interfaces__rosidl_generator_c.dir/rosidl_generator_c/crane_interfaces/msg/detail/motion_reference__functions.c.o[0m
[4.158s] [ 19%] [34m[1mGenerating C++ introspection for ROS interfaces[0m
[4.158s] [ 19%] [34m[1mGenerating C++ type support dispatch for ROS interfaces[0m
[4.158s] [ 19%] [34m[1mGenerating C++ type support for eProsima Fast-RTPS[0m
[4.182s] [ 22%] [32m[1mLinking C shared library libcrane_interfaces__rosidl_generator_c.so[0m
[4.223s] [ 22%] Built target crane_interfaces__rosidl_generator_c
[4.239s] [ 29%] [34m[1mGenerating C type support dispatch for ROS interfaces[0m
[4.239s] [ 29%] [34m[1mGenerating C introspection for ROS interfaces[0m
[4.470s] [35m[1mScanning dependencies of target crane_interfaces__rosidl_typesupport_cpp[0m
[4.487s] [ 32%] [32mBuilding CXX object CMakeFiles/crane_interfaces__rosidl_typesupport_cpp.dir/rosidl_typesupport_cpp/crane_interfaces/msg/motion_reference__type_support.cpp.o[0m
[4.490s] [35m[1mScanning dependencies of target crane_interfaces__rosidl_typesupport_introspection_cpp[0m
[4.501s] [35m[1mScanning dependencies of target crane_interfaces__rosidl_typesupport_fastrtps_cpp[0m
[4.507s] [ 35%] [32mBuilding CXX object CMakeFiles/crane_interfaces__rosidl_typesupport_introspection_cpp.dir/rosidl_typesupport_introspection_cpp/crane_interfaces/msg/detail/motion_reference__type_support.cpp.o[0m
[4.521s] [ 38%] [32mBuilding CXX object CMakeFiles/crane_interfaces__rosidl_typesupport_fastrtps_cpp.dir/rosidl_typesupport_fastrtps_cpp/crane_interfaces/msg/detail/dds_fastrtps/motion_reference__type_support.cpp.o[0m
[4.558s] [35m[1mScanning dependencies of target crane_interfaces__rosidl_typesupport_c[0m
[4.575s] [ 41%] [32mBuilding CXX object CMakeFiles/crane_interfaces__rosidl_typesupport_c.dir/rosidl_typesupport_c/crane_interfaces/msg/motion_reference__type_support.cpp.o[0m
[4.579s] [35m[1mScanning dependencies of target crane_interfaces__rosidl_typesupport_introspection_c[0m
[4.597s] [ 45%] [32mBuilding C object CMakeFiles/crane_interfaces__rosidl_typesupport_introspection_c.dir/rosidl_typesupport_introspection_c/crane_interfaces/msg/detail/motion_reference__type_support.c.o[0m
[4.609s] [ 48%] [32m[1mLinking CXX shared library libcrane_interfaces__rosidl_typesupport_c.so[0m
[4.638s] [ 51%] [32m[1mLinking C shared library libcrane_interfaces__rosidl_typesupport_introspection_c.so[0m
[4.655s] [ 51%] Built target crane_interfaces__rosidl_typesupport_c
[4.677s] [ 51%] Built target crane_interfaces__rosidl_typesupport_introspection_c
[4.711s] [ 54%] [32m[1mLinking CXX shared library libcrane_interfaces__rosidl_typesupport_cpp.so[0m
[4.723s] [ 58%] [32m[1mLinking CXX shared library libcrane_interfaces__rosidl_typesupport_introspection_cpp.so[0m
[4.758s] [ 58%] Built target crane_interfaces__rosidl_typesupport_cpp
[4.770s] [ 58%] Built target crane_interfaces__rosidl_typesupport_introspection_cpp
[4.838s] [ 61%] [32m[1mLinking CXX shared library libcrane_interfaces__rosidl_typesupport_fastrtps_cpp.so[0m
[4.909s] [ 61%] Built target crane_interfaces__rosidl_typesupport_fastrtps_cpp
[4.924s] [ 64%] [34m[1mGenerating C type support for eProsima Fast-RTPS[0m
[5.241s] [35m[1mScanning dependencies of target crane_interfaces__rosidl_typesupport_fastrtps_c[0m
[5.259s] [ 67%] [32mBuilding CXX object CMakeFiles/crane_interfaces__rosidl_typesupport_fastrtps_c.dir/rosidl_typesupport_fastrtps_c/crane_interfaces/msg/detail/motion_reference__type_support_c.cpp.o[0m
[5.510s] [ 70%] [32m[1mLinking CXX shared library libcrane_interfaces__rosidl_typesupport_fastrtps_c.so[0m
[5.580s] [ 70%] Built target crane_interfaces__rosidl_typesupport_fastrtps_c
[5.595s] [35m[1mScanning dependencies of target crane_interfaces[0m
[5.610s] [ 70%] Built target crane_interfaces
[5.625s] [35m[1mScanning dependencies of target crane_interfaces__py[0m
[5.641s] [ 74%] [34m[1mGenerating Python code for ROS interfaces[0m
[6.072s] [ 74%] Built target crane_interfaces__py
[6.088s] [35m[1mScanning dependencies of target crane_interfaces__python[0m
[6.109s] [ 77%] [32mBuilding C object CMakeFiles/crane_interfaces__python.dir/rosidl_generator_py/crane_interfaces/msg/_motion_reference_s.c.o[0m
[6.181s] [ 80%] [32m[1mLinking C shared library rosidl_generator_py/crane_interfaces/libcrane_interfaces__python.so[0m
[6.224s] [ 80%] Built target crane_interfaces__python
[6.240s] [35m[1mScanning dependencies of target crane_interfaces__rosidl_typesupport_c__pyext[0m
[6.240s] [35m[1mScanning dependencies of target crane_interfaces__rosidl_typesupport_fastrtps_c__pyext[0m
[6.240s] [35m[1mScanning dependencies of target crane_interfaces__rosidl_typesupport_introspection_c__pyext[0m
[6.261s] [ 87%] [32mBuilding C object CMakeFiles/crane_interfaces__rosidl_typesupport_fastrtps_c__pyext.dir/rosidl_generator_py/crane_interfaces/_crane_interfaces_s.ep.rosidl_typesupport_fastrtps_c.c.o[0m
[6.261s] [ 87%] [32mBuilding C object CMakeFiles/crane_interfaces__rosidl_typesupport_c__pyext.dir/rosidl_generator_py/crane_interfaces/_crane_interfaces_s.ep.rosidl_typesupport_c.c.o[0m
[6.261s] [ 90%] [32mBuilding C object CMakeFiles/crane_interfaces__rosidl_typesupport_introspection_c__pyext.dir/rosidl_generator_py/crane_interfaces/_crane_interfaces_s.ep.rosidl_typesupport_introspection_c.c.o[0m
[6.331s] [ 96%] [32m[1mLinking C shared library rosidl_generator_py/crane_interfaces/crane_interfaces_s__rosidl_typesupport_c.cpython-38-x86_64-linux-gnu.so[0m
[6.331s] [ 93%] [32m[1mLinking C shared library rosidl_generator_py/crane_interfaces/crane_interfaces_s__rosidl_typesupport_introspection_c.cpython-38-x86_64-linux-gnu.so[0m
[6.334s] [100%] [32m[1mLinking CXX shared library rosidl_generator_py/crane_interfaces/crane_interfaces_s__rosidl_typesupport_fastrtps_c.cpython-38-x86_64-linux-gnu.so[0m
[6.372s] [100%] Built target crane_interfaces__rosidl_typesupport_c__pyext
[6.372s] [100%] Built target crane_interfaces__rosidl_typesupport_introspection_c__pyext
[6.394s] [100%] Built target crane_interfaces__rosidl_typesupport_fastrtps_c__pyext
[6.409s] Invoked command in '/home/danielh/mas418_ros2_ws/build/crane_interfaces' returned '0': CMAKE_PREFIX_PATH=${CMAKE_PREFIX_PATH}:/home/danielh/ros2_galactic/install/rqt_bag_plugins:/home/danielh/ros2_galactic/install/rqt_bag:/home/danielh/ros2_galactic/install/ros2bag:/home/danielh/ros2_galactic/install/tracetools_launch:/home/danielh/ros2_galactic/install/topic_monitor:/home/danielh/ros2_galactic/install/tf2_tools:/home/danielh/ros2_galactic/install/examples_tf2_py:/home/danielh/ros2_galactic/install/tf2_ros_py:/home/danielh/ros2_galactic/install/sros2:/home/danielh/ros2_galactic/install/rqt_topic:/home/danielh/ros2_galactic/install/rqt_top:/home/danielh/ros2_galactic/install/rqt_srv:/home/danielh/ros2_galactic/install/rqt_shell:/home/danielh/ros2_galactic/install/rqt_service_caller:/home/danielh/ros2_galactic/install/rqt_reconfigure:/home/danielh/ros2_galactic/install/rqt_py_console:/home/danielh/ros2_galactic/install/rqt_publisher:/home/danielh/ros2_galactic/install/rqt_plot:/home/danielh/ros2_galactic/install/rqt_action:/home/danielh/ros2_galactic/install/rqt_msg:/home/danielh/ros2_galactic/install/rqt_console:/home/danielh/ros2_galactic/install/rqt:/home/danielh/ros2_galactic/install/rqt_graph:/home/danielh/ros2_galactic/install/rqt_gui_py:/home/danielh/ros2_galactic/install/rqt_gui:/home/danielh/ros2_galactic/install/ros2trace:/home/danielh/ros2_galactic/install/ros2topic:/home/danielh/ros2_galactic/install/ros2test:/home/danielh/ros2_galactic/install/ros2component:/home/danielh/ros2_galactic/install/ros2param:/home/danielh/ros2_galactic/install/ros2lifecycle:/home/danielh/ros2_galactic/install/ros2service:/home/danielh/ros2_galactic/install/ros2run:/home/danielh/ros2_galactic/install/ros2launch:/home/danielh/ros2_galactic/install/ros2pkg:/home/danielh/ros2_galactic/install/ros2node:/home/danielh/ros2_galactic/install/ros2multicast:/home/danielh/ros2_galactic/install/ros2interface:/home/danielh/ros2_galactic/install/ros2doctor:/home/danielh/ros2_galactic/install/ros2action:/home/danielh/ros2_galactic/install/ros2cli:/home/danielh/ros2_galactic/install/quality_of_service_demo_py:/home/danielh/ros2_galactic/install/launch_testing_ros:/home/danielh/ros2_galactic/install/launch_ros:/home/danielh/ros2_galactic/install/joint_state_publisher_gui:/home/danielh/ros2_galactic/install/joint_state_publisher:/home/danielh/ros2_galactic/install/examples_rclpy_pointcloud_publisher:/home/danielh/ros2_galactic/install/examples_rclpy_minimal_subscriber:/home/danielh/ros2_galactic/install/examples_rclpy_minimal_service:/home/danielh/ros2_galactic/install/examples_rclpy_minimal_publisher:/home/danielh/ros2_galactic/install/examples_rclpy_minimal_client:/home/danielh/ros2_galactic/install/examples_rclpy_minimal_action_server:/home/danielh/ros2_galactic/install/examples_rclpy_minimal_action_client:/home/danielh/ros2_galactic/install/examples_rclpy_guard_conditions:/home/danielh/ros2_galactic/install/examples_rclpy_executors:/home/danielh/ros2_galactic/install/demo_nodes_py:/home/danielh/ros2_galactic/install/action_tutorials_py:/home/danielh/ros2_galactic/install/ament_uncrustify:/home/danielh/ros2_galactic/install/tracetools_trace:/home/danielh/ros2_galactic/install/tracetools_read:/home/danielh/ros2_galactic/install/test_launch_ros:/home/danielh/ros2_galactic/install/sensor_msgs_py:/home/danielh/ros2_galactic/install/rpyutils:/home/danielh/ros2_galactic/install/rosidl_runtime_py:/home/danielh/ros2_galactic/install/rosidl_cli:/home/danielh/ros2_galactic/install/launch_yaml:/home/danielh/ros2_galactic/install/launch_xml:/home/danielh/ros2_galactic/install/launch_testing:/home/danielh/ros2_galactic/install/launch:/home/danielh/ros2_galactic/install/osrf_pycommon:/home/danielh/ros2_galactic/install/domain_coordinator:/home/danielh/ros2_galactic/install/ament_xmllint:/home/danielh/ros2_galactic/install/ament_pyflakes:/home/danielh/ros2_galactic/install/ament_pycodestyle:/home/danielh/ros2_galactic/install/ament_pep257:/home/danielh/ros2_galactic/install/ament_pclint:/home/danielh/ros2_galactic/install/ament_package:/home/danielh/ros2_galactic/install/ament_mypy:/home/danielh/ros2_galactic/install/ament_lint_cmake:/home/danielh/ros2_galactic/install/ament_flake8:/home/danielh/ros2_galactic/install/ament_copyright:/home/danielh/ros2_galactic/install/ament_lint:/home/danielh/ros2_galactic/install/ament_index_python:/home/danielh/ros2_galactic/install/ament_cpplint:/home/danielh/ros2_galactic/install/ament_cppcheck:/home/danielh/ros2_galactic/install/ament_clang_tidy:/home/danielh/ros2_galactic/install/ament_clang_format /usr/bin/cmake --build /home/danielh/mas418_ros2_ws/build/crane_interfaces -- -j12 -l12
[6.526s] Invoking command in '/home/danielh/mas418_ros2_ws/build/crane_interfaces': CMAKE_PREFIX_PATH=${CMAKE_PREFIX_PATH}:/home/danielh/ros2_galactic/install/rqt_bag_plugins:/home/danielh/ros2_galactic/install/rqt_bag:/home/danielh/ros2_galactic/install/ros2bag:/home/danielh/ros2_galactic/install/tracetools_launch:/home/danielh/ros2_galactic/install/topic_monitor:/home/danielh/ros2_galactic/install/tf2_tools:/home/danielh/ros2_galactic/install/examples_tf2_py:/home/danielh/ros2_galactic/install/tf2_ros_py:/home/danielh/ros2_galactic/install/sros2:/home/danielh/ros2_galactic/install/rqt_topic:/home/danielh/ros2_galactic/install/rqt_top:/home/danielh/ros2_galactic/install/rqt_srv:/home/danielh/ros2_galactic/install/rqt_shell:/home/danielh/ros2_galactic/install/rqt_service_caller:/home/danielh/ros2_galactic/install/rqt_reconfigure:/home/danielh/ros2_galactic/install/rqt_py_console:/home/danielh/ros2_galactic/install/rqt_publisher:/home/danielh/ros2_galactic/install/rqt_plot:/home/danielh/ros2_galactic/install/rqt_action:/home/danielh/ros2_galactic/install/rqt_msg:/home/danielh/ros2_galactic/install/rqt_console:/home/danielh/ros2_galactic/install/rqt:/home/danielh/ros2_galactic/install/rqt_graph:/home/danielh/ros2_galactic/install/rqt_gui_py:/home/danielh/ros2_galactic/install/rqt_gui:/home/danielh/ros2_galactic/install/ros2trace:/home/danielh/ros2_galactic/install/ros2topic:/home/danielh/ros2_galactic/install/ros2test:/home/danielh/ros2_galactic/install/ros2component:/home/danielh/ros2_galactic/install/ros2param:/home/danielh/ros2_galactic/install/ros2lifecycle:/home/danielh/ros2_galactic/install/ros2service:/home/danielh/ros2_galactic/install/ros2run:/home/danielh/ros2_galactic/install/ros2launch:/home/danielh/ros2_galactic/install/ros2pkg:/home/danielh/ros2_galactic/install/ros2node:/home/danielh/ros2_galactic/install/ros2multicast:/home/danielh/ros2_galactic/install/ros2interface:/home/danielh/ros2_galactic/install/ros2doctor:/home/danielh/ros2_galactic/install/ros2action:/home/danielh/ros2_galactic/install/ros2cli:/home/danielh/ros2_galactic/install/quality_of_service_demo_py:/home/danielh/ros2_galactic/install/launch_testing_ros:/home/danielh/ros2_galactic/install/launch_ros:/home/danielh/ros2_galactic/install/joint_state_publisher_gui:/home/danielh/ros2_galactic/install/joint_state_publisher:/home/danielh/ros2_galactic/install/examples_rclpy_pointcloud_publisher:/home/danielh/ros2_galactic/install/examples_rclpy_minimal_subscriber:/home/danielh/ros2_galactic/install/examples_rclpy_minimal_service:/home/danielh/ros2_galactic/install/examples_rclpy_minimal_publisher:/home/danielh/ros2_galactic/install/examples_rclpy_minimal_client:/home/danielh/ros2_galactic/install/examples_rclpy_minimal_action_server:/home/danielh/ros2_galactic/install/examples_rclpy_minimal_action_client:/home/danielh/ros2_galactic/install/examples_rclpy_guard_conditions:/home/danielh/ros2_galactic/install/examples_rclpy_executors:/home/danielh/ros2_galactic/install/demo_nodes_py:/home/danielh/ros2_galactic/install/action_tutorials_py:/home/danielh/ros2_galactic/install/ament_uncrustify:/home/danielh/ros2_galactic/install/tracetools_trace:/home/danielh/ros2_galactic/install/tracetools_read:/home/danielh/ros2_galactic/install/test_launch_ros:/home/danielh/ros2_galactic/install/sensor_msgs_py:/home/danielh/ros2_galactic/install/rpyutils:/home/danielh/ros2_galactic/install/rosidl_runtime_py:/home/danielh/ros2_galactic/install/rosidl_cli:/home/danielh/ros2_galactic/install/launch_yaml:/home/danielh/ros2_galactic/install/launch_xml:/home/danielh/ros2_galactic/install/launch_testing:/home/danielh/ros2_galactic/install/launch:/home/danielh/ros2_galactic/install/osrf_pycommon:/home/danielh/ros2_galactic/install/domain_coordinator:/home/danielh/ros2_galactic/install/ament_xmllint:/home/danielh/ros2_galactic/install/ament_pyflakes:/home/danielh/ros2_galactic/install/ament_pycodestyle:/home/danielh/ros2_galactic/install/ament_pep257:/home/danielh/ros2_galactic/install/ament_pclint:/home/danielh/ros2_galactic/install/ament_package:/home/danielh/ros2_galactic/install/ament_mypy:/home/danielh/ros2_galactic/install/ament_lint_cmake:/home/danielh/ros2_galactic/install/ament_flake8:/home/danielh/ros2_galactic/install/ament_copyright:/home/danielh/ros2_galactic/install/ament_lint:/home/danielh/ros2_galactic/install/ament_index_python:/home/danielh/ros2_galactic/install/ament_cpplint:/home/danielh/ros2_galactic/install/ament_cppcheck:/home/danielh/ros2_galactic/install/ament_clang_tidy:/home/danielh/ros2_galactic/install/ament_clang_format /usr/bin/cmake --install /home/danielh/mas418_ros2_ws/build/crane_interfaces
[6.538s] -- Install configuration: ""
[6.538s] -- Installing: /home/danielh/mas418_ros2_ws/install/crane_interfaces/share/ament_index/resource_index/rosidl_interfaces/crane_interfaces
[6.538s] -- Installing: /home/danielh/mas418_ros2_ws/install/crane_interfaces/include/crane_interfaces
[6.538s] -- Installing: /home/danielh/mas418_ros2_ws/install/crane_interfaces/include/crane_interfaces/msg
[6.538s] -- Installing: /home/danielh/mas418_ros2_ws/install/crane_interfaces/include/crane_interfaces/msg/detail
[6.538s] -- Installing: /home/danielh/mas418_ros2_ws/install/crane_interfaces/include/crane_interfaces/msg/detail/motion_reference__functions.c
[6.538s] -- Installing: /home/danielh/mas418_ros2_ws/install/crane_interfaces/include/crane_interfaces/msg/detail/motion_reference__struct.h
[6.539s] -- Installing: /home/danielh/mas418_ros2_ws/install/crane_interfaces/include/crane_interfaces/msg/detail/motion_reference__type_support.h
[6.539s] -- Installing: /home/danielh/mas418_ros2_ws/install/crane_interfaces/include/crane_interfaces/msg/detail/motion_reference__functions.h
[6.539s] -- Installing: /home/danielh/mas418_ros2_ws/install/crane_interfaces/include/crane_interfaces/msg/motion_reference.h
[6.539s] -- Installing: /home/danielh/mas418_ros2_ws/install/crane_interfaces/include/crane_interfaces/msg/rosidl_generator_c__visibility_control.h
[6.539s] -- Installing: /home/danielh/mas418_ros2_ws/install/crane_interfaces/share/crane_interfaces/environment/library_path.sh
[6.539s] -- Installing: /home/danielh/mas418_ros2_ws/install/crane_interfaces/share/crane_interfaces/environment/library_path.dsv
[6.539s] -- Installing: /home/danielh/mas418_ros2_ws/install/crane_interfaces/lib/libcrane_interfaces__rosidl_generator_c.so
[6.539s] -- Set runtime path of "/home/danielh/mas418_ros2_ws/install/crane_interfaces/lib/libcrane_interfaces__rosidl_generator_c.so" to ""
[6.539s] -- Up-to-date: /home/danielh/mas418_ros2_ws/install/crane_interfaces/include/crane_interfaces
[6.539s] -- Up-to-date: /home/danielh/mas418_ros2_ws/install/crane_interfaces/include/crane_interfaces/msg
[6.539s] -- Up-to-date: /home/danielh/mas418_ros2_ws/install/crane_interfaces/include/crane_interfaces/msg/detail
[6.539s] -- Installing: /home/danielh/mas418_ros2_ws/install/crane_interfaces/include/crane_interfaces/msg/detail/motion_reference__rosidl_typesupport_introspection_c.h
[6.539s] -- Installing: /home/danielh/mas418_ros2_ws/install/crane_interfaces/include/crane_interfaces/msg/detail/motion_reference__type_support.c
[6.540s] -- Installing: /home/danielh/mas418_ros2_ws/install/crane_interfaces/include/crane_interfaces/msg/rosidl_typesupport_introspection_c__visibility_control.h
[6.540s] -- Installing: /home/danielh/mas418_ros2_ws/install/crane_interfaces/lib/libcrane_interfaces__rosidl_typesupport_introspection_c.so
[6.540s] -- Set runtime path of "/home/danielh/mas418_ros2_ws/install/crane_interfaces/lib/libcrane_interfaces__rosidl_typesupport_introspection_c.so" to ""
[6.540s] -- Up-to-date: /home/danielh/mas418_ros2_ws/install/crane_interfaces/include/crane_interfaces
[6.540s] -- Up-to-date: /home/danielh/mas418_ros2_ws/install/crane_interfaces/include/crane_interfaces/msg
[6.540s] -- Up-to-date: /home/danielh/mas418_ros2_ws/install/crane_interfaces/include/crane_interfaces/msg/detail
[6.541s] -- Installing: /home/danielh/mas418_ros2_ws/install/crane_interfaces/include/crane_interfaces/msg/detail/motion_reference__rosidl_typesupport_fastrtps_c.h
[6.541s] -- Installing: /home/danielh/mas418_ros2_ws/install/crane_interfaces/include/crane_interfaces/msg/rosidl_typesupport_fastrtps_c__visibility_control.h
[6.541s] -- Installing: /home/danielh/mas418_ros2_ws/install/crane_interfaces/lib/libcrane_interfaces__rosidl_typesupport_fastrtps_c.so
[6.541s] -- Set runtime path of "/home/danielh/mas418_ros2_ws/install/crane_interfaces/lib/libcrane_interfaces__rosidl_typesupport_fastrtps_c.so" to ""
[6.541s] -- Up-to-date: /home/danielh/mas418_ros2_ws/install/crane_interfaces/include/crane_interfaces
[6.541s] -- Up-to-date: /home/danielh/mas418_ros2_ws/install/crane_interfaces/include/crane_interfaces/msg
[6.541s] -- Up-to-date: /home/danielh/mas418_ros2_ws/install/crane_interfaces/include/crane_interfaces/msg/detail
[6.541s] -- Installing: /home/danielh/mas418_ros2_ws/install/crane_interfaces/include/crane_interfaces/msg/detail/dds_fastrtps
[6.541s] -- Installing: /home/danielh/mas418_ros2_ws/install/crane_interfaces/include/crane_interfaces/msg/detail/motion_reference__rosidl_typesupport_fastrtps_cpp.hpp
[6.541s] -- Installing: /home/danielh/mas418_ros2_ws/install/crane_interfaces/include/crane_interfaces/msg/rosidl_typesupport_fastrtps_cpp__visibility_control.h
[6.541s] -- Installing: /home/danielh/mas418_ros2_ws/install/crane_interfaces/lib/libcrane_interfaces__rosidl_typesupport_fastrtps_cpp.so
[6.541s] -- Set runtime path of "/home/danielh/mas418_ros2_ws/install/crane_interfaces/lib/libcrane_interfaces__rosidl_typesupport_fastrtps_cpp.so" to ""
[6.541s] -- Installing: /home/danielh/mas418_ros2_ws/install/crane_interfaces/lib/libcrane_interfaces__rosidl_typesupport_c.so
[6.542s] -- Set runtime path of "/home/danielh/mas418_ros2_ws/install/crane_interfaces/lib/libcrane_interfaces__rosidl_typesupport_c.so" to ""
[6.542s] -- Up-to-date: /home/danielh/mas418_ros2_ws/install/crane_interfaces/include/crane_interfaces
[6.542s] -- Up-to-date: /home/danielh/mas418_ros2_ws/install/crane_interfaces/include/crane_interfaces/msg
[6.542s] -- Up-to-date: /home/danielh/mas418_ros2_ws/install/crane_interfaces/include/crane_interfaces/msg/detail
[6.542s] -- Installing: /home/danielh/mas418_ros2_ws/install/crane_interfaces/include/crane_interfaces/msg/detail/motion_reference__builder.hpp
[6.542s] -- Installing: /home/danielh/mas418_ros2_ws/install/crane_interfaces/include/crane_interfaces/msg/detail/motion_reference__struct.hpp
[6.542s] -- Installing: /home/danielh/mas418_ros2_ws/install/crane_interfaces/include/crane_interfaces/msg/detail/motion_reference__traits.hpp
[6.542s] -- Installing: /home/danielh/mas418_ros2_ws/install/crane_interfaces/include/crane_interfaces/msg/motion_reference.hpp
[6.542s] -- Up-to-date: /home/danielh/mas418_ros2_ws/install/crane_interfaces/include/crane_interfaces
[6.542s] -- Up-to-date: /home/danielh/mas418_ros2_ws/install/crane_interfaces/include/crane_interfaces/msg
[6.542s] -- Up-to-date: /home/danielh/mas418_ros2_ws/install/crane_interfaces/include/crane_interfaces/msg/detail
[6.542s] -- Installing: /home/danielh/mas418_ros2_ws/install/crane_interfaces/include/crane_interfaces/msg/detail/motion_reference__rosidl_typesupport_introspection_cpp.hpp
[6.542s] -- Installing: /home/danielh/mas418_ros2_ws/install/crane_interfaces/include/crane_interfaces/msg/detail/motion_reference__type_support.cpp
[6.542s] -- Installing: /home/danielh/mas418_ros2_ws/install/crane_interfaces/lib/libcrane_interfaces__rosidl_typesupport_introspection_cpp.so
[6.543s] -- Set runtime path of "/home/danielh/mas418_ros2_ws/install/crane_interfaces/lib/libcrane_interfaces__rosidl_typesupport_introspection_cpp.so" to ""
[6.543s] -- Installing: /home/danielh/mas418_ros2_ws/install/crane_interfaces/lib/libcrane_interfaces__rosidl_typesupport_cpp.so
[6.543s] -- Set runtime path of "/home/danielh/mas418_ros2_ws/install/crane_interfaces/lib/libcrane_interfaces__rosidl_typesupport_cpp.so" to ""
[6.543s] -- Installing: /home/danielh/mas418_ros2_ws/install/crane_interfaces/share/crane_interfaces/environment/pythonpath.sh
[6.543s] -- Installing: /home/danielh/mas418_ros2_ws/install/crane_interfaces/share/crane_interfaces/environment/pythonpath.dsv
[6.543s] -- Installing: /home/danielh/mas418_ros2_ws/install/crane_interfaces/lib/python3.8/site-packages/crane_interfaces/__init__.py
[6.709s] Compiling '/home/danielh/mas418_ros2_ws/install/crane_interfaces/lib/python3.8/site-packages/crane_interfaces/__init__.py'...
[6.712s] -- Installing: /home/danielh/mas418_ros2_ws/install/crane_interfaces/lib/python3.8/site-packages/crane_interfaces/msg
[6.712s] -- Installing: /home/danielh/mas418_ros2_ws/install/crane_interfaces/lib/python3.8/site-packages/crane_interfaces/msg/_motion_reference.py
[6.712s] -- Installing: /home/danielh/mas418_ros2_ws/install/crane_interfaces/lib/python3.8/site-packages/crane_interfaces/msg/__init__.py
[6.712s] -- Installing: /home/danielh/mas418_ros2_ws/install/crane_interfaces/lib/python3.8/site-packages/crane_interfaces/msg/_motion_reference_s.c
[6.712s] -- Installing: /home/danielh/mas418_ros2_ws/install/crane_interfaces/lib/python3.8/site-packages/crane_interfaces/crane_interfaces_s__rosidl_typesupport_introspection_c.cpython-38-x86_64-linux-gnu.so
[6.713s] -- Set runtime path of "/home/danielh/mas418_ros2_ws/install/crane_interfaces/lib/python3.8/site-packages/crane_interfaces/crane_interfaces_s__rosidl_typesupport_introspection_c.cpython-38-x86_64-linux-gnu.so" to ""
[6.713s] -- Installing: /home/danielh/mas418_ros2_ws/install/crane_interfaces/lib/python3.8/site-packages/crane_interfaces/crane_interfaces_s__rosidl_typesupport_fastrtps_c.cpython-38-x86_64-linux-gnu.so
[6.713s] -- Set runtime path of "/home/danielh/mas418_ros2_ws/install/crane_interfaces/lib/python3.8/site-packages/crane_interfaces/crane_interfaces_s__rosidl_typesupport_fastrtps_c.cpython-38-x86_64-linux-gnu.so" to ""
[6.713s] -- Installing: /home/danielh/mas418_ros2_ws/install/crane_interfaces/lib/python3.8/site-packages/crane_interfaces/crane_interfaces_s__rosidl_typesupport_c.cpython-38-x86_64-linux-gnu.so
[6.714s] -- Set runtime path of "/home/danielh/mas418_ros2_ws/install/crane_interfaces/lib/python3.8/site-packages/crane_interfaces/crane_interfaces_s__rosidl_typesupport_c.cpython-38-x86_64-linux-gnu.so" to ""
[6.714s] -- Installing: /home/danielh/mas418_ros2_ws/install/crane_interfaces/lib/libcrane_interfaces__python.so
[6.714s] -- Set runtime path of "/home/danielh/mas418_ros2_ws/install/crane_interfaces/lib/libcrane_interfaces__python.so" to ""
[6.714s] -- Installing: /home/danielh/mas418_ros2_ws/install/crane_interfaces/share/crane_interfaces/msg/MotionReference.idl
[6.714s] -- Installing: /home/danielh/mas418_ros2_ws/install/crane_interfaces/share/crane_interfaces/msg/MotionReference.msg
[6.714s] -- Installing: /home/danielh/mas418_ros2_ws/install/crane_interfaces/share/ament_index/resource_index/package_run_dependencies/crane_interfaces
[6.714s] -- Installing: /home/danielh/mas418_ros2_ws/install/crane_interfaces/share/ament_index/resource_index/parent_prefix_path/crane_interfaces
[6.715s] -- Installing: /home/danielh/mas418_ros2_ws/install/crane_interfaces/share/crane_interfaces/environment/ament_prefix_path.sh
[6.715s] -- Installing: /home/danielh/mas418_ros2_ws/install/crane_interfaces/share/crane_interfaces/environment/ament_prefix_path.dsv
[6.715s] -- Installing: /home/danielh/mas418_ros2_ws/install/crane_interfaces/share/crane_interfaces/environment/path.sh
[6.715s] -- Installing: /home/danielh/mas418_ros2_ws/install/crane_interfaces/share/crane_interfaces/environment/path.dsv
[6.715s] -- Installing: /home/danielh/mas418_ros2_ws/install/crane_interfaces/share/crane_interfaces/local_setup.bash
[6.715s] -- Installing: /home/danielh/mas418_ros2_ws/install/crane_interfaces/share/crane_interfaces/local_setup.sh
[6.715s] -- Installing: /home/danielh/mas418_ros2_ws/install/crane_interfaces/share/crane_interfaces/local_setup.zsh
[6.715s] -- Installing: /home/danielh/mas418_ros2_ws/install/crane_interfaces/share/crane_interfaces/local_setup.dsv
[6.715s] -- Installing: /home/danielh/mas418_ros2_ws/install/crane_interfaces/share/crane_interfaces/package.dsv
[6.715s] -- Installing: /home/danielh/mas418_ros2_ws/install/crane_interfaces/share/ament_index/resource_index/packages/crane_interfaces
[6.715s] -- Installing: /home/danielh/mas418_ros2_ws/install/crane_interfaces/share/crane_interfaces/cmake/crane_interfaces__rosidl_generator_cExport.cmake
[6.715s] -- Installing: /home/danielh/mas418_ros2_ws/install/crane_interfaces/share/crane_interfaces/cmake/crane_interfaces__rosidl_generator_cExport-noconfig.cmake
[6.716s] -- Installing: /home/danielh/mas418_ros2_ws/install/crane_interfaces/share/crane_interfaces/cmake/crane_interfaces__rosidl_typesupport_introspection_cExport.cmake
[6.716s] -- Installing: /home/danielh/mas418_ros2_ws/install/crane_interfaces/share/crane_interfaces/cmake/crane_interfaces__rosidl_typesupport_introspection_cExport-noconfig.cmake
[6.716s] -- Installing: /home/danielh/mas418_ros2_ws/install/crane_interfaces/share/crane_interfaces/cmake/crane_interfaces__rosidl_typesupport_cExport.cmake
[6.716s] -- Installing: /home/danielh/mas418_ros2_ws/install/crane_interfaces/share/crane_interfaces/cmake/crane_interfaces__rosidl_typesupport_cExport-noconfig.cmake
[6.716s] -- Installing: /home/danielh/mas418_ros2_ws/install/crane_interfaces/share/crane_interfaces/cmake/crane_interfaces__rosidl_generator_cppExport.cmake
[6.716s] -- Installing: /home/danielh/mas418_ros2_ws/install/crane_interfaces/share/crane_interfaces/cmake/crane_interfaces__rosidl_typesupport_introspection_cppExport.cmake
[6.716s] -- Installing: /home/danielh/mas418_ros2_ws/install/crane_interfaces/share/crane_interfaces/cmake/crane_interfaces__rosidl_typesupport_introspection_cppExport-noconfig.cmake
[6.716s] -- Installing: /home/danielh/mas418_ros2_ws/install/crane_interfaces/share/crane_interfaces/cmake/crane_interfaces__rosidl_typesupport_cppExport.cmake
[6.716s] -- Installing: /home/danielh/mas418_ros2_ws/install/crane_interfaces/share/crane_interfaces/cmake/crane_interfaces__rosidl_typesupport_cppExport-noconfig.cmake
[6.717s] -- Installing: /home/danielh/mas418_ros2_ws/install/crane_interfaces/share/crane_interfaces/cmake/rosidl_cmake-extras.cmake
[6.717s] -- Installing: /home/danielh/mas418_ros2_ws/install/crane_interfaces/share/crane_interfaces/cmake/ament_cmake_export_dependencies-extras.cmake
[6.717s] -- Installing: /home/danielh/mas418_ros2_ws/install/crane_interfaces/share/crane_interfaces/cmake/ament_cmake_export_libraries-extras.cmake
[6.717s] -- Installing: /home/danielh/mas418_ros2_ws/install/crane_interfaces/share/crane_interfaces/cmake/ament_cmake_export_targets-extras.cmake
[6.717s] -- Installing: /home/danielh/mas418_ros2_ws/install/crane_interfaces/share/crane_interfaces/cmake/ament_cmake_export_include_directories-extras.cmake
[6.717s] -- Installing: /home/danielh/mas418_ros2_ws/install/crane_interfaces/share/crane_interfaces/cmake/rosidl_cmake_export_typesupport_targets-extras.cmake
[6.717s] -- Installing: /home/danielh/mas418_ros2_ws/install/crane_interfaces/share/crane_interfaces/cmake/rosidl_cmake_export_typesupport_libraries-extras.cmake
[6.717s] -- Installing: /home/danielh/mas418_ros2_ws/install/crane_interfaces/share/crane_interfaces/cmake/crane_interfacesConfig.cmake
[6.717s] -- Installing: /home/danielh/mas418_ros2_ws/install/crane_interfaces/share/crane_interfaces/cmake/crane_interfacesConfig-version.cmake
[6.717s] -- Installing: /home/danielh/mas418_ros2_ws/install/crane_interfaces/share/crane_interfaces/package.xml
[6.719s] Invoked command in '/home/danielh/mas418_ros2_ws/build/crane_interfaces' returned '0': CMAKE_PREFIX_PATH=${CMAKE_PREFIX_PATH}:/home/danielh/ros2_galactic/install/rqt_bag_plugins:/home/danielh/ros2_galactic/install/rqt_bag:/home/danielh/ros2_galactic/install/ros2bag:/home/danielh/ros2_galactic/install/tracetools_launch:/home/danielh/ros2_galactic/install/topic_monitor:/home/danielh/ros2_galactic/install/tf2_tools:/home/danielh/ros2_galactic/install/examples_tf2_py:/home/danielh/ros2_galactic/install/tf2_ros_py:/home/danielh/ros2_galactic/install/sros2:/home/danielh/ros2_galactic/install/rqt_topic:/home/danielh/ros2_galactic/install/rqt_top:/home/danielh/ros2_galactic/install/rqt_srv:/home/danielh/ros2_galactic/install/rqt_shell:/home/danielh/ros2_galactic/install/rqt_service_caller:/home/danielh/ros2_galactic/install/rqt_reconfigure:/home/danielh/ros2_galactic/install/rqt_py_console:/home/danielh/ros2_galactic/install/rqt_publisher:/home/danielh/ros2_galactic/install/rqt_plot:/home/danielh/ros2_galactic/install/rqt_action:/home/danielh/ros2_galactic/install/rqt_msg:/home/danielh/ros2_galactic/install/rqt_console:/home/danielh/ros2_galactic/install/rqt:/home/danielh/ros2_galactic/install/rqt_graph:/home/danielh/ros2_galactic/install/rqt_gui_py:/home/danielh/ros2_galactic/install/rqt_gui:/home/danielh/ros2_galactic/install/ros2trace:/home/danielh/ros2_galactic/install/ros2topic:/home/danielh/ros2_galactic/install/ros2test:/home/danielh/ros2_galactic/install/ros2component:/home/danielh/ros2_galactic/install/ros2param:/home/danielh/ros2_galactic/install/ros2lifecycle:/home/danielh/ros2_galactic/install/ros2service:/home/danielh/ros2_galactic/install/ros2run:/home/danielh/ros2_galactic/install/ros2launch:/home/danielh/ros2_galactic/install/ros2pkg:/home/danielh/ros2_galactic/install/ros2node:/home/danielh/ros2_galactic/install/ros2multicast:/home/danielh/ros2_galactic/install/ros2interface:/home/danielh/ros2_galactic/install/ros2doctor:/home/danielh/ros2_galactic/install/ros2action:/home/danielh/ros2_galactic/install/ros2cli:/home/danielh/ros2_galactic/install/quality_of_service_demo_py:/home/danielh/ros2_galactic/install/launch_testing_ros:/home/danielh/ros2_galactic/install/launch_ros:/home/danielh/ros2_galactic/install/joint_state_publisher_gui:/home/danielh/ros2_galactic/install/joint_state_publisher:/home/danielh/ros2_galactic/install/examples_rclpy_pointcloud_publisher:/home/danielh/ros2_galactic/install/examples_rclpy_minimal_subscriber:/home/danielh/ros2_galactic/install/examples_rclpy_minimal_service:/home/danielh/ros2_galactic/install/examples_rclpy_minimal_publisher:/home/danielh/ros2_galactic/install/examples_rclpy_minimal_client:/home/danielh/ros2_galactic/install/examples_rclpy_minimal_action_server:/home/danielh/ros2_galactic/install/examples_rclpy_minimal_action_client:/home/danielh/ros2_galactic/install/examples_rclpy_guard_conditions:/home/danielh/ros2_galactic/install/examples_rclpy_executors:/home/danielh/ros2_galactic/install/demo_nodes_py:/home/danielh/ros2_galactic/install/action_tutorials_py:/home/danielh/ros2_galactic/install/ament_uncrustify:/home/danielh/ros2_galactic/install/tracetools_trace:/home/danielh/ros2_galactic/install/tracetools_read:/home/danielh/ros2_galactic/install/test_launch_ros:/home/danielh/ros2_galactic/install/sensor_msgs_py:/home/danielh/ros2_galactic/install/rpyutils:/home/danielh/ros2_galactic/install/rosidl_runtime_py:/home/danielh/ros2_galactic/install/rosidl_cli:/home/danielh/ros2_galactic/install/launch_yaml:/home/danielh/ros2_galactic/install/launch_xml:/home/danielh/ros2_galactic/install/launch_testing:/home/danielh/ros2_galactic/install/launch:/home/danielh/ros2_galactic/install/osrf_pycommon:/home/danielh/ros2_galactic/install/domain_coordinator:/home/danielh/ros2_galactic/install/ament_xmllint:/home/danielh/ros2_galactic/install/ament_pyflakes:/home/danielh/ros2_galactic/install/ament_pycodestyle:/home/danielh/ros2_galactic/install/ament_pep257:/home/danielh/ros2_galactic/install/ament_pclint:/home/danielh/ros2_galactic/install/ament_package:/home/danielh/ros2_galactic/install/ament_mypy:/home/danielh/ros2_galactic/install/ament_lint_cmake:/home/danielh/ros2_galactic/install/ament_flake8:/home/danielh/ros2_galactic/install/ament_copyright:/home/danielh/ros2_galactic/install/ament_lint:/home/danielh/ros2_galactic/install/ament_index_python:/home/danielh/ros2_galactic/install/ament_cpplint:/home/danielh/ros2_galactic/install/ament_cppcheck:/home/danielh/ros2_galactic/install/ament_clang_tidy:/home/danielh/ros2_galactic/install/ament_clang_format /usr/bin/cmake --install /home/danielh/mas418_ros2_ws/build/crane_interfaces
