[1.073s] Invoking command in '/home/danielh/mas418_ros2_ws/build/urdf_tutorial_r2d2': PYTHONPATH=/home/danielh/mas418_ros2_ws/install/urdf_tutorial_r2d2/lib/python3.8/site-packages:${PYTHONPATH} /usr/bin/python3 setup.py develop --prefix /home/danielh/mas418_ros2_ws/install/urdf_tutorial_r2d2 --uninstall --editable --build-directory /home/danielh/mas418_ros2_ws/build/urdf_tutorial_r2d2/build
[1.487s] running develop
[1.638s] Invoked command in '/home/danielh/mas418_ros2_ws/build/urdf_tutorial_r2d2' returned '0': PYTHONPATH=/home/danielh/mas418_ros2_ws/install/urdf_tutorial_r2d2/lib/python3.8/site-packages:${PYTHONPATH} /usr/bin/python3 setup.py develop --prefix /home/danielh/mas418_ros2_ws/install/urdf_tutorial_r2d2 --uninstall --editable --build-directory /home/danielh/mas418_ros2_ws/build/urdf_tutorial_r2d2/build
[1.639s] Invoking command in '/home/danielh/mas418_ros2_ws/src/urdf_tutorial_r2d2': PYTHONPATH=/home/danielh/mas418_ros2_ws/install/urdf_tutorial_r2d2/lib/python3.8/site-packages:${PYTHONPATH} /usr/bin/python3 setup.py egg_info --egg-base ../../build/urdf_tutorial_r2d2 build --build-base /home/danielh/mas418_ros2_ws/build/urdf_tutorial_r2d2/build install --prefix /home/danielh/mas418_ros2_ws/install/urdf_tutorial_r2d2 --record /home/danielh/mas418_ros2_ws/build/urdf_tutorial_r2d2/install.log --single-version-externally-managed
[2.025s] running egg_info
[2.025s] writing ../../build/urdf_tutorial_r2d2/urdf_tutorial_r2d2.egg-info/PKG-INFO
[2.025s] writing dependency_links to ../../build/urdf_tutorial_r2d2/urdf_tutorial_r2d2.egg-info/dependency_links.txt
[2.026s] writing entry points to ../../build/urdf_tutorial_r2d2/urdf_tutorial_r2d2.egg-info/entry_points.txt
[2.026s] writing requirements to ../../build/urdf_tutorial_r2d2/urdf_tutorial_r2d2.egg-info/requires.txt
[2.026s] writing top-level names to ../../build/urdf_tutorial_r2d2/urdf_tutorial_r2d2.egg-info/top_level.txt
[2.052s] reading manifest file '../../build/urdf_tutorial_r2d2/urdf_tutorial_r2d2.egg-info/SOURCES.txt'
[2.053s] writing manifest file '../../build/urdf_tutorial_r2d2/urdf_tutorial_r2d2.egg-info/SOURCES.txt'
[2.053s] running build
[2.053s] running build_py
[2.053s] copying urdf_tutorial_r2d2/state_publisher.py -> /home/danielh/mas418_ros2_ws/build/urdf_tutorial_r2d2/build/lib/urdf_tutorial_r2d2
[2.053s] running install
[2.055s] running install_lib
[2.055s] copying /home/danielh/mas418_ros2_ws/build/urdf_tutorial_r2d2/build/lib/urdf_tutorial_r2d2/state_publisher.py -> /home/danielh/mas418_ros2_ws/install/urdf_tutorial_r2d2/lib/python3.8/site-packages/urdf_tutorial_r2d2
[2.057s] byte-compiling /home/danielh/mas418_ros2_ws/install/urdf_tutorial_r2d2/lib/python3.8/site-packages/urdf_tutorial_r2d2/state_publisher.py to state_publisher.cpython-38.pyc
[2.058s] running install_data
[2.058s] copying urdf/simple_green_crane.urdf -> /home/danielh/mas418_ros2_ws/install/urdf_tutorial_r2d2/share/urdf_tutorial_r2d2
[2.058s] running install_egg_info
[2.060s] removing '/home/danielh/mas418_ros2_ws/install/urdf_tutorial_r2d2/lib/python3.8/site-packages/urdf_tutorial_r2d2-0.0.0-py3.8.egg-info' (and everything under it)
[2.060s] Copying ../../build/urdf_tutorial_r2d2/urdf_tutorial_r2d2.egg-info to /home/danielh/mas418_ros2_ws/install/urdf_tutorial_r2d2/lib/python3.8/site-packages/urdf_tutorial_r2d2-0.0.0-py3.8.egg-info
[2.061s] running install_scripts
[2.079s] Installing state_publisher script to /home/danielh/mas418_ros2_ws/install/urdf_tutorial_r2d2/lib/urdf_tutorial_r2d2
[2.079s] writing list of installed files to '/home/danielh/mas418_ros2_ws/build/urdf_tutorial_r2d2/install.log'
[2.093s] Invoked command in '/home/danielh/mas418_ros2_ws/src/urdf_tutorial_r2d2' returned '0': PYTHONPATH=/home/danielh/mas418_ros2_ws/install/urdf_tutorial_r2d2/lib/python3.8/site-packages:${PYTHONPATH} /usr/bin/python3 setup.py egg_info --egg-base ../../build/urdf_tutorial_r2d2 build --build-base /home/danielh/mas418_ros2_ws/build/urdf_tutorial_r2d2/build install --prefix /home/danielh/mas418_ros2_ws/install/urdf_tutorial_r2d2 --record /home/danielh/mas418_ros2_ws/build/urdf_tutorial_r2d2/install.log --single-version-externally-managed
