[0.998s] Invoking command in '/home/danielh/mas418_ros2_ws/build/urdf_tutorial_r2d2': PYTHONPATH=/home/danielh/mas418_ros2_ws/install/urdf_tutorial_r2d2/lib/python3.8/site-packages:${PYTHONPATH} /usr/bin/python3 setup.py develop --prefix /home/danielh/mas418_ros2_ws/install/urdf_tutorial_r2d2 --uninstall --editable --build-directory /home/danielh/mas418_ros2_ws/build/urdf_tutorial_r2d2/build
[1.403s] running develop
[1.559s] Invoked command in '/home/danielh/mas418_ros2_ws/build/urdf_tutorial_r2d2' returned '0': PYTHONPATH=/home/danielh/mas418_ros2_ws/install/urdf_tutorial_r2d2/lib/python3.8/site-packages:${PYTHONPATH} /usr/bin/python3 setup.py develop --prefix /home/danielh/mas418_ros2_ws/install/urdf_tutorial_r2d2 --uninstall --editable --build-directory /home/danielh/mas418_ros2_ws/build/urdf_tutorial_r2d2/build
[1.560s] Invoking command in '/home/danielh/mas418_ros2_ws/src/urdf_tutorial_r2d2': PYTHONPATH=/home/danielh/mas418_ros2_ws/install/urdf_tutorial_r2d2/lib/python3.8/site-packages:${PYTHONPATH} /usr/bin/python3 setup.py egg_info --egg-base ../../build/urdf_tutorial_r2d2 build --build-base /home/danielh/mas418_ros2_ws/build/urdf_tutorial_r2d2/build install --prefix /home/danielh/mas418_ros2_ws/install/urdf_tutorial_r2d2 --record /home/danielh/mas418_ros2_ws/build/urdf_tutorial_r2d2/install.log --single-version-externally-managed
[1.937s] running egg_info
[1.937s] writing ../../build/urdf_tutorial_r2d2/urdf_tutorial_r2d2.egg-info/PKG-INFO
[1.938s] writing dependency_links to ../../build/urdf_tutorial_r2d2/urdf_tutorial_r2d2.egg-info/dependency_links.txt
[1.938s] writing entry points to ../../build/urdf_tutorial_r2d2/urdf_tutorial_r2d2.egg-info/entry_points.txt
[1.938s] writing requirements to ../../build/urdf_tutorial_r2d2/urdf_tutorial_r2d2.egg-info/requires.txt
[1.938s] writing top-level names to ../../build/urdf_tutorial_r2d2/urdf_tutorial_r2d2.egg-info/top_level.txt
[1.966s] reading manifest file '../../build/urdf_tutorial_r2d2/urdf_tutorial_r2d2.egg-info/SOURCES.txt'
[1.966s] writing manifest file '../../build/urdf_tutorial_r2d2/urdf_tutorial_r2d2.egg-info/SOURCES.txt'
[1.966s] running build
[1.966s] running build_py
[1.967s] running install
[1.968s] running install_lib
[1.970s] running install_data
[1.970s] copying launch/demo.launch.py -> /home/danielh/mas418_ros2_ws/install/urdf_tutorial_r2d2/share/urdf_tutorial_r2d2
[1.970s] running install_egg_info
[1.972s] removing '/home/danielh/mas418_ros2_ws/install/urdf_tutorial_r2d2/lib/python3.8/site-packages/urdf_tutorial_r2d2-0.0.0-py3.8.egg-info' (and everything under it)
[1.972s] Copying ../../build/urdf_tutorial_r2d2/urdf_tutorial_r2d2.egg-info to /home/danielh/mas418_ros2_ws/install/urdf_tutorial_r2d2/lib/python3.8/site-packages/urdf_tutorial_r2d2-0.0.0-py3.8.egg-info
[1.973s] running install_scripts
[1.990s] Installing state_publisher script to /home/danielh/mas418_ros2_ws/install/urdf_tutorial_r2d2/lib/urdf_tutorial_r2d2
[1.990s] writing list of installed files to '/home/danielh/mas418_ros2_ws/build/urdf_tutorial_r2d2/install.log'
[2.004s] Invoked command in '/home/danielh/mas418_ros2_ws/src/urdf_tutorial_r2d2' returned '0': PYTHONPATH=/home/danielh/mas418_ros2_ws/install/urdf_tutorial_r2d2/lib/python3.8/site-packages:${PYTHONPATH} /usr/bin/python3 setup.py egg_info --egg-base ../../build/urdf_tutorial_r2d2 build --build-base /home/danielh/mas418_ros2_ws/build/urdf_tutorial_r2d2/build install --prefix /home/danielh/mas418_ros2_ws/install/urdf_tutorial_r2d2 --record /home/danielh/mas418_ros2_ws/build/urdf_tutorial_r2d2/install.log --single-version-externally-managed
