[0.068s] Invoking command in '/home/danielh/mas418_ros2_ws/build/crane_interfaces': CMAKE_PREFIX_PATH=${CMAKE_PREFIX_PATH}:/home/danielh/mas418_ros2_ws/install/urdf_tutorial_r2d2:/home/danielh/mas418_ros2_ws/install/py_pubsub:/home/danielh/mas418_ros2_ws/install/crane_simulator:/home/danielh/ros2_galactic/install/rqt_bag_plugins:/home/danielh/ros2_galactic/install/rqt_bag:/home/danielh/ros2_galactic/install/ros2bag:/home/danielh/ros2_galactic/install/tracetools_launch:/home/danielh/ros2_galactic/install/topic_monitor:/home/danielh/ros2_galactic/install/tf2_tools:/home/danielh/ros2_galactic/install/examples_tf2_py:/home/danielh/ros2_galactic/install/tf2_ros_py:/home/danielh/ros2_galactic/install/sros2:/home/danielh/ros2_galactic/install/rqt_topic:/home/danielh/ros2_galactic/install/rqt_top:/home/danielh/ros2_galactic/install/rqt_srv:/home/danielh/ros2_galactic/install/rqt_shell:/home/danielh/ros2_galactic/install/rqt_service_caller:/home/danielh/ros2_galactic/install/rqt_reconfigure:/home/danielh/ros2_galactic/install/rqt_py_console:/home/danielh/ros2_galactic/install/rqt_publisher:/home/danielh/ros2_galactic/install/rqt_plot:/home/danielh/ros2_galactic/install/rqt_action:/home/danielh/ros2_galactic/install/rqt_msg:/home/danielh/ros2_galactic/install/rqt_console:/home/danielh/ros2_galactic/install/rqt:/home/danielh/ros2_galactic/install/rqt_graph:/home/danielh/ros2_galactic/install/rqt_gui_py:/home/danielh/ros2_galactic/install/rqt_gui:/home/danielh/ros2_galactic/install/ros2trace:/home/danielh/ros2_galactic/install/ros2topic:/home/danielh/ros2_galactic/install/ros2test:/home/danielh/ros2_galactic/install/ros2component:/home/danielh/ros2_galactic/install/ros2param:/home/danielh/ros2_galactic/install/ros2lifecycle:/home/danielh/ros2_galactic/install/ros2service:/home/danielh/ros2_galactic/install/ros2run:/home/danielh/ros2_galactic/install/ros2launch:/home/danielh/ros2_galactic/install/ros2pkg:/home/danielh/ros2_galactic/install/ros2node:/home/danielh/ros2_galactic/install/ros2multicast:/home/danielh/ros2_galactic/install/ros2interface:/home/danielh/ros2_galactic/install/ros2doctor:/home/danielh/ros2_galactic/install/ros2action:/home/danielh/ros2_galactic/install/ros2cli:/home/danielh/ros2_galactic/install/quality_of_service_demo_py:/home/danielh/ros2_galactic/install/launch_testing_ros:/home/danielh/ros2_galactic/install/launch_ros:/home/danielh/ros2_galactic/install/joint_state_publisher_gui:/home/danielh/ros2_galactic/install/joint_state_publisher:/home/danielh/ros2_galactic/install/examples_rclpy_pointcloud_publisher:/home/danielh/ros2_galactic/install/examples_rclpy_minimal_subscriber:/home/danielh/ros2_galactic/install/examples_rclpy_minimal_service:/home/danielh/ros2_galactic/install/examples_rclpy_minimal_publisher:/home/danielh/ros2_galactic/install/examples_rclpy_minimal_client:/home/danielh/ros2_galactic/install/examples_rclpy_minimal_action_server:/home/danielh/ros2_galactic/install/examples_rclpy_minimal_action_client:/home/danielh/ros2_galactic/install/examples_rclpy_guard_conditions:/home/danielh/ros2_galactic/install/examples_rclpy_executors:/home/danielh/ros2_galactic/install/demo_nodes_py:/home/danielh/ros2_galactic/install/action_tutorials_py:/home/danielh/ros2_galactic/install/ament_uncrustify:/home/danielh/ros2_galactic/install/tracetools_trace:/home/danielh/ros2_galactic/install/tracetools_read:/home/danielh/ros2_galactic/install/test_launch_ros:/home/danielh/ros2_galactic/install/sensor_msgs_py:/home/danielh/ros2_galactic/install/rpyutils:/home/danielh/ros2_galactic/install/rosidl_runtime_py:/home/danielh/ros2_galactic/install/rosidl_cli:/home/danielh/ros2_galactic/install/launch_yaml:/home/danielh/ros2_galactic/install/launch_xml:/home/danielh/ros2_galactic/install/launch_testing:/home/danielh/ros2_galactic/install/launch:/home/danielh/ros2_galactic/install/osrf_pycommon:/home/danielh/ros2_galactic/install/domain_coordinator:/home/danielh/ros2_galactic/install/ament_xmllint:/home/danielh/ros2_galactic/install/ament_pyflakes:/home/danielh/ros2_galactic/install/ament_pycodestyle:/home/danielh/ros2_galactic/install/ament_pep257:/home/danielh/ros2_galactic/install/ament_pclint:/home/danielh/ros2_galactic/install/ament_package:/home/danielh/ros2_galactic/install/ament_mypy:/home/danielh/ros2_galactic/install/ament_lint_cmake:/home/danielh/ros2_galactic/install/ament_flake8:/home/danielh/ros2_galactic/install/ament_copyright:/home/danielh/ros2_galactic/install/ament_lint:/home/danielh/ros2_galactic/install/ament_index_python:/home/danielh/ros2_galactic/install/ament_cpplint:/home/danielh/ros2_galactic/install/ament_cppcheck:/home/danielh/ros2_galactic/install/ament_clang_tidy:/home/danielh/ros2_galactic/install/ament_clang_format /usr/bin/cmake --build /home/danielh/mas418_ros2_ws/build/crane_interfaces -- -j12 -l12
[0.151s] [  9%] Built target crane_interfaces__cpp
[0.151s] [ 12%] Built target crane_interfaces__rosidl_generator_c
[0.184s] [ 32%] Built target crane_interfaces__rosidl_typesupport_c
[0.185s] [ 32%] Built target crane_interfaces__rosidl_typesupport_cpp
[0.185s] [ 41%] Built target crane_interfaces__rosidl_typesupport_fastrtps_cpp
[0.185s] [ 51%] Built target crane_interfaces__rosidl_typesupport_introspection_c
[0.186s] [ 61%] Built target crane_interfaces__rosidl_typesupport_introspection_cpp
[0.224s] [ 70%] Built target crane_interfaces__rosidl_typesupport_fastrtps_c
[0.255s] [ 70%] Built target crane_interfaces
[0.289s] [ 74%] Built target crane_interfaces__py
[0.325s] [ 80%] Built target crane_interfaces__python
[0.360s] [100%] Built target crane_interfaces__rosidl_typesupport_c__pyext
[0.360s] [100%] Built target crane_interfaces__rosidl_typesupport_introspection_c__pyext
[0.360s] [100%] Built target crane_interfaces__rosidl_typesupport_fastrtps_c__pyext
[0.374s] Invoked command in '/home/danielh/mas418_ros2_ws/build/crane_interfaces' returned '0': CMAKE_PREFIX_PATH=${CMAKE_PREFIX_PATH}:/home/danielh/mas418_ros2_ws/install/urdf_tutorial_r2d2:/home/danielh/mas418_ros2_ws/install/py_pubsub:/home/danielh/mas418_ros2_ws/install/crane_simulator:/home/danielh/ros2_galactic/install/rqt_bag_plugins:/home/danielh/ros2_galactic/install/rqt_bag:/home/danielh/ros2_galactic/install/ros2bag:/home/danielh/ros2_galactic/install/tracetools_launch:/home/danielh/ros2_galactic/install/topic_monitor:/home/danielh/ros2_galactic/install/tf2_tools:/home/danielh/ros2_galactic/install/examples_tf2_py:/home/danielh/ros2_galactic/install/tf2_ros_py:/home/danielh/ros2_galactic/install/sros2:/home/danielh/ros2_galactic/install/rqt_topic:/home/danielh/ros2_galactic/install/rqt_top:/home/danielh/ros2_galactic/install/rqt_srv:/home/danielh/ros2_galactic/install/rqt_shell:/home/danielh/ros2_galactic/install/rqt_service_caller:/home/danielh/ros2_galactic/install/rqt_reconfigure:/home/danielh/ros2_galactic/install/rqt_py_console:/home/danielh/ros2_galactic/install/rqt_publisher:/home/danielh/ros2_galactic/install/rqt_plot:/home/danielh/ros2_galactic/install/rqt_action:/home/danielh/ros2_galactic/install/rqt_msg:/home/danielh/ros2_galactic/install/rqt_console:/home/danielh/ros2_galactic/install/rqt:/home/danielh/ros2_galactic/install/rqt_graph:/home/danielh/ros2_galactic/install/rqt_gui_py:/home/danielh/ros2_galactic/install/rqt_gui:/home/danielh/ros2_galactic/install/ros2trace:/home/danielh/ros2_galactic/install/ros2topic:/home/danielh/ros2_galactic/install/ros2test:/home/danielh/ros2_galactic/install/ros2component:/home/danielh/ros2_galactic/install/ros2param:/home/danielh/ros2_galactic/install/ros2lifecycle:/home/danielh/ros2_galactic/install/ros2service:/home/danielh/ros2_galactic/install/ros2run:/home/danielh/ros2_galactic/install/ros2launch:/home/danielh/ros2_galactic/install/ros2pkg:/home/danielh/ros2_galactic/install/ros2node:/home/danielh/ros2_galactic/install/ros2multicast:/home/danielh/ros2_galactic/install/ros2interface:/home/danielh/ros2_galactic/install/ros2doctor:/home/danielh/ros2_galactic/install/ros2action:/home/danielh/ros2_galactic/install/ros2cli:/home/danielh/ros2_galactic/install/quality_of_service_demo_py:/home/danielh/ros2_galactic/install/launch_testing_ros:/home/danielh/ros2_galactic/install/launch_ros:/home/danielh/ros2_galactic/install/joint_state_publisher_gui:/home/danielh/ros2_galactic/install/joint_state_publisher:/home/danielh/ros2_galactic/install/examples_rclpy_pointcloud_publisher:/home/danielh/ros2_galactic/install/examples_rclpy_minimal_subscriber:/home/danielh/ros2_galactic/install/examples_rclpy_minimal_service:/home/danielh/ros2_galactic/install/examples_rclpy_minimal_publisher:/home/danielh/ros2_galactic/install/examples_rclpy_minimal_client:/home/danielh/ros2_galactic/install/examples_rclpy_minimal_action_server:/home/danielh/ros2_galactic/install/examples_rclpy_minimal_action_client:/home/danielh/ros2_galactic/install/examples_rclpy_guard_conditions:/home/danielh/ros2_galactic/install/examples_rclpy_executors:/home/danielh/ros2_galactic/install/demo_nodes_py:/home/danielh/ros2_galactic/install/action_tutorials_py:/home/danielh/ros2_galactic/install/ament_uncrustify:/home/danielh/ros2_galactic/install/tracetools_trace:/home/danielh/ros2_galactic/install/tracetools_read:/home/danielh/ros2_galactic/install/test_launch_ros:/home/danielh/ros2_galactic/install/sensor_msgs_py:/home/danielh/ros2_galactic/install/rpyutils:/home/danielh/ros2_galactic/install/rosidl_runtime_py:/home/danielh/ros2_galactic/install/rosidl_cli:/home/danielh/ros2_galactic/install/launch_yaml:/home/danielh/ros2_galactic/install/launch_xml:/home/danielh/ros2_galactic/install/launch_testing:/home/danielh/ros2_galactic/install/launch:/home/danielh/ros2_galactic/install/osrf_pycommon:/home/danielh/ros2_galactic/install/domain_coordinator:/home/danielh/ros2_galactic/install/ament_xmllint:/home/danielh/ros2_galactic/install/ament_pyflakes:/home/danielh/ros2_galactic/install/ament_pycodestyle:/home/danielh/ros2_galactic/install/ament_pep257:/home/danielh/ros2_galactic/install/ament_pclint:/home/danielh/ros2_galactic/install/ament_package:/home/danielh/ros2_galactic/install/ament_mypy:/home/danielh/ros2_galactic/install/ament_lint_cmake:/home/danielh/ros2_galactic/install/ament_flake8:/home/danielh/ros2_galactic/install/ament_copyright:/home/danielh/ros2_galactic/install/ament_lint:/home/danielh/ros2_galactic/install/ament_index_python:/home/danielh/ros2_galactic/install/ament_cpplint:/home/danielh/ros2_galactic/install/ament_cppcheck:/home/danielh/ros2_galactic/install/ament_clang_tidy:/home/danielh/ros2_galactic/install/ament_clang_format /usr/bin/cmake --build /home/danielh/mas418_ros2_ws/build/crane_interfaces -- -j12 -l12
[0.482s] Invoking command in '/home/danielh/mas418_ros2_ws/build/crane_interfaces': CMAKE_PREFIX_PATH=${CMAKE_PREFIX_PATH}:/home/danielh/mas418_ros2_ws/install/urdf_tutorial_r2d2:/home/danielh/mas418_ros2_ws/install/py_pubsub:/home/danielh/mas418_ros2_ws/install/crane_simulator:/home/danielh/ros2_galactic/install/rqt_bag_plugins:/home/danielh/ros2_galactic/install/rqt_bag:/home/danielh/ros2_galactic/install/ros2bag:/home/danielh/ros2_galactic/install/tracetools_launch:/home/danielh/ros2_galactic/install/topic_monitor:/home/danielh/ros2_galactic/install/tf2_tools:/home/danielh/ros2_galactic/install/examples_tf2_py:/home/danielh/ros2_galactic/install/tf2_ros_py:/home/danielh/ros2_galactic/install/sros2:/home/danielh/ros2_galactic/install/rqt_topic:/home/danielh/ros2_galactic/install/rqt_top:/home/danielh/ros2_galactic/install/rqt_srv:/home/danielh/ros2_galactic/install/rqt_shell:/home/danielh/ros2_galactic/install/rqt_service_caller:/home/danielh/ros2_galactic/install/rqt_reconfigure:/home/danielh/ros2_galactic/install/rqt_py_console:/home/danielh/ros2_galactic/install/rqt_publisher:/home/danielh/ros2_galactic/install/rqt_plot:/home/danielh/ros2_galactic/install/rqt_action:/home/danielh/ros2_galactic/install/rqt_msg:/home/danielh/ros2_galactic/install/rqt_console:/home/danielh/ros2_galactic/install/rqt:/home/danielh/ros2_galactic/install/rqt_graph:/home/danielh/ros2_galactic/install/rqt_gui_py:/home/danielh/ros2_galactic/install/rqt_gui:/home/danielh/ros2_galactic/install/ros2trace:/home/danielh/ros2_galactic/install/ros2topic:/home/danielh/ros2_galactic/install/ros2test:/home/danielh/ros2_galactic/install/ros2component:/home/danielh/ros2_galactic/install/ros2param:/home/danielh/ros2_galactic/install/ros2lifecycle:/home/danielh/ros2_galactic/install/ros2service:/home/danielh/ros2_galactic/install/ros2run:/home/danielh/ros2_galactic/install/ros2launch:/home/danielh/ros2_galactic/install/ros2pkg:/home/danielh/ros2_galactic/install/ros2node:/home/danielh/ros2_galactic/install/ros2multicast:/home/danielh/ros2_galactic/install/ros2interface:/home/danielh/ros2_galactic/install/ros2doctor:/home/danielh/ros2_galactic/install/ros2action:/home/danielh/ros2_galactic/install/ros2cli:/home/danielh/ros2_galactic/install/quality_of_service_demo_py:/home/danielh/ros2_galactic/install/launch_testing_ros:/home/danielh/ros2_galactic/install/launch_ros:/home/danielh/ros2_galactic/install/joint_state_publisher_gui:/home/danielh/ros2_galactic/install/joint_state_publisher:/home/danielh/ros2_galactic/install/examples_rclpy_pointcloud_publisher:/home/danielh/ros2_galactic/install/examples_rclpy_minimal_subscriber:/home/danielh/ros2_galactic/install/examples_rclpy_minimal_service:/home/danielh/ros2_galactic/install/examples_rclpy_minimal_publisher:/home/danielh/ros2_galactic/install/examples_rclpy_minimal_client:/home/danielh/ros2_galactic/install/examples_rclpy_minimal_action_server:/home/danielh/ros2_galactic/install/examples_rclpy_minimal_action_client:/home/danielh/ros2_galactic/install/examples_rclpy_guard_conditions:/home/danielh/ros2_galactic/install/examples_rclpy_executors:/home/danielh/ros2_galactic/install/demo_nodes_py:/home/danielh/ros2_galactic/install/action_tutorials_py:/home/danielh/ros2_galactic/install/ament_uncrustify:/home/danielh/ros2_galactic/install/tracetools_trace:/home/danielh/ros2_galactic/install/tracetools_read:/home/danielh/ros2_galactic/install/test_launch_ros:/home/danielh/ros2_galactic/install/sensor_msgs_py:/home/danielh/ros2_galactic/install/rpyutils:/home/danielh/ros2_galactic/install/rosidl_runtime_py:/home/danielh/ros2_galactic/install/rosidl_cli:/home/danielh/ros2_galactic/install/launch_yaml:/home/danielh/ros2_galactic/install/launch_xml:/home/danielh/ros2_galactic/install/launch_testing:/home/danielh/ros2_galactic/install/launch:/home/danielh/ros2_galactic/install/osrf_pycommon:/home/danielh/ros2_galactic/install/domain_coordinator:/home/danielh/ros2_galactic/install/ament_xmllint:/home/danielh/ros2_galactic/install/ament_pyflakes:/home/danielh/ros2_galactic/install/ament_pycodestyle:/home/danielh/ros2_galactic/install/ament_pep257:/home/danielh/ros2_galactic/install/ament_pclint:/home/danielh/ros2_galactic/install/ament_package:/home/danielh/ros2_galactic/install/ament_mypy:/home/danielh/ros2_galactic/install/ament_lint_cmake:/home/danielh/ros2_galactic/install/ament_flake8:/home/danielh/ros2_galactic/install/ament_copyright:/home/danielh/ros2_galactic/install/ament_lint:/home/danielh/ros2_galactic/install/ament_index_python:/home/danielh/ros2_galactic/install/ament_cpplint:/home/danielh/ros2_galactic/install/ament_cppcheck:/home/danielh/ros2_galactic/install/ament_clang_tidy:/home/danielh/ros2_galactic/install/ament_clang_format /usr/bin/cmake --install /home/danielh/mas418_ros2_ws/build/crane_interfaces
[0.494s] -- Install configuration: ""
[0.494s] -- Up-to-date: /home/danielh/mas418_ros2_ws/install/crane_interfaces/share/ament_index/resource_index/rosidl_interfaces/crane_interfaces
[0.494s] -- Up-to-date: /home/danielh/mas418_ros2_ws/install/crane_interfaces/include/crane_interfaces
[0.494s] -- Up-to-date: /home/danielh/mas418_ros2_ws/install/crane_interfaces/include/crane_interfaces/msg
[0.494s] -- Up-to-date: /home/danielh/mas418_ros2_ws/install/crane_interfaces/include/crane_interfaces/msg/detail
[0.495s] -- Up-to-date: /home/danielh/mas418_ros2_ws/install/crane_interfaces/include/crane_interfaces/msg/detail/motion_reference__functions.c
[0.495s] -- Up-to-date: /home/danielh/mas418_ros2_ws/install/crane_interfaces/include/crane_interfaces/msg/detail/motion_reference__struct.h
[0.495s] -- Up-to-date: /home/danielh/mas418_ros2_ws/install/crane_interfaces/include/crane_interfaces/msg/detail/motion_reference__type_support.h
[0.495s] -- Up-to-date: /home/danielh/mas418_ros2_ws/install/crane_interfaces/include/crane_interfaces/msg/detail/motion_reference__functions.h
[0.495s] -- Up-to-date: /home/danielh/mas418_ros2_ws/install/crane_interfaces/include/crane_interfaces/msg/motion_reference.h
[0.495s] -- Up-to-date: /home/danielh/mas418_ros2_ws/install/crane_interfaces/include/crane_interfaces/msg/rosidl_generator_c__visibility_control.h
[0.495s] -- Up-to-date: /home/danielh/mas418_ros2_ws/install/crane_interfaces/share/crane_interfaces/environment/library_path.sh
[0.495s] -- Up-to-date: /home/danielh/mas418_ros2_ws/install/crane_interfaces/share/crane_interfaces/environment/library_path.dsv
[0.495s] -- Up-to-date: /home/danielh/mas418_ros2_ws/install/crane_interfaces/lib/libcrane_interfaces__rosidl_generator_c.so
[0.495s] -- Up-to-date: /home/danielh/mas418_ros2_ws/install/crane_interfaces/include/crane_interfaces
[0.495s] -- Up-to-date: /home/danielh/mas418_ros2_ws/install/crane_interfaces/include/crane_interfaces/msg
[0.495s] -- Up-to-date: /home/danielh/mas418_ros2_ws/install/crane_interfaces/include/crane_interfaces/msg/detail
[0.495s] -- Up-to-date: /home/danielh/mas418_ros2_ws/install/crane_interfaces/include/crane_interfaces/msg/detail/motion_reference__rosidl_typesupport_introspection_c.h
[0.495s] -- Up-to-date: /home/danielh/mas418_ros2_ws/install/crane_interfaces/include/crane_interfaces/msg/detail/motion_reference__type_support.c
[0.495s] -- Up-to-date: /home/danielh/mas418_ros2_ws/install/crane_interfaces/include/crane_interfaces/msg/rosidl_typesupport_introspection_c__visibility_control.h
[0.496s] -- Up-to-date: /home/danielh/mas418_ros2_ws/install/crane_interfaces/lib/libcrane_interfaces__rosidl_typesupport_introspection_c.so
[0.496s] -- Up-to-date: /home/danielh/mas418_ros2_ws/install/crane_interfaces/include/crane_interfaces
[0.496s] -- Up-to-date: /home/danielh/mas418_ros2_ws/install/crane_interfaces/include/crane_interfaces/msg
[0.496s] -- Up-to-date: /home/danielh/mas418_ros2_ws/install/crane_interfaces/include/crane_interfaces/msg/detail
[0.496s] -- Up-to-date: /home/danielh/mas418_ros2_ws/install/crane_interfaces/include/crane_interfaces/msg/detail/motion_reference__rosidl_typesupport_fastrtps_c.h
[0.496s] -- Up-to-date: /home/danielh/mas418_ros2_ws/install/crane_interfaces/include/crane_interfaces/msg/rosidl_typesupport_fastrtps_c__visibility_control.h
[0.496s] -- Up-to-date: /home/danielh/mas418_ros2_ws/install/crane_interfaces/lib/libcrane_interfaces__rosidl_typesupport_fastrtps_c.so
[0.496s] -- Up-to-date: /home/danielh/mas418_ros2_ws/install/crane_interfaces/include/crane_interfaces
[0.496s] -- Up-to-date: /home/danielh/mas418_ros2_ws/install/crane_interfaces/include/crane_interfaces/msg
[0.496s] -- Up-to-date: /home/danielh/mas418_ros2_ws/install/crane_interfaces/include/crane_interfaces/msg/detail
[0.496s] -- Up-to-date: /home/danielh/mas418_ros2_ws/install/crane_interfaces/include/crane_interfaces/msg/detail/dds_fastrtps
[0.496s] -- Up-to-date: /home/danielh/mas418_ros2_ws/install/crane_interfaces/include/crane_interfaces/msg/detail/motion_reference__rosidl_typesupport_fastrtps_cpp.hpp
[0.496s] -- Up-to-date: /home/danielh/mas418_ros2_ws/install/crane_interfaces/include/crane_interfaces/msg/rosidl_typesupport_fastrtps_cpp__visibility_control.h
[0.496s] -- Up-to-date: /home/danielh/mas418_ros2_ws/install/crane_interfaces/lib/libcrane_interfaces__rosidl_typesupport_fastrtps_cpp.so
[0.496s] -- Up-to-date: /home/danielh/mas418_ros2_ws/install/crane_interfaces/lib/libcrane_interfaces__rosidl_typesupport_c.so
[0.496s] -- Up-to-date: /home/danielh/mas418_ros2_ws/install/crane_interfaces/include/crane_interfaces
[0.496s] -- Up-to-date: /home/danielh/mas418_ros2_ws/install/crane_interfaces/include/crane_interfaces/msg
[0.497s] -- Up-to-date: /home/danielh/mas418_ros2_ws/install/crane_interfaces/include/crane_interfaces/msg/detail
[0.497s] -- Up-to-date: /home/danielh/mas418_ros2_ws/install/crane_interfaces/include/crane_interfaces/msg/detail/motion_reference__builder.hpp
[0.497s] -- Up-to-date: /home/danielh/mas418_ros2_ws/install/crane_interfaces/include/crane_interfaces/msg/detail/motion_reference__struct.hpp
[0.497s] -- Up-to-date: /home/danielh/mas418_ros2_ws/install/crane_interfaces/include/crane_interfaces/msg/detail/motion_reference__traits.hpp
[0.497s] -- Up-to-date: /home/danielh/mas418_ros2_ws/install/crane_interfaces/include/crane_interfaces/msg/motion_reference.hpp
[0.497s] -- Up-to-date: /home/danielh/mas418_ros2_ws/install/crane_interfaces/include/crane_interfaces
[0.497s] -- Up-to-date: /home/danielh/mas418_ros2_ws/install/crane_interfaces/include/crane_interfaces/msg
[0.497s] -- Up-to-date: /home/danielh/mas418_ros2_ws/install/crane_interfaces/include/crane_interfaces/msg/detail
[0.497s] -- Up-to-date: /home/danielh/mas418_ros2_ws/install/crane_interfaces/include/crane_interfaces/msg/detail/motion_reference__rosidl_typesupport_introspection_cpp.hpp
[0.497s] -- Up-to-date: /home/danielh/mas418_ros2_ws/install/crane_interfaces/include/crane_interfaces/msg/detail/motion_reference__type_support.cpp
[0.497s] -- Up-to-date: /home/danielh/mas418_ros2_ws/install/crane_interfaces/lib/libcrane_interfaces__rosidl_typesupport_introspection_cpp.so
[0.497s] -- Up-to-date: /home/danielh/mas418_ros2_ws/install/crane_interfaces/lib/libcrane_interfaces__rosidl_typesupport_cpp.so
[0.497s] -- Up-to-date: /home/danielh/mas418_ros2_ws/install/crane_interfaces/share/crane_interfaces/environment/pythonpath.sh
[0.497s] -- Up-to-date: /home/danielh/mas418_ros2_ws/install/crane_interfaces/share/crane_interfaces/environment/pythonpath.dsv
[0.497s] -- Up-to-date: /home/danielh/mas418_ros2_ws/install/crane_interfaces/lib/python3.8/site-packages/crane_interfaces/__init__.py
[0.675s] -- Up-to-date: /home/danielh/mas418_ros2_ws/install/crane_interfaces/lib/python3.8/site-packages/crane_interfaces/msg
[0.675s] -- Up-to-date: /home/danielh/mas418_ros2_ws/install/crane_interfaces/lib/python3.8/site-packages/crane_interfaces/msg/_motion_reference.py
[0.675s] -- Up-to-date: /home/danielh/mas418_ros2_ws/install/crane_interfaces/lib/python3.8/site-packages/crane_interfaces/msg/__init__.py
[0.675s] -- Up-to-date: /home/danielh/mas418_ros2_ws/install/crane_interfaces/lib/python3.8/site-packages/crane_interfaces/msg/_motion_reference_s.c
[0.675s] -- Up-to-date: /home/danielh/mas418_ros2_ws/install/crane_interfaces/lib/python3.8/site-packages/crane_interfaces/crane_interfaces_s__rosidl_typesupport_introspection_c.cpython-38-x86_64-linux-gnu.so
[0.676s] -- Up-to-date: /home/danielh/mas418_ros2_ws/install/crane_interfaces/lib/python3.8/site-packages/crane_interfaces/crane_interfaces_s__rosidl_typesupport_fastrtps_c.cpython-38-x86_64-linux-gnu.so
[0.676s] -- Up-to-date: /home/danielh/mas418_ros2_ws/install/crane_interfaces/lib/python3.8/site-packages/crane_interfaces/crane_interfaces_s__rosidl_typesupport_c.cpython-38-x86_64-linux-gnu.so
[0.677s] -- Up-to-date: /home/danielh/mas418_ros2_ws/install/crane_interfaces/lib/libcrane_interfaces__python.so
[0.677s] -- Up-to-date: /home/danielh/mas418_ros2_ws/install/crane_interfaces/share/crane_interfaces/msg/MotionReference.idl
[0.677s] -- Up-to-date: /home/danielh/mas418_ros2_ws/install/crane_interfaces/share/crane_interfaces/msg/MotionReference.msg
[0.677s] -- Up-to-date: /home/danielh/mas418_ros2_ws/install/crane_interfaces/share/ament_index/resource_index/package_run_dependencies/crane_interfaces
[0.677s] -- Up-to-date: /home/danielh/mas418_ros2_ws/install/crane_interfaces/share/ament_index/resource_index/parent_prefix_path/crane_interfaces
[0.677s] -- Up-to-date: /home/danielh/mas418_ros2_ws/install/crane_interfaces/share/crane_interfaces/environment/ament_prefix_path.dsv
[0.677s] -- Up-to-date: /home/danielh/mas418_ros2_ws/install/crane_interfaces/share/crane_interfaces/environment/path.dsv
[0.677s] -- Up-to-date: /home/danielh/mas418_ros2_ws/install/crane_interfaces/share/crane_interfaces/local_setup.bash
[0.677s] -- Up-to-date: /home/danielh/mas418_ros2_ws/install/crane_interfaces/share/crane_interfaces/local_setup.sh
[0.677s] -- Up-to-date: /home/danielh/mas418_ros2_ws/install/crane_interfaces/share/crane_interfaces/local_setup.zsh
[0.678s] -- Up-to-date: /home/danielh/mas418_ros2_ws/install/crane_interfaces/share/crane_interfaces/local_setup.dsv
[0.678s] -- Installing: /home/danielh/mas418_ros2_ws/install/crane_interfaces/share/crane_interfaces/package.dsv
[0.678s] -- Up-to-date: /home/danielh/mas418_ros2_ws/install/crane_interfaces/share/ament_index/resource_index/packages/crane_interfaces
[0.678s] -- Up-to-date: /home/danielh/mas418_ros2_ws/install/crane_interfaces/share/crane_interfaces/cmake/crane_interfaces__rosidl_generator_cExport.cmake
[0.678s] -- Up-to-date: /home/danielh/mas418_ros2_ws/install/crane_interfaces/share/crane_interfaces/cmake/crane_interfaces__rosidl_generator_cExport-noconfig.cmake
[0.678s] -- Up-to-date: /home/danielh/mas418_ros2_ws/install/crane_interfaces/share/crane_interfaces/cmake/crane_interfaces__rosidl_typesupport_introspection_cExport.cmake
[0.678s] -- Up-to-date: /home/danielh/mas418_ros2_ws/install/crane_interfaces/share/crane_interfaces/cmake/crane_interfaces__rosidl_typesupport_introspection_cExport-noconfig.cmake
[0.678s] -- Up-to-date: /home/danielh/mas418_ros2_ws/install/crane_interfaces/share/crane_interfaces/cmake/crane_interfaces__rosidl_typesupport_cExport.cmake
[0.678s] -- Up-to-date: /home/danielh/mas418_ros2_ws/install/crane_interfaces/share/crane_interfaces/cmake/crane_interfaces__rosidl_typesupport_cExport-noconfig.cmake
[0.678s] -- Up-to-date: /home/danielh/mas418_ros2_ws/install/crane_interfaces/share/crane_interfaces/cmake/crane_interfaces__rosidl_generator_cppExport.cmake
[0.678s] -- Up-to-date: /home/danielh/mas418_ros2_ws/install/crane_interfaces/share/crane_interfaces/cmake/crane_interfaces__rosidl_typesupport_introspection_cppExport.cmake
[0.678s] -- Up-to-date: /home/danielh/mas418_ros2_ws/install/crane_interfaces/share/crane_interfaces/cmake/crane_interfaces__rosidl_typesupport_introspection_cppExport-noconfig.cmake
[0.678s] -- Up-to-date: /home/danielh/mas418_ros2_ws/install/crane_interfaces/share/crane_interfaces/cmake/crane_interfaces__rosidl_typesupport_cppExport.cmake
[0.678s] -- Up-to-date: /home/danielh/mas418_ros2_ws/install/crane_interfaces/share/crane_interfaces/cmake/crane_interfaces__rosidl_typesupport_cppExport-noconfig.cmake
[0.679s] -- Up-to-date: /home/danielh/mas418_ros2_ws/install/crane_interfaces/share/crane_interfaces/cmake/rosidl_cmake-extras.cmake
[0.679s] -- Up-to-date: /home/danielh/mas418_ros2_ws/install/crane_interfaces/share/crane_interfaces/cmake/ament_cmake_export_dependencies-extras.cmake
[0.679s] -- Up-to-date: /home/danielh/mas418_ros2_ws/install/crane_interfaces/share/crane_interfaces/cmake/ament_cmake_export_libraries-extras.cmake
[0.679s] -- Up-to-date: /home/danielh/mas418_ros2_ws/install/crane_interfaces/share/crane_interfaces/cmake/ament_cmake_export_targets-extras.cmake
[0.679s] -- Up-to-date: /home/danielh/mas418_ros2_ws/install/crane_interfaces/share/crane_interfaces/cmake/ament_cmake_export_include_directories-extras.cmake
[0.679s] -- Up-to-date: /home/danielh/mas418_ros2_ws/install/crane_interfaces/share/crane_interfaces/cmake/rosidl_cmake_export_typesupport_targets-extras.cmake
[0.679s] -- Up-to-date: /home/danielh/mas418_ros2_ws/install/crane_interfaces/share/crane_interfaces/cmake/rosidl_cmake_export_typesupport_libraries-extras.cmake
[0.679s] -- Up-to-date: /home/danielh/mas418_ros2_ws/install/crane_interfaces/share/crane_interfaces/cmake/crane_interfacesConfig.cmake
[0.679s] -- Up-to-date: /home/danielh/mas418_ros2_ws/install/crane_interfaces/share/crane_interfaces/cmake/crane_interfacesConfig-version.cmake
[0.679s] -- Up-to-date: /home/danielh/mas418_ros2_ws/install/crane_interfaces/share/crane_interfaces/package.xml
[0.681s] Invoked command in '/home/danielh/mas418_ros2_ws/build/crane_interfaces' returned '0': CMAKE_PREFIX_PATH=${CMAKE_PREFIX_PATH}:/home/danielh/mas418_ros2_ws/install/urdf_tutorial_r2d2:/home/danielh/mas418_ros2_ws/install/py_pubsub:/home/danielh/mas418_ros2_ws/install/crane_simulator:/home/danielh/ros2_galactic/install/rqt_bag_plugins:/home/danielh/ros2_galactic/install/rqt_bag:/home/danielh/ros2_galactic/install/ros2bag:/home/danielh/ros2_galactic/install/tracetools_launch:/home/danielh/ros2_galactic/install/topic_monitor:/home/danielh/ros2_galactic/install/tf2_tools:/home/danielh/ros2_galactic/install/examples_tf2_py:/home/danielh/ros2_galactic/install/tf2_ros_py:/home/danielh/ros2_galactic/install/sros2:/home/danielh/ros2_galactic/install/rqt_topic:/home/danielh/ros2_galactic/install/rqt_top:/home/danielh/ros2_galactic/install/rqt_srv:/home/danielh/ros2_galactic/install/rqt_shell:/home/danielh/ros2_galactic/install/rqt_service_caller:/home/danielh/ros2_galactic/install/rqt_reconfigure:/home/danielh/ros2_galactic/install/rqt_py_console:/home/danielh/ros2_galactic/install/rqt_publisher:/home/danielh/ros2_galactic/install/rqt_plot:/home/danielh/ros2_galactic/install/rqt_action:/home/danielh/ros2_galactic/install/rqt_msg:/home/danielh/ros2_galactic/install/rqt_console:/home/danielh/ros2_galactic/install/rqt:/home/danielh/ros2_galactic/install/rqt_graph:/home/danielh/ros2_galactic/install/rqt_gui_py:/home/danielh/ros2_galactic/install/rqt_gui:/home/danielh/ros2_galactic/install/ros2trace:/home/danielh/ros2_galactic/install/ros2topic:/home/danielh/ros2_galactic/install/ros2test:/home/danielh/ros2_galactic/install/ros2component:/home/danielh/ros2_galactic/install/ros2param:/home/danielh/ros2_galactic/install/ros2lifecycle:/home/danielh/ros2_galactic/install/ros2service:/home/danielh/ros2_galactic/install/ros2run:/home/danielh/ros2_galactic/install/ros2launch:/home/danielh/ros2_galactic/install/ros2pkg:/home/danielh/ros2_galactic/install/ros2node:/home/danielh/ros2_galactic/install/ros2multicast:/home/danielh/ros2_galactic/install/ros2interface:/home/danielh/ros2_galactic/install/ros2doctor:/home/danielh/ros2_galactic/install/ros2action:/home/danielh/ros2_galactic/install/ros2cli:/home/danielh/ros2_galactic/install/quality_of_service_demo_py:/home/danielh/ros2_galactic/install/launch_testing_ros:/home/danielh/ros2_galactic/install/launch_ros:/home/danielh/ros2_galactic/install/joint_state_publisher_gui:/home/danielh/ros2_galactic/install/joint_state_publisher:/home/danielh/ros2_galactic/install/examples_rclpy_pointcloud_publisher:/home/danielh/ros2_galactic/install/examples_rclpy_minimal_subscriber:/home/danielh/ros2_galactic/install/examples_rclpy_minimal_service:/home/danielh/ros2_galactic/install/examples_rclpy_minimal_publisher:/home/danielh/ros2_galactic/install/examples_rclpy_minimal_client:/home/danielh/ros2_galactic/install/examples_rclpy_minimal_action_server:/home/danielh/ros2_galactic/install/examples_rclpy_minimal_action_client:/home/danielh/ros2_galactic/install/examples_rclpy_guard_conditions:/home/danielh/ros2_galactic/install/examples_rclpy_executors:/home/danielh/ros2_galactic/install/demo_nodes_py:/home/danielh/ros2_galactic/install/action_tutorials_py:/home/danielh/ros2_galactic/install/ament_uncrustify:/home/danielh/ros2_galactic/install/tracetools_trace:/home/danielh/ros2_galactic/install/tracetools_read:/home/danielh/ros2_galactic/install/test_launch_ros:/home/danielh/ros2_galactic/install/sensor_msgs_py:/home/danielh/ros2_galactic/install/rpyutils:/home/danielh/ros2_galactic/install/rosidl_runtime_py:/home/danielh/ros2_galactic/install/rosidl_cli:/home/danielh/ros2_galactic/install/launch_yaml:/home/danielh/ros2_galactic/install/launch_xml:/home/danielh/ros2_galactic/install/launch_testing:/home/danielh/ros2_galactic/install/launch:/home/danielh/ros2_galactic/install/osrf_pycommon:/home/danielh/ros2_galactic/install/domain_coordinator:/home/danielh/ros2_galactic/install/ament_xmllint:/home/danielh/ros2_galactic/install/ament_pyflakes:/home/danielh/ros2_galactic/install/ament_pycodestyle:/home/danielh/ros2_galactic/install/ament_pep257:/home/danielh/ros2_galactic/install/ament_pclint:/home/danielh/ros2_galactic/install/ament_package:/home/danielh/ros2_galactic/install/ament_mypy:/home/danielh/ros2_galactic/install/ament_lint_cmake:/home/danielh/ros2_galactic/install/ament_flake8:/home/danielh/ros2_galactic/install/ament_copyright:/home/danielh/ros2_galactic/install/ament_lint:/home/danielh/ros2_galactic/install/ament_index_python:/home/danielh/ros2_galactic/install/ament_cpplint:/home/danielh/ros2_galactic/install/ament_cppcheck:/home/danielh/ros2_galactic/install/ament_clang_tidy:/home/danielh/ros2_galactic/install/ament_clang_format /usr/bin/cmake --install /home/danielh/mas418_ros2_ws/build/crane_interfaces
