-- Found ament_cmake: 1.1.5 (/home/danielh/ros2_galactic/install/ament_cmake/share/ament_cmake/cmake)
-- Using PYTHON_EXECUTABLE: /usr/bin/python3
-- Found rclcpp: 9.2.0 (/home/danielh/ros2_galactic/install/rclcpp/share/rclcpp/cmake)
-- Using all available rosidl_typesupport_c: rosidl_typesupport_introspection_c;rosidl_typesupport_fastrtps_c
-- Found rosidl_adapter: 2.2.1 (/home/danielh/ros2_galactic/install/rosidl_adapter/share/rosidl_adapter/cmake)
-- Using all available rosidl_typesupport_cpp: rosidl_typesupport_introspection_cpp;rosidl_typesupport_fastrtps_cpp
-- Found rmw_implementation_cmake: 3.3.1 (/home/danielh/ros2_galactic/install/rmw_implementation_cmake/share/rmw_implementation_cmake/cmake)
-- Found rmw_cyclonedds_cpp: 0.22.4 (/home/danielh/ros2_galactic/install/rmw_cyclonedds_cpp/share/rmw_cyclonedds_cpp/cmake)
-- Using RMW implementation 'rmw_cyclonedds_cpp' as default
-- Found crane_interfaces: 0.0.0 (/home/danielh/mas418_ros2_ws/install/crane_interfaces/share/crane_interfaces/cmake)
-- Found ament_lint_auto: 0.10.6 (/home/danielh/ros2_galactic/install/ament_lint_auto/share/ament_lint_auto/cmake)
-- Added test 'copyright' to check source files copyright and LICENSE
-- Added test 'cppcheck' to perform static code analysis on C / C++ code
-- Configured cppcheck include dirs: 
-- Configured cppcheck exclude dirs and/or files: 
-- Added test 'cpplint' to check C / C++ code against the Google style
-- Configured cpplint exclude dirs and/or files: 
-- Added test 'flake8' to check Python code syntax and style conventions
-- Added test 'lint_cmake' to check CMake code style
-- Added test 'pep257' to check Python code against some of the style conventions in PEP 257
-- Added test 'uncrustify' to check C / C++ code style
-- Configured uncrustify additional arguments: 
-- Added test 'xmllint' to check XML markup files
-- Configuring done
-- Generating done
-- Build files have been written to: /home/danielh/mas418_ros2_ws/build/crane_controller
[100%] Built target motion_ref_generator
-- Install configuration: ""
-- Up-to-date: /home/danielh/mas418_ros2_ws/install/crane_controller/lib/crane_controller/motion_ref_generator
-- Installing: /home/danielh/mas418_ros2_ws/install/crane_controller/share/crane_controller//launch
-- Installing: /home/danielh/mas418_ros2_ws/install/crane_controller/share/crane_controller//launch/crane_controller.launch.py
-- Up-to-date: /home/danielh/mas418_ros2_ws/install/crane_controller/share/ament_index/resource_index/package_run_dependencies/crane_controller
-- Up-to-date: /home/danielh/mas418_ros2_ws/install/crane_controller/share/ament_index/resource_index/parent_prefix_path/crane_controller
-- Installing: /home/danielh/mas418_ros2_ws/install/crane_controller/share/crane_controller/environment/ament_prefix_path.dsv
-- Installing: /home/danielh/mas418_ros2_ws/install/crane_controller/share/crane_controller/environment/path.dsv
-- Up-to-date: /home/danielh/mas418_ros2_ws/install/crane_controller/share/crane_controller/local_setup.bash
-- Up-to-date: /home/danielh/mas418_ros2_ws/install/crane_controller/share/crane_controller/local_setup.sh
-- Up-to-date: /home/danielh/mas418_ros2_ws/install/crane_controller/share/crane_controller/local_setup.zsh
-- Installing: /home/danielh/mas418_ros2_ws/install/crane_controller/share/crane_controller/local_setup.dsv
-- Installing: /home/danielh/mas418_ros2_ws/install/crane_controller/share/crane_controller/package.dsv
-- Up-to-date: /home/danielh/mas418_ros2_ws/install/crane_controller/share/ament_index/resource_index/packages/crane_controller
-- Up-to-date: /home/danielh/mas418_ros2_ws/install/crane_controller/share/crane_controller/cmake/crane_controllerConfig.cmake
-- Up-to-date: /home/danielh/mas418_ros2_ws/install/crane_controller/share/crane_controller/cmake/crane_controllerConfig-version.cmake
-- Up-to-date: /home/danielh/mas418_ros2_ws/install/crane_controller/share/crane_controller/package.xml
