[1.585s] Invoking command in '/home/danielh/mas418_ros2_ws/src/py_pubsub': PYTHONPATH=/home/danielh/mas418_ros2_ws/install/py_pubsub/lib/python3.8/site-packages:${PYTHONPATH} /usr/bin/python3 setup.py egg_info --egg-base ../../build/py_pubsub build --build-base /home/danielh/mas418_ros2_ws/build/py_pubsub/build install --prefix /home/danielh/mas418_ros2_ws/install/py_pubsub --record /home/danielh/mas418_ros2_ws/build/py_pubsub/install.log --single-version-externally-managed
[1.996s] running egg_info
[1.996s] creating ../../build/py_pubsub/py_pubsub.egg-info
[1.997s] writing ../../build/py_pubsub/py_pubsub.egg-info/PKG-INFO
[1.997s] writing dependency_links to ../../build/py_pubsub/py_pubsub.egg-info/dependency_links.txt
[1.997s] writing entry points to ../../build/py_pubsub/py_pubsub.egg-info/entry_points.txt
[1.997s] writing requirements to ../../build/py_pubsub/py_pubsub.egg-info/requires.txt
[1.997s] writing top-level names to ../../build/py_pubsub/py_pubsub.egg-info/top_level.txt
[1.997s] writing manifest file '../../build/py_pubsub/py_pubsub.egg-info/SOURCES.txt'
[2.025s] reading manifest file '../../build/py_pubsub/py_pubsub.egg-info/SOURCES.txt'
[2.025s] writing manifest file '../../build/py_pubsub/py_pubsub.egg-info/SOURCES.txt'
[2.026s] running build
[2.026s] running build_py
[2.026s] creating /home/danielh/mas418_ros2_ws/build/py_pubsub/build
[2.026s] creating /home/danielh/mas418_ros2_ws/build/py_pubsub/build/lib
[2.026s] creating /home/danielh/mas418_ros2_ws/build/py_pubsub/build/lib/py_pubsub
[2.026s] copying py_pubsub/__init__.py -> /home/danielh/mas418_ros2_ws/build/py_pubsub/build/lib/py_pubsub
[2.026s] copying py_pubsub/publisher_member_function.py -> /home/danielh/mas418_ros2_ws/build/py_pubsub/build/lib/py_pubsub
[2.026s] copying py_pubsub/subscriber_member_function.py -> /home/danielh/mas418_ros2_ws/build/py_pubsub/build/lib/py_pubsub
[2.026s] running install
[2.027s] running install_lib
[2.028s] creating /home/danielh/mas418_ros2_ws/install/py_pubsub/lib/python3.8/site-packages/py_pubsub
[2.028s] copying /home/danielh/mas418_ros2_ws/build/py_pubsub/build/lib/py_pubsub/__init__.py -> /home/danielh/mas418_ros2_ws/install/py_pubsub/lib/python3.8/site-packages/py_pubsub
[2.028s] copying /home/danielh/mas418_ros2_ws/build/py_pubsub/build/lib/py_pubsub/publisher_member_function.py -> /home/danielh/mas418_ros2_ws/install/py_pubsub/lib/python3.8/site-packages/py_pubsub
[2.028s] copying /home/danielh/mas418_ros2_ws/build/py_pubsub/build/lib/py_pubsub/subscriber_member_function.py -> /home/danielh/mas418_ros2_ws/install/py_pubsub/lib/python3.8/site-packages/py_pubsub
[2.029s] byte-compiling /home/danielh/mas418_ros2_ws/install/py_pubsub/lib/python3.8/site-packages/py_pubsub/__init__.py to __init__.cpython-38.pyc
[2.030s] byte-compiling /home/danielh/mas418_ros2_ws/install/py_pubsub/lib/python3.8/site-packages/py_pubsub/publisher_member_function.py to publisher_member_function.cpython-38.pyc
[2.031s] byte-compiling /home/danielh/mas418_ros2_ws/install/py_pubsub/lib/python3.8/site-packages/py_pubsub/subscriber_member_function.py to subscriber_member_function.cpython-38.pyc
[2.031s] running install_data
[2.031s] creating /home/danielh/mas418_ros2_ws/install/py_pubsub/share/ament_index
[2.031s] creating /home/danielh/mas418_ros2_ws/install/py_pubsub/share/ament_index/resource_index
[2.031s] creating /home/danielh/mas418_ros2_ws/install/py_pubsub/share/ament_index/resource_index/packages
[2.031s] copying resource/py_pubsub -> /home/danielh/mas418_ros2_ws/install/py_pubsub/share/ament_index/resource_index/packages
[2.032s] copying package.xml -> /home/danielh/mas418_ros2_ws/install/py_pubsub/share/py_pubsub
[2.032s] running install_egg_info
[2.034s] Copying ../../build/py_pubsub/py_pubsub.egg-info to /home/danielh/mas418_ros2_ws/install/py_pubsub/lib/python3.8/site-packages/py_pubsub-0.0.0-py3.8.egg-info
[2.035s] running install_scripts
[2.052s] Installing listener script to /home/danielh/mas418_ros2_ws/install/py_pubsub/lib/py_pubsub
[2.053s] Installing talker script to /home/danielh/mas418_ros2_ws/install/py_pubsub/lib/py_pubsub
[2.053s] writing list of installed files to '/home/danielh/mas418_ros2_ws/build/py_pubsub/install.log'
[2.069s] Invoked command in '/home/danielh/mas418_ros2_ws/src/py_pubsub' returned '0': PYTHONPATH=/home/danielh/mas418_ros2_ws/install/py_pubsub/lib/python3.8/site-packages:${PYTHONPATH} /usr/bin/python3 setup.py egg_info --egg-base ../../build/py_pubsub build --build-base /home/danielh/mas418_ros2_ws/build/py_pubsub/build install --prefix /home/danielh/mas418_ros2_ws/install/py_pubsub --record /home/danielh/mas418_ros2_ws/build/py_pubsub/install.log --single-version-externally-managed
