[0.977s] Invoking command in '/home/danielh/mas418_ros2_ws/build/urdf_tutorial_r2d2': PYTHONPATH=/home/danielh/mas418_ros2_ws/install/urdf_tutorial_r2d2/lib/python3.8/site-packages:${PYTHONPATH} /usr/bin/python3 setup.py develop --prefix /home/danielh/mas418_ros2_ws/install/urdf_tutorial_r2d2 --editable --build-directory /home/danielh/mas418_ros2_ws/build/urdf_tutorial_r2d2/build --no-deps install_data --install-dir /home/danielh/mas418_ros2_ws/install/urdf_tutorial_r2d2
[1.378s] running develop
[1.515s] running egg_info
[1.515s] creating urdf_tutorial_r2d2.egg-info
[1.515s] writing urdf_tutorial_r2d2.egg-info/PKG-INFO
[1.515s] writing dependency_links to urdf_tutorial_r2d2.egg-info/dependency_links.txt
[1.515s] writing entry points to urdf_tutorial_r2d2.egg-info/entry_points.txt
[1.515s] writing requirements to urdf_tutorial_r2d2.egg-info/requires.txt
[1.515s] writing top-level names to urdf_tutorial_r2d2.egg-info/top_level.txt
[1.515s] writing manifest file 'urdf_tutorial_r2d2.egg-info/SOURCES.txt'
[1.540s] reading manifest file 'urdf_tutorial_r2d2.egg-info/SOURCES.txt'
[1.540s] writing manifest file 'urdf_tutorial_r2d2.egg-info/SOURCES.txt'
[1.543s] running build_ext
[1.543s] Creating /home/danielh/mas418_ros2_ws/install/urdf_tutorial_r2d2/lib/python3.8/site-packages/site.py
[1.545s] Creating /home/danielh/mas418_ros2_ws/install/urdf_tutorial_r2d2/lib/python3.8/site-packages/urdf-tutorial-r2d2.egg-link (link to .)
[1.546s] Installing state_publisher script to /home/danielh/mas418_ros2_ws/install/urdf_tutorial_r2d2/lib/urdf_tutorial_r2d2
[1.546s] 
[1.546s] Installed /home/danielh/mas418_ros2_ws/build/urdf_tutorial_r2d2
[1.546s] running install_data
[1.546s] creating /home/danielh/mas418_ros2_ws/install/urdf_tutorial_r2d2/share/ament_index
[1.547s] creating /home/danielh/mas418_ros2_ws/install/urdf_tutorial_r2d2/share/ament_index/resource_index
[1.547s] creating /home/danielh/mas418_ros2_ws/install/urdf_tutorial_r2d2/share/ament_index/resource_index/packages
[1.547s] copying resource/urdf_tutorial_r2d2 -> /home/danielh/mas418_ros2_ws/install/urdf_tutorial_r2d2/share/ament_index/resource_index/packages
[1.547s] copying package.xml -> /home/danielh/mas418_ros2_ws/install/urdf_tutorial_r2d2/share/urdf_tutorial_r2d2
[1.547s] copying launch/demo.launch.py -> /home/danielh/mas418_ros2_ws/install/urdf_tutorial_r2d2/share/urdf_tutorial_r2d2
[1.547s] copying urdf/r2d2.rviz -> /home/danielh/mas418_ros2_ws/install/urdf_tutorial_r2d2/share/urdf_tutorial_r2d2
[1.547s] copying urdf/r2d2.urdf.xml -> /home/danielh/mas418_ros2_ws/install/urdf_tutorial_r2d2/share/urdf_tutorial_r2d2
[1.563s] Invoked command in '/home/danielh/mas418_ros2_ws/build/urdf_tutorial_r2d2' returned '0': PYTHONPATH=/home/danielh/mas418_ros2_ws/install/urdf_tutorial_r2d2/lib/python3.8/site-packages:${PYTHONPATH} /usr/bin/python3 setup.py develop --prefix /home/danielh/mas418_ros2_ws/install/urdf_tutorial_r2d2 --editable --build-directory /home/danielh/mas418_ros2_ws/build/urdf_tutorial_r2d2/build --no-deps install_data --install-dir /home/danielh/mas418_ros2_ws/install/urdf_tutorial_r2d2
