[1.121s] Invoking command in '/home/danielh/mas418_ros2_ws/build/urdf_tutorial_r2d2': PYTHONPATH=/home/danielh/mas418_ros2_ws/install/urdf_tutorial_r2d2/lib/python3.8/site-packages:${PYTHONPATH} /usr/bin/python3 setup.py develop --prefix /home/danielh/mas418_ros2_ws/install/urdf_tutorial_r2d2 --uninstall --editable --build-directory /home/danielh/mas418_ros2_ws/build/urdf_tutorial_r2d2/build
[1.564s] running develop
[1.727s] Removing /home/danielh/mas418_ros2_ws/install/urdf_tutorial_r2d2/lib/python3.8/site-packages/urdf-tutorial-r2d2.egg-link (link to .)
[1.743s] Invoked command in '/home/danielh/mas418_ros2_ws/build/urdf_tutorial_r2d2' returned '0': PYTHONPATH=/home/danielh/mas418_ros2_ws/install/urdf_tutorial_r2d2/lib/python3.8/site-packages:${PYTHONPATH} /usr/bin/python3 setup.py develop --prefix /home/danielh/mas418_ros2_ws/install/urdf_tutorial_r2d2 --uninstall --editable --build-directory /home/danielh/mas418_ros2_ws/build/urdf_tutorial_r2d2/build
[1.745s] Invoking command in '/home/danielh/mas418_ros2_ws/src/urdf_tutorial_r2d2': PYTHONPATH=/home/danielh/mas418_ros2_ws/install/urdf_tutorial_r2d2/lib/python3.8/site-packages:${PYTHONPATH} /usr/bin/python3 setup.py egg_info --egg-base ../../build/urdf_tutorial_r2d2 build --build-base /home/danielh/mas418_ros2_ws/build/urdf_tutorial_r2d2/build install --prefix /home/danielh/mas418_ros2_ws/install/urdf_tutorial_r2d2 --record /home/danielh/mas418_ros2_ws/build/urdf_tutorial_r2d2/install.log --single-version-externally-managed
[2.131s] running egg_info
[2.131s] writing ../../build/urdf_tutorial_r2d2/urdf_tutorial_r2d2.egg-info/PKG-INFO
[2.132s] writing dependency_links to ../../build/urdf_tutorial_r2d2/urdf_tutorial_r2d2.egg-info/dependency_links.txt
[2.132s] writing entry points to ../../build/urdf_tutorial_r2d2/urdf_tutorial_r2d2.egg-info/entry_points.txt
[2.132s] writing requirements to ../../build/urdf_tutorial_r2d2/urdf_tutorial_r2d2.egg-info/requires.txt
[2.132s] writing top-level names to ../../build/urdf_tutorial_r2d2/urdf_tutorial_r2d2.egg-info/top_level.txt
[2.159s] reading manifest file '../../build/urdf_tutorial_r2d2/urdf_tutorial_r2d2.egg-info/SOURCES.txt'
[2.160s] writing manifest file '../../build/urdf_tutorial_r2d2/urdf_tutorial_r2d2.egg-info/SOURCES.txt'
[2.160s] running build
[2.160s] running build_py
[2.160s] creating /home/danielh/mas418_ros2_ws/build/urdf_tutorial_r2d2/build
[2.160s] creating /home/danielh/mas418_ros2_ws/build/urdf_tutorial_r2d2/build/lib
[2.160s] creating /home/danielh/mas418_ros2_ws/build/urdf_tutorial_r2d2/build/lib/urdf_tutorial_r2d2
[2.160s] copying urdf_tutorial_r2d2/__init__.py -> /home/danielh/mas418_ros2_ws/build/urdf_tutorial_r2d2/build/lib/urdf_tutorial_r2d2
[2.161s] copying urdf_tutorial_r2d2/state_publisher.py -> /home/danielh/mas418_ros2_ws/build/urdf_tutorial_r2d2/build/lib/urdf_tutorial_r2d2
[2.161s] running install
[2.162s] running install_lib
[2.163s] creating /home/danielh/mas418_ros2_ws/install/urdf_tutorial_r2d2/lib/python3.8/site-packages/urdf_tutorial_r2d2
[2.163s] copying /home/danielh/mas418_ros2_ws/build/urdf_tutorial_r2d2/build/lib/urdf_tutorial_r2d2/__init__.py -> /home/danielh/mas418_ros2_ws/install/urdf_tutorial_r2d2/lib/python3.8/site-packages/urdf_tutorial_r2d2
[2.163s] copying /home/danielh/mas418_ros2_ws/build/urdf_tutorial_r2d2/build/lib/urdf_tutorial_r2d2/state_publisher.py -> /home/danielh/mas418_ros2_ws/install/urdf_tutorial_r2d2/lib/python3.8/site-packages/urdf_tutorial_r2d2
[2.164s] byte-compiling /home/danielh/mas418_ros2_ws/install/urdf_tutorial_r2d2/lib/python3.8/site-packages/urdf_tutorial_r2d2/__init__.py to __init__.cpython-38.pyc
[2.165s] byte-compiling /home/danielh/mas418_ros2_ws/install/urdf_tutorial_r2d2/lib/python3.8/site-packages/urdf_tutorial_r2d2/state_publisher.py to state_publisher.cpython-38.pyc
[2.165s] running install_data
[2.166s] running install_egg_info
[2.167s] Copying ../../build/urdf_tutorial_r2d2/urdf_tutorial_r2d2.egg-info to /home/danielh/mas418_ros2_ws/install/urdf_tutorial_r2d2/lib/python3.8/site-packages/urdf_tutorial_r2d2-0.0.0-py3.8.egg-info
[2.168s] running install_scripts
[2.186s] Installing state_publisher script to /home/danielh/mas418_ros2_ws/install/urdf_tutorial_r2d2/lib/urdf_tutorial_r2d2
[2.186s] writing list of installed files to '/home/danielh/mas418_ros2_ws/build/urdf_tutorial_r2d2/install.log'
[2.201s] Invoked command in '/home/danielh/mas418_ros2_ws/src/urdf_tutorial_r2d2' returned '0': PYTHONPATH=/home/danielh/mas418_ros2_ws/install/urdf_tutorial_r2d2/lib/python3.8/site-packages:${PYTHONPATH} /usr/bin/python3 setup.py egg_info --egg-base ../../build/urdf_tutorial_r2d2 build --build-base /home/danielh/mas418_ros2_ws/build/urdf_tutorial_r2d2/build install --prefix /home/danielh/mas418_ros2_ws/install/urdf_tutorial_r2d2 --record /home/danielh/mas418_ros2_ws/build/urdf_tutorial_r2d2/install.log --single-version-externally-managed
