[0.148s] DEBUG:colcon:Command line arguments: ['/usr/bin/colcon', 'build']
[0.148s] DEBUG:colcon:Parsed command line arguments: Namespace(allow_overriding=[], ament_cmake_args=None, base_paths=['.'], build_base='build', catkin_cmake_args=None, catkin_skip_building_tests=False, cmake_args=None, cmake_clean_cache=False, cmake_clean_first=False, cmake_force_configure=False, cmake_target=None, cmake_target_skip_unavailable=False, continue_on_error=False, event_handlers=None, executor='parallel', ignore_user_meta=False, install_base='install', log_base=None, log_level=None, main=<bound method BuildVerb.main of <colcon_core.verb.build.BuildVerb object at 0x7f299de484f0>>, merge_install=False, metas=['./colcon.meta'], packages_above=None, packages_above_and_dependencies=None, packages_above_depth=None, packages_end=None, packages_ignore=None, packages_ignore_regex=None, packages_select=None, packages_select_build_failed=False, packages_select_by_dep=None, packages_select_regex=None, packages_select_test_failures=False, packages_skip=None, packages_skip_build_finished=False, packages_skip_by_dep=None, packages_skip_regex=None, packages_skip_test_passed=False, packages_skip_up_to=None, packages_start=None, packages_up_to=None, packages_up_to_regex=None, parallel_workers=12, paths=None, symlink_install=False, test_result_base=None, verb_extension=<colcon_core.verb.build.BuildVerb object at 0x7f299de484f0>, verb_name='build', verb_parser=<colcon_defaults.argument_parser.defaults.DefaultArgumentsDecorator object at 0x7f299de48a30>)
[0.153s] Level 1:colcon.colcon_core.package_discovery:discover_packages(colcon_meta) check parameters
[0.153s] Level 1:colcon.colcon_core.package_discovery:discover_packages(recursive) check parameters
[0.154s] Level 1:colcon.colcon_core.package_discovery:discover_packages(ignore) check parameters
[0.154s] Level 1:colcon.colcon_core.package_discovery:discover_packages(path) check parameters
[0.154s] Level 1:colcon.colcon_core.package_discovery:discover_packages(colcon_meta) discover
[0.154s] Level 1:colcon.colcon_core.package_discovery:discover_packages(recursive) discover
[0.154s] INFO:colcon.colcon_core.package_discovery:Crawling recursively for packages in '/home/danielh/mas418_ros2_ws'
[0.154s] Level 1:colcon.colcon_core.package_identification:_identify(.) by extensions ['ignore', 'ignore_ament_install']
[0.154s] Level 1:colcon.colcon_core.package_identification:_identify(.) by extension 'ignore'
[0.154s] Level 1:colcon.colcon_core.package_identification:_identify(.) by extension 'ignore_ament_install'
[0.154s] Level 1:colcon.colcon_core.package_identification:_identify(.) by extensions ['colcon_pkg']
[0.154s] Level 1:colcon.colcon_core.package_identification:_identify(.) by extension 'colcon_pkg'
[0.154s] Level 1:colcon.colcon_core.package_identification:_identify(.) by extensions ['colcon_meta']
[0.154s] Level 1:colcon.colcon_core.package_identification:_identify(.) by extension 'colcon_meta'
[0.154s] Level 1:colcon.colcon_core.package_identification:_identify(.) by extensions ['ros']
[0.154s] Level 1:colcon.colcon_core.package_identification:_identify(.) by extension 'ros'
[0.197s] Level 1:colcon.colcon_core.package_identification:_identify(.) by extensions ['cmake', 'python']
[0.197s] Level 1:colcon.colcon_core.package_identification:_identify(.) by extension 'cmake'
[0.197s] Level 1:colcon.colcon_core.package_identification:_identify(.) by extension 'python'
[0.197s] Level 1:colcon.colcon_core.package_identification:_identify(.) by extensions ['python_setup_py']
[0.198s] Level 1:colcon.colcon_core.package_identification:_identify(.) by extension 'python_setup_py'
[0.198s] Level 1:colcon.colcon_core.package_identification:_identify(build) by extensions ['ignore', 'ignore_ament_install']
[0.198s] Level 1:colcon.colcon_core.package_identification:_identify(build) by extension 'ignore'
[0.198s] Level 1:colcon.colcon_core.package_identification:_identify(build) ignored
[0.198s] Level 1:colcon.colcon_core.package_identification:_identify(install) by extensions ['ignore', 'ignore_ament_install']
[0.198s] Level 1:colcon.colcon_core.package_identification:_identify(install) by extension 'ignore'
[0.198s] Level 1:colcon.colcon_core.package_identification:_identify(install) ignored
[0.198s] Level 1:colcon.colcon_core.package_identification:_identify(log) by extensions ['ignore', 'ignore_ament_install']
[0.198s] Level 1:colcon.colcon_core.package_identification:_identify(log) by extension 'ignore'
[0.198s] Level 1:colcon.colcon_core.package_identification:_identify(log) ignored
[0.198s] Level 1:colcon.colcon_core.package_identification:_identify(src) by extensions ['ignore', 'ignore_ament_install']
[0.198s] Level 1:colcon.colcon_core.package_identification:_identify(src) by extension 'ignore'
[0.198s] Level 1:colcon.colcon_core.package_identification:_identify(src) by extension 'ignore_ament_install'
[0.198s] Level 1:colcon.colcon_core.package_identification:_identify(src) by extensions ['colcon_pkg']
[0.198s] Level 1:colcon.colcon_core.package_identification:_identify(src) by extension 'colcon_pkg'
[0.199s] Level 1:colcon.colcon_core.package_identification:_identify(src) by extensions ['colcon_meta']
[0.199s] Level 1:colcon.colcon_core.package_identification:_identify(src) by extension 'colcon_meta'
[0.199s] Level 1:colcon.colcon_core.package_identification:_identify(src) by extensions ['ros']
[0.199s] Level 1:colcon.colcon_core.package_identification:_identify(src) by extension 'ros'
[0.199s] Level 1:colcon.colcon_core.package_identification:_identify(src) by extensions ['cmake', 'python']
[0.199s] Level 1:colcon.colcon_core.package_identification:_identify(src) by extension 'cmake'
[0.199s] Level 1:colcon.colcon_core.package_identification:_identify(src) by extension 'python'
[0.199s] Level 1:colcon.colcon_core.package_identification:_identify(src) by extensions ['python_setup_py']
[0.199s] Level 1:colcon.colcon_core.package_identification:_identify(src) by extension 'python_setup_py'
[0.199s] Level 1:colcon.colcon_core.package_identification:_identify(src/crane_controller) by extensions ['ignore', 'ignore_ament_install']
[0.199s] Level 1:colcon.colcon_core.package_identification:_identify(src/crane_controller) by extension 'ignore'
[0.199s] Level 1:colcon.colcon_core.package_identification:_identify(src/crane_controller) by extension 'ignore_ament_install'
[0.199s] Level 1:colcon.colcon_core.package_identification:_identify(src/crane_controller) by extensions ['colcon_pkg']
[0.199s] Level 1:colcon.colcon_core.package_identification:_identify(src/crane_controller) by extension 'colcon_pkg'
[0.199s] Level 1:colcon.colcon_core.package_identification:_identify(src/crane_controller) by extensions ['colcon_meta']
[0.199s] Level 1:colcon.colcon_core.package_identification:_identify(src/crane_controller) by extension 'colcon_meta'
[0.199s] Level 1:colcon.colcon_core.package_identification:_identify(src/crane_controller) by extensions ['ros']
[0.199s] Level 1:colcon.colcon_core.package_identification:_identify(src/crane_controller) by extension 'ros'
[0.201s] DEBUG:colcon.colcon_core.package_identification:Package 'src/crane_controller' with type 'ros.ament_cmake' and name 'crane_controller'
[0.201s] Level 1:colcon.colcon_core.package_identification:_identify(src/crane_interfaces) by extensions ['ignore', 'ignore_ament_install']
[0.201s] Level 1:colcon.colcon_core.package_identification:_identify(src/crane_interfaces) by extension 'ignore'
[0.201s] Level 1:colcon.colcon_core.package_identification:_identify(src/crane_interfaces) by extension 'ignore_ament_install'
[0.201s] Level 1:colcon.colcon_core.package_identification:_identify(src/crane_interfaces) by extensions ['colcon_pkg']
[0.201s] Level 1:colcon.colcon_core.package_identification:_identify(src/crane_interfaces) by extension 'colcon_pkg'
[0.201s] Level 1:colcon.colcon_core.package_identification:_identify(src/crane_interfaces) by extensions ['colcon_meta']
[0.201s] Level 1:colcon.colcon_core.package_identification:_identify(src/crane_interfaces) by extension 'colcon_meta'
[0.201s] Level 1:colcon.colcon_core.package_identification:_identify(src/crane_interfaces) by extensions ['ros']
[0.201s] Level 1:colcon.colcon_core.package_identification:_identify(src/crane_interfaces) by extension 'ros'
[0.202s] DEBUG:colcon.colcon_core.package_identification:Package 'src/crane_interfaces' with type 'ros.ament_cmake' and name 'crane_interfaces'
[0.202s] Level 1:colcon.colcon_core.package_discovery:discover_packages(recursive) using defaults
[0.202s] Level 1:colcon.colcon_core.package_discovery:discover_packages(ignore) discover
[0.202s] Level 1:colcon.colcon_core.package_discovery:discover_packages(ignore) using defaults
[0.202s] Level 1:colcon.colcon_core.package_discovery:discover_packages(path) discover
[0.202s] Level 1:colcon.colcon_core.package_discovery:discover_packages(path) using defaults
[0.224s] Level 5:colcon.colcon_core.verb:set package 'crane_interfaces' build argument 'cmake_args' from command line to 'None'
[0.224s] Level 5:colcon.colcon_core.verb:set package 'crane_interfaces' build argument 'cmake_target' from command line to 'None'
[0.224s] Level 5:colcon.colcon_core.verb:set package 'crane_interfaces' build argument 'cmake_target_skip_unavailable' from command line to 'False'
[0.224s] Level 5:colcon.colcon_core.verb:set package 'crane_interfaces' build argument 'cmake_clean_cache' from command line to 'False'
[0.224s] Level 5:colcon.colcon_core.verb:set package 'crane_interfaces' build argument 'cmake_clean_first' from command line to 'False'
[0.224s] Level 5:colcon.colcon_core.verb:set package 'crane_interfaces' build argument 'cmake_force_configure' from command line to 'False'
[0.224s] Level 5:colcon.colcon_core.verb:set package 'crane_interfaces' build argument 'ament_cmake_args' from command line to 'None'
[0.224s] Level 5:colcon.colcon_core.verb:set package 'crane_interfaces' build argument 'catkin_cmake_args' from command line to 'None'
[0.224s] Level 5:colcon.colcon_core.verb:set package 'crane_interfaces' build argument 'catkin_skip_building_tests' from command line to 'False'
[0.224s] DEBUG:colcon.colcon_core.verb:Building package 'crane_interfaces' with the following arguments: {'ament_cmake_args': None, 'build_base': '/home/danielh/mas418_ros2_ws/build/crane_interfaces', 'catkin_cmake_args': None, 'catkin_skip_building_tests': False, 'cmake_args': None, 'cmake_clean_cache': False, 'cmake_clean_first': False, 'cmake_force_configure': False, 'cmake_target': None, 'cmake_target_skip_unavailable': False, 'install_base': '/home/danielh/mas418_ros2_ws/install/crane_interfaces', 'merge_install': False, 'path': '/home/danielh/mas418_ros2_ws/src/crane_interfaces', 'symlink_install': False, 'test_result_base': None}
[0.225s] Level 5:colcon.colcon_core.verb:set package 'crane_controller' build argument 'cmake_args' from command line to 'None'
[0.225s] Level 5:colcon.colcon_core.verb:set package 'crane_controller' build argument 'cmake_target' from command line to 'None'
[0.225s] Level 5:colcon.colcon_core.verb:set package 'crane_controller' build argument 'cmake_target_skip_unavailable' from command line to 'False'
[0.225s] Level 5:colcon.colcon_core.verb:set package 'crane_controller' build argument 'cmake_clean_cache' from command line to 'False'
[0.225s] Level 5:colcon.colcon_core.verb:set package 'crane_controller' build argument 'cmake_clean_first' from command line to 'False'
[0.225s] Level 5:colcon.colcon_core.verb:set package 'crane_controller' build argument 'cmake_force_configure' from command line to 'False'
[0.225s] Level 5:colcon.colcon_core.verb:set package 'crane_controller' build argument 'ament_cmake_args' from command line to 'None'
[0.225s] Level 5:colcon.colcon_core.verb:set package 'crane_controller' build argument 'catkin_cmake_args' from command line to 'None'
[0.225s] Level 5:colcon.colcon_core.verb:set package 'crane_controller' build argument 'catkin_skip_building_tests' from command line to 'False'
[0.225s] DEBUG:colcon.colcon_core.verb:Building package 'crane_controller' with the following arguments: {'ament_cmake_args': None, 'build_base': '/home/danielh/mas418_ros2_ws/build/crane_controller', 'catkin_cmake_args': None, 'catkin_skip_building_tests': False, 'cmake_args': None, 'cmake_clean_cache': False, 'cmake_clean_first': False, 'cmake_force_configure': False, 'cmake_target': None, 'cmake_target_skip_unavailable': False, 'install_base': '/home/danielh/mas418_ros2_ws/install/crane_controller', 'merge_install': False, 'path': '/home/danielh/mas418_ros2_ws/src/crane_controller', 'symlink_install': False, 'test_result_base': None}
[0.240s] WARNING:colcon.colcon_core.verb:Some selected packages are already built in one or more underlay workspaces:
	'crane_interfaces' is in: /home/danielh/mas418_ros2_ws/install/crane_interfaces
	'crane_controller' is in: /home/danielh/mas418_ros2_ws/install/crane_controller
If a package in a merged underlay workspace is overridden and it installs headers, then all packages in the overlay must sort their include directories by workspace order. Failure to do so may result in build failures or undefined behavior at run time.
If the overridden package is used by another package in any underlay, then the overriding package in the overlay must be API and ABI compatible or undefined behavior at run time may occur.

If you understand the risks and want to override a package anyways, add the following to the command line:
	--allow-overriding crane_controller crane_interfaces

This may be promoted to an error in a future release of colcon-core.
[0.241s] INFO:colcon.colcon_core.executor:Executing jobs using 'parallel' executor
[0.243s] DEBUG:colcon.colcon_parallel_executor.executor.parallel:run_until_complete
[0.243s] INFO:colcon.colcon_ros.task.ament_cmake.build:Building ROS package in '/home/danielh/mas418_ros2_ws/src/crane_interfaces' with build type 'ament_cmake'
[0.243s] INFO:colcon.colcon_cmake.task.cmake.build:Building CMake package in '/home/danielh/mas418_ros2_ws/src/crane_interfaces'
[0.248s] INFO:colcon.colcon_core.plugin_system:Skipping extension 'colcon_core.shell.bat': Not used on non-Windows systems
[0.249s] INFO:colcon.colcon_core.shell:Skip shell extension 'powershell' for command environment: Not usable outside of PowerShell
[0.249s] DEBUG:colcon.colcon_core.shell:Skip shell extension 'dsv' for command environment
[0.274s] DEBUG:colcon.colcon_core.event_handler.log_command:Invoking command in '/home/danielh/mas418_ros2_ws/build/crane_interfaces': CMAKE_PREFIX_PATH=${CMAKE_PREFIX_PATH}:/home/danielh/ros2_galactic/install/rqt_bag_plugins:/home/danielh/ros2_galactic/install/rqt_bag:/home/danielh/ros2_galactic/install/ros2bag:/home/danielh/ros2_galactic/install/tracetools_launch:/home/danielh/ros2_galactic/install/topic_monitor:/home/danielh/ros2_galactic/install/tf2_tools:/home/danielh/ros2_galactic/install/examples_tf2_py:/home/danielh/ros2_galactic/install/tf2_ros_py:/home/danielh/ros2_galactic/install/sros2:/home/danielh/ros2_galactic/install/rqt_topic:/home/danielh/ros2_galactic/install/rqt_top:/home/danielh/ros2_galactic/install/rqt_srv:/home/danielh/ros2_galactic/install/rqt_shell:/home/danielh/ros2_galactic/install/rqt_service_caller:/home/danielh/ros2_galactic/install/rqt_reconfigure:/home/danielh/ros2_galactic/install/rqt_py_console:/home/danielh/ros2_galactic/install/rqt_publisher:/home/danielh/ros2_galactic/install/rqt_plot:/home/danielh/ros2_galactic/install/rqt_action:/home/danielh/ros2_galactic/install/rqt_msg:/home/danielh/ros2_galactic/install/rqt_console:/home/danielh/ros2_galactic/install/rqt:/home/danielh/ros2_galactic/install/rqt_graph:/home/danielh/ros2_galactic/install/rqt_gui_py:/home/danielh/ros2_galactic/install/rqt_gui:/home/danielh/ros2_galactic/install/ros2trace:/home/danielh/ros2_galactic/install/ros2topic:/home/danielh/ros2_galactic/install/ros2test:/home/danielh/ros2_galactic/install/ros2component:/home/danielh/ros2_galactic/install/ros2param:/home/danielh/ros2_galactic/install/ros2lifecycle:/home/danielh/ros2_galactic/install/ros2service:/home/danielh/ros2_galactic/install/ros2run:/home/danielh/ros2_galactic/install/ros2launch:/home/danielh/ros2_galactic/install/ros2pkg:/home/danielh/ros2_galactic/install/ros2node:/home/danielh/ros2_galactic/install/ros2multicast:/home/danielh/ros2_galactic/install/ros2interface:/home/danielh/ros2_galactic/install/ros2doctor:/home/danielh/ros2_galactic/install/ros2action:/home/danielh/ros2_galactic/install/ros2cli:/home/danielh/ros2_galactic/install/quality_of_service_demo_py:/home/danielh/ros2_galactic/install/launch_testing_ros:/home/danielh/ros2_galactic/install/launch_ros:/home/danielh/ros2_galactic/install/joint_state_publisher_gui:/home/danielh/ros2_galactic/install/joint_state_publisher:/home/danielh/ros2_galactic/install/examples_rclpy_pointcloud_publisher:/home/danielh/ros2_galactic/install/examples_rclpy_minimal_subscriber:/home/danielh/ros2_galactic/install/examples_rclpy_minimal_service:/home/danielh/ros2_galactic/install/examples_rclpy_minimal_publisher:/home/danielh/ros2_galactic/install/examples_rclpy_minimal_client:/home/danielh/ros2_galactic/install/examples_rclpy_minimal_action_server:/home/danielh/ros2_galactic/install/examples_rclpy_minimal_action_client:/home/danielh/ros2_galactic/install/examples_rclpy_guard_conditions:/home/danielh/ros2_galactic/install/examples_rclpy_executors:/home/danielh/ros2_galactic/install/demo_nodes_py:/home/danielh/ros2_galactic/install/action_tutorials_py:/home/danielh/ros2_galactic/install/ament_uncrustify:/home/danielh/ros2_galactic/install/tracetools_trace:/home/danielh/ros2_galactic/install/tracetools_read:/home/danielh/ros2_galactic/install/test_launch_ros:/home/danielh/ros2_galactic/install/sensor_msgs_py:/home/danielh/ros2_galactic/install/rpyutils:/home/danielh/ros2_galactic/install/rosidl_runtime_py:/home/danielh/ros2_galactic/install/rosidl_cli:/home/danielh/ros2_galactic/install/launch_yaml:/home/danielh/ros2_galactic/install/launch_xml:/home/danielh/ros2_galactic/install/launch_testing:/home/danielh/ros2_galactic/install/launch:/home/danielh/ros2_galactic/install/osrf_pycommon:/home/danielh/ros2_galactic/install/domain_coordinator:/home/danielh/ros2_galactic/install/ament_xmllint:/home/danielh/ros2_galactic/install/ament_pyflakes:/home/danielh/ros2_galactic/install/ament_pycodestyle:/home/danielh/ros2_galactic/install/ament_pep257:/home/danielh/ros2_galactic/install/ament_pclint:/home/danielh/ros2_galactic/install/ament_package:/home/danielh/ros2_galactic/install/ament_mypy:/home/danielh/ros2_galactic/install/ament_lint_cmake:/home/danielh/ros2_galactic/install/ament_flake8:/home/danielh/ros2_galactic/install/ament_copyright:/home/danielh/ros2_galactic/install/ament_lint:/home/danielh/ros2_galactic/install/ament_index_python:/home/danielh/ros2_galactic/install/ament_cpplint:/home/danielh/ros2_galactic/install/ament_cppcheck:/home/danielh/ros2_galactic/install/ament_clang_tidy:/home/danielh/ros2_galactic/install/ament_clang_format /usr/bin/cmake --build /home/danielh/mas418_ros2_ws/build/crane_interfaces -- -j12 -l12
[0.565s] DEBUG:colcon.colcon_core.event_handler.log_command:Invoked command in '/home/danielh/mas418_ros2_ws/build/crane_interfaces' returned '0': CMAKE_PREFIX_PATH=${CMAKE_PREFIX_PATH}:/home/danielh/ros2_galactic/install/rqt_bag_plugins:/home/danielh/ros2_galactic/install/rqt_bag:/home/danielh/ros2_galactic/install/ros2bag:/home/danielh/ros2_galactic/install/tracetools_launch:/home/danielh/ros2_galactic/install/topic_monitor:/home/danielh/ros2_galactic/install/tf2_tools:/home/danielh/ros2_galactic/install/examples_tf2_py:/home/danielh/ros2_galactic/install/tf2_ros_py:/home/danielh/ros2_galactic/install/sros2:/home/danielh/ros2_galactic/install/rqt_topic:/home/danielh/ros2_galactic/install/rqt_top:/home/danielh/ros2_galactic/install/rqt_srv:/home/danielh/ros2_galactic/install/rqt_shell:/home/danielh/ros2_galactic/install/rqt_service_caller:/home/danielh/ros2_galactic/install/rqt_reconfigure:/home/danielh/ros2_galactic/install/rqt_py_console:/home/danielh/ros2_galactic/install/rqt_publisher:/home/danielh/ros2_galactic/install/rqt_plot:/home/danielh/ros2_galactic/install/rqt_action:/home/danielh/ros2_galactic/install/rqt_msg:/home/danielh/ros2_galactic/install/rqt_console:/home/danielh/ros2_galactic/install/rqt:/home/danielh/ros2_galactic/install/rqt_graph:/home/danielh/ros2_galactic/install/rqt_gui_py:/home/danielh/ros2_galactic/install/rqt_gui:/home/danielh/ros2_galactic/install/ros2trace:/home/danielh/ros2_galactic/install/ros2topic:/home/danielh/ros2_galactic/install/ros2test:/home/danielh/ros2_galactic/install/ros2component:/home/danielh/ros2_galactic/install/ros2param:/home/danielh/ros2_galactic/install/ros2lifecycle:/home/danielh/ros2_galactic/install/ros2service:/home/danielh/ros2_galactic/install/ros2run:/home/danielh/ros2_galactic/install/ros2launch:/home/danielh/ros2_galactic/install/ros2pkg:/home/danielh/ros2_galactic/install/ros2node:/home/danielh/ros2_galactic/install/ros2multicast:/home/danielh/ros2_galactic/install/ros2interface:/home/danielh/ros2_galactic/install/ros2doctor:/home/danielh/ros2_galactic/install/ros2action:/home/danielh/ros2_galactic/install/ros2cli:/home/danielh/ros2_galactic/install/quality_of_service_demo_py:/home/danielh/ros2_galactic/install/launch_testing_ros:/home/danielh/ros2_galactic/install/launch_ros:/home/danielh/ros2_galactic/install/joint_state_publisher_gui:/home/danielh/ros2_galactic/install/joint_state_publisher:/home/danielh/ros2_galactic/install/examples_rclpy_pointcloud_publisher:/home/danielh/ros2_galactic/install/examples_rclpy_minimal_subscriber:/home/danielh/ros2_galactic/install/examples_rclpy_minimal_service:/home/danielh/ros2_galactic/install/examples_rclpy_minimal_publisher:/home/danielh/ros2_galactic/install/examples_rclpy_minimal_client:/home/danielh/ros2_galactic/install/examples_rclpy_minimal_action_server:/home/danielh/ros2_galactic/install/examples_rclpy_minimal_action_client:/home/danielh/ros2_galactic/install/examples_rclpy_guard_conditions:/home/danielh/ros2_galactic/install/examples_rclpy_executors:/home/danielh/ros2_galactic/install/demo_nodes_py:/home/danielh/ros2_galactic/install/action_tutorials_py:/home/danielh/ros2_galactic/install/ament_uncrustify:/home/danielh/ros2_galactic/install/tracetools_trace:/home/danielh/ros2_galactic/install/tracetools_read:/home/danielh/ros2_galactic/install/test_launch_ros:/home/danielh/ros2_galactic/install/sensor_msgs_py:/home/danielh/ros2_galactic/install/rpyutils:/home/danielh/ros2_galactic/install/rosidl_runtime_py:/home/danielh/ros2_galactic/install/rosidl_cli:/home/danielh/ros2_galactic/install/launch_yaml:/home/danielh/ros2_galactic/install/launch_xml:/home/danielh/ros2_galactic/install/launch_testing:/home/danielh/ros2_galactic/install/launch:/home/danielh/ros2_galactic/install/osrf_pycommon:/home/danielh/ros2_galactic/install/domain_coordinator:/home/danielh/ros2_galactic/install/ament_xmllint:/home/danielh/ros2_galactic/install/ament_pyflakes:/home/danielh/ros2_galactic/install/ament_pycodestyle:/home/danielh/ros2_galactic/install/ament_pep257:/home/danielh/ros2_galactic/install/ament_pclint:/home/danielh/ros2_galactic/install/ament_package:/home/danielh/ros2_galactic/install/ament_mypy:/home/danielh/ros2_galactic/install/ament_lint_cmake:/home/danielh/ros2_galactic/install/ament_flake8:/home/danielh/ros2_galactic/install/ament_copyright:/home/danielh/ros2_galactic/install/ament_lint:/home/danielh/ros2_galactic/install/ament_index_python:/home/danielh/ros2_galactic/install/ament_cpplint:/home/danielh/ros2_galactic/install/ament_cppcheck:/home/danielh/ros2_galactic/install/ament_clang_tidy:/home/danielh/ros2_galactic/install/ament_clang_format /usr/bin/cmake --build /home/danielh/mas418_ros2_ws/build/crane_interfaces -- -j12 -l12
[0.680s] DEBUG:colcon.colcon_core.event_handler.log_command:Invoking command in '/home/danielh/mas418_ros2_ws/build/crane_interfaces': CMAKE_PREFIX_PATH=${CMAKE_PREFIX_PATH}:/home/danielh/ros2_galactic/install/rqt_bag_plugins:/home/danielh/ros2_galactic/install/rqt_bag:/home/danielh/ros2_galactic/install/ros2bag:/home/danielh/ros2_galactic/install/tracetools_launch:/home/danielh/ros2_galactic/install/topic_monitor:/home/danielh/ros2_galactic/install/tf2_tools:/home/danielh/ros2_galactic/install/examples_tf2_py:/home/danielh/ros2_galactic/install/tf2_ros_py:/home/danielh/ros2_galactic/install/sros2:/home/danielh/ros2_galactic/install/rqt_topic:/home/danielh/ros2_galactic/install/rqt_top:/home/danielh/ros2_galactic/install/rqt_srv:/home/danielh/ros2_galactic/install/rqt_shell:/home/danielh/ros2_galactic/install/rqt_service_caller:/home/danielh/ros2_galactic/install/rqt_reconfigure:/home/danielh/ros2_galactic/install/rqt_py_console:/home/danielh/ros2_galactic/install/rqt_publisher:/home/danielh/ros2_galactic/install/rqt_plot:/home/danielh/ros2_galactic/install/rqt_action:/home/danielh/ros2_galactic/install/rqt_msg:/home/danielh/ros2_galactic/install/rqt_console:/home/danielh/ros2_galactic/install/rqt:/home/danielh/ros2_galactic/install/rqt_graph:/home/danielh/ros2_galactic/install/rqt_gui_py:/home/danielh/ros2_galactic/install/rqt_gui:/home/danielh/ros2_galactic/install/ros2trace:/home/danielh/ros2_galactic/install/ros2topic:/home/danielh/ros2_galactic/install/ros2test:/home/danielh/ros2_galactic/install/ros2component:/home/danielh/ros2_galactic/install/ros2param:/home/danielh/ros2_galactic/install/ros2lifecycle:/home/danielh/ros2_galactic/install/ros2service:/home/danielh/ros2_galactic/install/ros2run:/home/danielh/ros2_galactic/install/ros2launch:/home/danielh/ros2_galactic/install/ros2pkg:/home/danielh/ros2_galactic/install/ros2node:/home/danielh/ros2_galactic/install/ros2multicast:/home/danielh/ros2_galactic/install/ros2interface:/home/danielh/ros2_galactic/install/ros2doctor:/home/danielh/ros2_galactic/install/ros2action:/home/danielh/ros2_galactic/install/ros2cli:/home/danielh/ros2_galactic/install/quality_of_service_demo_py:/home/danielh/ros2_galactic/install/launch_testing_ros:/home/danielh/ros2_galactic/install/launch_ros:/home/danielh/ros2_galactic/install/joint_state_publisher_gui:/home/danielh/ros2_galactic/install/joint_state_publisher:/home/danielh/ros2_galactic/install/examples_rclpy_pointcloud_publisher:/home/danielh/ros2_galactic/install/examples_rclpy_minimal_subscriber:/home/danielh/ros2_galactic/install/examples_rclpy_minimal_service:/home/danielh/ros2_galactic/install/examples_rclpy_minimal_publisher:/home/danielh/ros2_galactic/install/examples_rclpy_minimal_client:/home/danielh/ros2_galactic/install/examples_rclpy_minimal_action_server:/home/danielh/ros2_galactic/install/examples_rclpy_minimal_action_client:/home/danielh/ros2_galactic/install/examples_rclpy_guard_conditions:/home/danielh/ros2_galactic/install/examples_rclpy_executors:/home/danielh/ros2_galactic/install/demo_nodes_py:/home/danielh/ros2_galactic/install/action_tutorials_py:/home/danielh/ros2_galactic/install/ament_uncrustify:/home/danielh/ros2_galactic/install/tracetools_trace:/home/danielh/ros2_galactic/install/tracetools_read:/home/danielh/ros2_galactic/install/test_launch_ros:/home/danielh/ros2_galactic/install/sensor_msgs_py:/home/danielh/ros2_galactic/install/rpyutils:/home/danielh/ros2_galactic/install/rosidl_runtime_py:/home/danielh/ros2_galactic/install/rosidl_cli:/home/danielh/ros2_galactic/install/launch_yaml:/home/danielh/ros2_galactic/install/launch_xml:/home/danielh/ros2_galactic/install/launch_testing:/home/danielh/ros2_galactic/install/launch:/home/danielh/ros2_galactic/install/osrf_pycommon:/home/danielh/ros2_galactic/install/domain_coordinator:/home/danielh/ros2_galactic/install/ament_xmllint:/home/danielh/ros2_galactic/install/ament_pyflakes:/home/danielh/ros2_galactic/install/ament_pycodestyle:/home/danielh/ros2_galactic/install/ament_pep257:/home/danielh/ros2_galactic/install/ament_pclint:/home/danielh/ros2_galactic/install/ament_package:/home/danielh/ros2_galactic/install/ament_mypy:/home/danielh/ros2_galactic/install/ament_lint_cmake:/home/danielh/ros2_galactic/install/ament_flake8:/home/danielh/ros2_galactic/install/ament_copyright:/home/danielh/ros2_galactic/install/ament_lint:/home/danielh/ros2_galactic/install/ament_index_python:/home/danielh/ros2_galactic/install/ament_cpplint:/home/danielh/ros2_galactic/install/ament_cppcheck:/home/danielh/ros2_galactic/install/ament_clang_tidy:/home/danielh/ros2_galactic/install/ament_clang_format /usr/bin/cmake --install /home/danielh/mas418_ros2_ws/build/crane_interfaces
[0.877s] Level 1:colcon.colcon_core.environment:create_environment_scripts_only(crane_interfaces)
[0.878s] DEBUG:colcon.colcon_core.event_handler.log_command:Invoked command in '/home/danielh/mas418_ros2_ws/build/crane_interfaces' returned '0': CMAKE_PREFIX_PATH=${CMAKE_PREFIX_PATH}:/home/danielh/ros2_galactic/install/rqt_bag_plugins:/home/danielh/ros2_galactic/install/rqt_bag:/home/danielh/ros2_galactic/install/ros2bag:/home/danielh/ros2_galactic/install/tracetools_launch:/home/danielh/ros2_galactic/install/topic_monitor:/home/danielh/ros2_galactic/install/tf2_tools:/home/danielh/ros2_galactic/install/examples_tf2_py:/home/danielh/ros2_galactic/install/tf2_ros_py:/home/danielh/ros2_galactic/install/sros2:/home/danielh/ros2_galactic/install/rqt_topic:/home/danielh/ros2_galactic/install/rqt_top:/home/danielh/ros2_galactic/install/rqt_srv:/home/danielh/ros2_galactic/install/rqt_shell:/home/danielh/ros2_galactic/install/rqt_service_caller:/home/danielh/ros2_galactic/install/rqt_reconfigure:/home/danielh/ros2_galactic/install/rqt_py_console:/home/danielh/ros2_galactic/install/rqt_publisher:/home/danielh/ros2_galactic/install/rqt_plot:/home/danielh/ros2_galactic/install/rqt_action:/home/danielh/ros2_galactic/install/rqt_msg:/home/danielh/ros2_galactic/install/rqt_console:/home/danielh/ros2_galactic/install/rqt:/home/danielh/ros2_galactic/install/rqt_graph:/home/danielh/ros2_galactic/install/rqt_gui_py:/home/danielh/ros2_galactic/install/rqt_gui:/home/danielh/ros2_galactic/install/ros2trace:/home/danielh/ros2_galactic/install/ros2topic:/home/danielh/ros2_galactic/install/ros2test:/home/danielh/ros2_galactic/install/ros2component:/home/danielh/ros2_galactic/install/ros2param:/home/danielh/ros2_galactic/install/ros2lifecycle:/home/danielh/ros2_galactic/install/ros2service:/home/danielh/ros2_galactic/install/ros2run:/home/danielh/ros2_galactic/install/ros2launch:/home/danielh/ros2_galactic/install/ros2pkg:/home/danielh/ros2_galactic/install/ros2node:/home/danielh/ros2_galactic/install/ros2multicast:/home/danielh/ros2_galactic/install/ros2interface:/home/danielh/ros2_galactic/install/ros2doctor:/home/danielh/ros2_galactic/install/ros2action:/home/danielh/ros2_galactic/install/ros2cli:/home/danielh/ros2_galactic/install/quality_of_service_demo_py:/home/danielh/ros2_galactic/install/launch_testing_ros:/home/danielh/ros2_galactic/install/launch_ros:/home/danielh/ros2_galactic/install/joint_state_publisher_gui:/home/danielh/ros2_galactic/install/joint_state_publisher:/home/danielh/ros2_galactic/install/examples_rclpy_pointcloud_publisher:/home/danielh/ros2_galactic/install/examples_rclpy_minimal_subscriber:/home/danielh/ros2_galactic/install/examples_rclpy_minimal_service:/home/danielh/ros2_galactic/install/examples_rclpy_minimal_publisher:/home/danielh/ros2_galactic/install/examples_rclpy_minimal_client:/home/danielh/ros2_galactic/install/examples_rclpy_minimal_action_server:/home/danielh/ros2_galactic/install/examples_rclpy_minimal_action_client:/home/danielh/ros2_galactic/install/examples_rclpy_guard_conditions:/home/danielh/ros2_galactic/install/examples_rclpy_executors:/home/danielh/ros2_galactic/install/demo_nodes_py:/home/danielh/ros2_galactic/install/action_tutorials_py:/home/danielh/ros2_galactic/install/ament_uncrustify:/home/danielh/ros2_galactic/install/tracetools_trace:/home/danielh/ros2_galactic/install/tracetools_read:/home/danielh/ros2_galactic/install/test_launch_ros:/home/danielh/ros2_galactic/install/sensor_msgs_py:/home/danielh/ros2_galactic/install/rpyutils:/home/danielh/ros2_galactic/install/rosidl_runtime_py:/home/danielh/ros2_galactic/install/rosidl_cli:/home/danielh/ros2_galactic/install/launch_yaml:/home/danielh/ros2_galactic/install/launch_xml:/home/danielh/ros2_galactic/install/launch_testing:/home/danielh/ros2_galactic/install/launch:/home/danielh/ros2_galactic/install/osrf_pycommon:/home/danielh/ros2_galactic/install/domain_coordinator:/home/danielh/ros2_galactic/install/ament_xmllint:/home/danielh/ros2_galactic/install/ament_pyflakes:/home/danielh/ros2_galactic/install/ament_pycodestyle:/home/danielh/ros2_galactic/install/ament_pep257:/home/danielh/ros2_galactic/install/ament_pclint:/home/danielh/ros2_galactic/install/ament_package:/home/danielh/ros2_galactic/install/ament_mypy:/home/danielh/ros2_galactic/install/ament_lint_cmake:/home/danielh/ros2_galactic/install/ament_flake8:/home/danielh/ros2_galactic/install/ament_copyright:/home/danielh/ros2_galactic/install/ament_lint:/home/danielh/ros2_galactic/install/ament_index_python:/home/danielh/ros2_galactic/install/ament_cpplint:/home/danielh/ros2_galactic/install/ament_cppcheck:/home/danielh/ros2_galactic/install/ament_clang_tidy:/home/danielh/ros2_galactic/install/ament_clang_format /usr/bin/cmake --install /home/danielh/mas418_ros2_ws/build/crane_interfaces
[0.883s] Level 1:colcon.colcon_core.environment:checking '/home/danielh/mas418_ros2_ws/install/crane_interfaces' for CMake module files
[0.883s] Level 1:colcon.colcon_core.environment:checking '/home/danielh/mas418_ros2_ws/install/crane_interfaces' for CMake config files
[0.884s] Level 1:colcon.colcon_core.shell:create_environment_hook('crane_interfaces', 'cmake_prefix_path')
[0.884s] INFO:colcon.colcon_core.shell:Creating environment hook '/home/danielh/mas418_ros2_ws/install/crane_interfaces/share/crane_interfaces/hook/cmake_prefix_path.ps1'
[0.884s] INFO:colcon.colcon_core.shell:Creating environment descriptor '/home/danielh/mas418_ros2_ws/install/crane_interfaces/share/crane_interfaces/hook/cmake_prefix_path.dsv'
[0.885s] INFO:colcon.colcon_core.shell:Creating environment hook '/home/danielh/mas418_ros2_ws/install/crane_interfaces/share/crane_interfaces/hook/cmake_prefix_path.sh'
[0.885s] Level 1:colcon.colcon_core.environment:checking '/home/danielh/mas418_ros2_ws/install/crane_interfaces/lib'
[0.886s] Level 1:colcon.colcon_core.shell:create_environment_hook('crane_interfaces', 'ld_library_path_lib')
[0.886s] INFO:colcon.colcon_core.shell:Creating environment hook '/home/danielh/mas418_ros2_ws/install/crane_interfaces/share/crane_interfaces/hook/ld_library_path_lib.ps1'
[0.886s] INFO:colcon.colcon_core.shell:Creating environment descriptor '/home/danielh/mas418_ros2_ws/install/crane_interfaces/share/crane_interfaces/hook/ld_library_path_lib.dsv'
[0.886s] INFO:colcon.colcon_core.shell:Creating environment hook '/home/danielh/mas418_ros2_ws/install/crane_interfaces/share/crane_interfaces/hook/ld_library_path_lib.sh'
[0.887s] Level 1:colcon.colcon_core.environment:checking '/home/danielh/mas418_ros2_ws/install/crane_interfaces/bin'
[0.887s] Level 1:colcon.colcon_core.environment:checking '/home/danielh/mas418_ros2_ws/install/crane_interfaces/lib/pkgconfig/crane_interfaces.pc'
[0.887s] Level 1:colcon.colcon_core.environment:checking '/home/danielh/mas418_ros2_ws/install/crane_interfaces/lib/python3.8/site-packages'
[0.887s] Level 1:colcon.colcon_core.shell:create_environment_hook('crane_interfaces', 'pythonpath')
[0.887s] INFO:colcon.colcon_core.shell:Creating environment hook '/home/danielh/mas418_ros2_ws/install/crane_interfaces/share/crane_interfaces/hook/pythonpath.ps1'
[0.887s] INFO:colcon.colcon_core.shell:Creating environment descriptor '/home/danielh/mas418_ros2_ws/install/crane_interfaces/share/crane_interfaces/hook/pythonpath.dsv'
[0.888s] INFO:colcon.colcon_core.shell:Creating environment hook '/home/danielh/mas418_ros2_ws/install/crane_interfaces/share/crane_interfaces/hook/pythonpath.sh'
[0.888s] INFO:colcon.colcon_core.shell:Creating package script '/home/danielh/mas418_ros2_ws/install/crane_interfaces/share/crane_interfaces/package.ps1'
[0.889s] INFO:colcon.colcon_core.shell:Creating package descriptor '/home/danielh/mas418_ros2_ws/install/crane_interfaces/share/crane_interfaces/package.dsv'
[0.889s] INFO:colcon.colcon_core.shell:Creating package script '/home/danielh/mas418_ros2_ws/install/crane_interfaces/share/crane_interfaces/package.sh'
[0.890s] INFO:colcon.colcon_core.shell:Creating package script '/home/danielh/mas418_ros2_ws/install/crane_interfaces/share/crane_interfaces/package.bash'
[0.890s] INFO:colcon.colcon_core.shell:Creating package script '/home/danielh/mas418_ros2_ws/install/crane_interfaces/share/crane_interfaces/package.zsh'
[0.891s] Level 1:colcon.colcon_core.environment:create_file_with_runtime_dependencies(/home/danielh/mas418_ros2_ws/install/crane_interfaces/share/colcon-core/packages/crane_interfaces)
[0.991s] Level 1:colcon.colcon_core.environment:create_environment_scripts_only(crane_interfaces)
[0.992s] Level 1:colcon.colcon_core.environment:checking '/home/danielh/mas418_ros2_ws/install/crane_interfaces' for CMake module files
[0.993s] Level 1:colcon.colcon_core.environment:checking '/home/danielh/mas418_ros2_ws/install/crane_interfaces' for CMake config files
[0.993s] Level 1:colcon.colcon_core.shell:create_environment_hook('crane_interfaces', 'cmake_prefix_path')
[0.993s] INFO:colcon.colcon_core.shell:Creating environment hook '/home/danielh/mas418_ros2_ws/install/crane_interfaces/share/crane_interfaces/hook/cmake_prefix_path.ps1'
[0.994s] INFO:colcon.colcon_core.shell:Creating environment descriptor '/home/danielh/mas418_ros2_ws/install/crane_interfaces/share/crane_interfaces/hook/cmake_prefix_path.dsv'
[0.994s] INFO:colcon.colcon_core.shell:Creating environment hook '/home/danielh/mas418_ros2_ws/install/crane_interfaces/share/crane_interfaces/hook/cmake_prefix_path.sh'
[0.994s] Level 1:colcon.colcon_core.environment:checking '/home/danielh/mas418_ros2_ws/install/crane_interfaces/lib'
[0.994s] Level 1:colcon.colcon_core.shell:create_environment_hook('crane_interfaces', 'ld_library_path_lib')
[0.995s] INFO:colcon.colcon_core.shell:Creating environment hook '/home/danielh/mas418_ros2_ws/install/crane_interfaces/share/crane_interfaces/hook/ld_library_path_lib.ps1'
[0.995s] INFO:colcon.colcon_core.shell:Creating environment descriptor '/home/danielh/mas418_ros2_ws/install/crane_interfaces/share/crane_interfaces/hook/ld_library_path_lib.dsv'
[0.995s] INFO:colcon.colcon_core.shell:Creating environment hook '/home/danielh/mas418_ros2_ws/install/crane_interfaces/share/crane_interfaces/hook/ld_library_path_lib.sh'
[0.995s] Level 1:colcon.colcon_core.environment:checking '/home/danielh/mas418_ros2_ws/install/crane_interfaces/bin'
[0.996s] Level 1:colcon.colcon_core.environment:checking '/home/danielh/mas418_ros2_ws/install/crane_interfaces/lib/pkgconfig/crane_interfaces.pc'
[0.996s] Level 1:colcon.colcon_core.environment:checking '/home/danielh/mas418_ros2_ws/install/crane_interfaces/lib/python3.8/site-packages'
[0.996s] Level 1:colcon.colcon_core.shell:create_environment_hook('crane_interfaces', 'pythonpath')
[0.996s] INFO:colcon.colcon_core.shell:Creating environment hook '/home/danielh/mas418_ros2_ws/install/crane_interfaces/share/crane_interfaces/hook/pythonpath.ps1'
[0.996s] INFO:colcon.colcon_core.shell:Creating environment descriptor '/home/danielh/mas418_ros2_ws/install/crane_interfaces/share/crane_interfaces/hook/pythonpath.dsv'
[0.996s] INFO:colcon.colcon_core.shell:Creating environment hook '/home/danielh/mas418_ros2_ws/install/crane_interfaces/share/crane_interfaces/hook/pythonpath.sh'
[0.997s] INFO:colcon.colcon_core.shell:Creating package script '/home/danielh/mas418_ros2_ws/install/crane_interfaces/share/crane_interfaces/package.ps1'
[0.997s] INFO:colcon.colcon_core.shell:Creating package descriptor '/home/danielh/mas418_ros2_ws/install/crane_interfaces/share/crane_interfaces/package.dsv'
[0.998s] INFO:colcon.colcon_core.shell:Creating package script '/home/danielh/mas418_ros2_ws/install/crane_interfaces/share/crane_interfaces/package.sh'
[0.998s] INFO:colcon.colcon_core.shell:Creating package script '/home/danielh/mas418_ros2_ws/install/crane_interfaces/share/crane_interfaces/package.bash'
[0.998s] INFO:colcon.colcon_core.shell:Creating package script '/home/danielh/mas418_ros2_ws/install/crane_interfaces/share/crane_interfaces/package.zsh'
[0.999s] Level 1:colcon.colcon_core.environment:create_file_with_runtime_dependencies(/home/danielh/mas418_ros2_ws/install/crane_interfaces/share/colcon-core/packages/crane_interfaces)
[0.999s] INFO:colcon.colcon_ros.task.ament_cmake.build:Building ROS package in '/home/danielh/mas418_ros2_ws/src/crane_controller' with build type 'ament_cmake'
[0.999s] INFO:colcon.colcon_cmake.task.cmake.build:Building CMake package in '/home/danielh/mas418_ros2_ws/src/crane_controller'
[0.999s] INFO:colcon.colcon_core.shell:Skip shell extension 'powershell' for command environment: Not usable outside of PowerShell
[0.999s] DEBUG:colcon.colcon_core.shell:Skip shell extension 'dsv' for command environment
[1.033s] DEBUG:colcon.colcon_core.event_handler.log_command:Invoking command in '/home/danielh/mas418_ros2_ws/build/crane_controller': CMAKE_PREFIX_PATH=${CMAKE_PREFIX_PATH}:/home/danielh/ros2_galactic/install/rqt_bag_plugins:/home/danielh/ros2_galactic/install/rqt_bag:/home/danielh/ros2_galactic/install/ros2bag:/home/danielh/ros2_galactic/install/tracetools_launch:/home/danielh/ros2_galactic/install/topic_monitor:/home/danielh/ros2_galactic/install/tf2_tools:/home/danielh/ros2_galactic/install/examples_tf2_py:/home/danielh/ros2_galactic/install/tf2_ros_py:/home/danielh/ros2_galactic/install/sros2:/home/danielh/ros2_galactic/install/rqt_topic:/home/danielh/ros2_galactic/install/rqt_top:/home/danielh/ros2_galactic/install/rqt_srv:/home/danielh/ros2_galactic/install/rqt_shell:/home/danielh/ros2_galactic/install/rqt_service_caller:/home/danielh/ros2_galactic/install/rqt_reconfigure:/home/danielh/ros2_galactic/install/rqt_py_console:/home/danielh/ros2_galactic/install/rqt_publisher:/home/danielh/ros2_galactic/install/rqt_plot:/home/danielh/ros2_galactic/install/rqt_action:/home/danielh/ros2_galactic/install/rqt_msg:/home/danielh/ros2_galactic/install/rqt_console:/home/danielh/ros2_galactic/install/rqt:/home/danielh/ros2_galactic/install/rqt_graph:/home/danielh/ros2_galactic/install/rqt_gui_py:/home/danielh/ros2_galactic/install/rqt_gui:/home/danielh/ros2_galactic/install/ros2trace:/home/danielh/ros2_galactic/install/ros2topic:/home/danielh/ros2_galactic/install/ros2test:/home/danielh/ros2_galactic/install/ros2component:/home/danielh/ros2_galactic/install/ros2param:/home/danielh/ros2_galactic/install/ros2lifecycle:/home/danielh/ros2_galactic/install/ros2service:/home/danielh/ros2_galactic/install/ros2run:/home/danielh/ros2_galactic/install/ros2launch:/home/danielh/ros2_galactic/install/ros2pkg:/home/danielh/ros2_galactic/install/ros2node:/home/danielh/ros2_galactic/install/ros2multicast:/home/danielh/ros2_galactic/install/ros2interface:/home/danielh/ros2_galactic/install/ros2doctor:/home/danielh/ros2_galactic/install/ros2action:/home/danielh/ros2_galactic/install/ros2cli:/home/danielh/ros2_galactic/install/quality_of_service_demo_py:/home/danielh/ros2_galactic/install/launch_testing_ros:/home/danielh/ros2_galactic/install/launch_ros:/home/danielh/ros2_galactic/install/joint_state_publisher_gui:/home/danielh/ros2_galactic/install/joint_state_publisher:/home/danielh/ros2_galactic/install/examples_rclpy_pointcloud_publisher:/home/danielh/ros2_galactic/install/examples_rclpy_minimal_subscriber:/home/danielh/ros2_galactic/install/examples_rclpy_minimal_service:/home/danielh/ros2_galactic/install/examples_rclpy_minimal_publisher:/home/danielh/ros2_galactic/install/examples_rclpy_minimal_client:/home/danielh/ros2_galactic/install/examples_rclpy_minimal_action_server:/home/danielh/ros2_galactic/install/examples_rclpy_minimal_action_client:/home/danielh/ros2_galactic/install/examples_rclpy_guard_conditions:/home/danielh/ros2_galactic/install/examples_rclpy_executors:/home/danielh/ros2_galactic/install/demo_nodes_py:/home/danielh/ros2_galactic/install/action_tutorials_py:/home/danielh/ros2_galactic/install/ament_uncrustify:/home/danielh/ros2_galactic/install/tracetools_trace:/home/danielh/ros2_galactic/install/tracetools_read:/home/danielh/ros2_galactic/install/test_launch_ros:/home/danielh/ros2_galactic/install/sensor_msgs_py:/home/danielh/ros2_galactic/install/rpyutils:/home/danielh/ros2_galactic/install/rosidl_runtime_py:/home/danielh/ros2_galactic/install/rosidl_cli:/home/danielh/ros2_galactic/install/launch_yaml:/home/danielh/ros2_galactic/install/launch_xml:/home/danielh/ros2_galactic/install/launch_testing:/home/danielh/ros2_galactic/install/launch:/home/danielh/ros2_galactic/install/osrf_pycommon:/home/danielh/ros2_galactic/install/domain_coordinator:/home/danielh/ros2_galactic/install/ament_xmllint:/home/danielh/ros2_galactic/install/ament_pyflakes:/home/danielh/ros2_galactic/install/ament_pycodestyle:/home/danielh/ros2_galactic/install/ament_pep257:/home/danielh/ros2_galactic/install/ament_pclint:/home/danielh/ros2_galactic/install/ament_package:/home/danielh/ros2_galactic/install/ament_mypy:/home/danielh/ros2_galactic/install/ament_lint_cmake:/home/danielh/ros2_galactic/install/ament_flake8:/home/danielh/ros2_galactic/install/ament_copyright:/home/danielh/ros2_galactic/install/ament_lint:/home/danielh/ros2_galactic/install/ament_index_python:/home/danielh/ros2_galactic/install/ament_cpplint:/home/danielh/ros2_galactic/install/ament_cppcheck:/home/danielh/ros2_galactic/install/ament_clang_tidy:/home/danielh/ros2_galactic/install/ament_clang_format /usr/bin/cmake --build /home/danielh/mas418_ros2_ws/build/crane_controller -- -j12 -l12
[2.986s] DEBUG:colcon.colcon_core.event_handler.log_command:Invoked command in '/home/danielh/mas418_ros2_ws/build/crane_controller' returned '2': CMAKE_PREFIX_PATH=${CMAKE_PREFIX_PATH}:/home/danielh/ros2_galactic/install/rqt_bag_plugins:/home/danielh/ros2_galactic/install/rqt_bag:/home/danielh/ros2_galactic/install/ros2bag:/home/danielh/ros2_galactic/install/tracetools_launch:/home/danielh/ros2_galactic/install/topic_monitor:/home/danielh/ros2_galactic/install/tf2_tools:/home/danielh/ros2_galactic/install/examples_tf2_py:/home/danielh/ros2_galactic/install/tf2_ros_py:/home/danielh/ros2_galactic/install/sros2:/home/danielh/ros2_galactic/install/rqt_topic:/home/danielh/ros2_galactic/install/rqt_top:/home/danielh/ros2_galactic/install/rqt_srv:/home/danielh/ros2_galactic/install/rqt_shell:/home/danielh/ros2_galactic/install/rqt_service_caller:/home/danielh/ros2_galactic/install/rqt_reconfigure:/home/danielh/ros2_galactic/install/rqt_py_console:/home/danielh/ros2_galactic/install/rqt_publisher:/home/danielh/ros2_galactic/install/rqt_plot:/home/danielh/ros2_galactic/install/rqt_action:/home/danielh/ros2_galactic/install/rqt_msg:/home/danielh/ros2_galactic/install/rqt_console:/home/danielh/ros2_galactic/install/rqt:/home/danielh/ros2_galactic/install/rqt_graph:/home/danielh/ros2_galactic/install/rqt_gui_py:/home/danielh/ros2_galactic/install/rqt_gui:/home/danielh/ros2_galactic/install/ros2trace:/home/danielh/ros2_galactic/install/ros2topic:/home/danielh/ros2_galactic/install/ros2test:/home/danielh/ros2_galactic/install/ros2component:/home/danielh/ros2_galactic/install/ros2param:/home/danielh/ros2_galactic/install/ros2lifecycle:/home/danielh/ros2_galactic/install/ros2service:/home/danielh/ros2_galactic/install/ros2run:/home/danielh/ros2_galactic/install/ros2launch:/home/danielh/ros2_galactic/install/ros2pkg:/home/danielh/ros2_galactic/install/ros2node:/home/danielh/ros2_galactic/install/ros2multicast:/home/danielh/ros2_galactic/install/ros2interface:/home/danielh/ros2_galactic/install/ros2doctor:/home/danielh/ros2_galactic/install/ros2action:/home/danielh/ros2_galactic/install/ros2cli:/home/danielh/ros2_galactic/install/quality_of_service_demo_py:/home/danielh/ros2_galactic/install/launch_testing_ros:/home/danielh/ros2_galactic/install/launch_ros:/home/danielh/ros2_galactic/install/joint_state_publisher_gui:/home/danielh/ros2_galactic/install/joint_state_publisher:/home/danielh/ros2_galactic/install/examples_rclpy_pointcloud_publisher:/home/danielh/ros2_galactic/install/examples_rclpy_minimal_subscriber:/home/danielh/ros2_galactic/install/examples_rclpy_minimal_service:/home/danielh/ros2_galactic/install/examples_rclpy_minimal_publisher:/home/danielh/ros2_galactic/install/examples_rclpy_minimal_client:/home/danielh/ros2_galactic/install/examples_rclpy_minimal_action_server:/home/danielh/ros2_galactic/install/examples_rclpy_minimal_action_client:/home/danielh/ros2_galactic/install/examples_rclpy_guard_conditions:/home/danielh/ros2_galactic/install/examples_rclpy_executors:/home/danielh/ros2_galactic/install/demo_nodes_py:/home/danielh/ros2_galactic/install/action_tutorials_py:/home/danielh/ros2_galactic/install/ament_uncrustify:/home/danielh/ros2_galactic/install/tracetools_trace:/home/danielh/ros2_galactic/install/tracetools_read:/home/danielh/ros2_galactic/install/test_launch_ros:/home/danielh/ros2_galactic/install/sensor_msgs_py:/home/danielh/ros2_galactic/install/rpyutils:/home/danielh/ros2_galactic/install/rosidl_runtime_py:/home/danielh/ros2_galactic/install/rosidl_cli:/home/danielh/ros2_galactic/install/launch_yaml:/home/danielh/ros2_galactic/install/launch_xml:/home/danielh/ros2_galactic/install/launch_testing:/home/danielh/ros2_galactic/install/launch:/home/danielh/ros2_galactic/install/osrf_pycommon:/home/danielh/ros2_galactic/install/domain_coordinator:/home/danielh/ros2_galactic/install/ament_xmllint:/home/danielh/ros2_galactic/install/ament_pyflakes:/home/danielh/ros2_galactic/install/ament_pycodestyle:/home/danielh/ros2_galactic/install/ament_pep257:/home/danielh/ros2_galactic/install/ament_pclint:/home/danielh/ros2_galactic/install/ament_package:/home/danielh/ros2_galactic/install/ament_mypy:/home/danielh/ros2_galactic/install/ament_lint_cmake:/home/danielh/ros2_galactic/install/ament_flake8:/home/danielh/ros2_galactic/install/ament_copyright:/home/danielh/ros2_galactic/install/ament_lint:/home/danielh/ros2_galactic/install/ament_index_python:/home/danielh/ros2_galactic/install/ament_cpplint:/home/danielh/ros2_galactic/install/ament_cppcheck:/home/danielh/ros2_galactic/install/ament_clang_tidy:/home/danielh/ros2_galactic/install/ament_clang_format /usr/bin/cmake --build /home/danielh/mas418_ros2_ws/build/crane_controller -- -j12 -l12
[3.025s] Level 1:colcon.colcon_core.environment:create_environment_scripts_only(crane_controller)
[3.026s] Level 1:colcon.colcon_core.environment:checking '/home/danielh/mas418_ros2_ws/install/crane_controller' for CMake module files
[3.026s] Level 1:colcon.colcon_core.environment:checking '/home/danielh/mas418_ros2_ws/install/crane_controller' for CMake config files
[3.026s] Level 1:colcon.colcon_core.shell:create_environment_hook('crane_controller', 'cmake_prefix_path')
[3.026s] INFO:colcon.colcon_core.shell:Creating environment hook '/home/danielh/mas418_ros2_ws/install/crane_controller/share/crane_controller/hook/cmake_prefix_path.ps1'
[3.027s] INFO:colcon.colcon_core.shell:Creating environment descriptor '/home/danielh/mas418_ros2_ws/install/crane_controller/share/crane_controller/hook/cmake_prefix_path.dsv'
[3.027s] INFO:colcon.colcon_core.shell:Creating environment hook '/home/danielh/mas418_ros2_ws/install/crane_controller/share/crane_controller/hook/cmake_prefix_path.sh'
[3.027s] Level 1:colcon.colcon_core.environment:checking '/home/danielh/mas418_ros2_ws/install/crane_controller/lib'
[3.027s] Level 1:colcon.colcon_core.environment:checking '/home/danielh/mas418_ros2_ws/install/crane_controller/bin'
[3.028s] Level 1:colcon.colcon_core.environment:checking '/home/danielh/mas418_ros2_ws/install/crane_controller/lib/pkgconfig/crane_controller.pc'
[3.028s] Level 1:colcon.colcon_core.environment:checking '/home/danielh/mas418_ros2_ws/install/crane_controller/lib/python3.8/site-packages'
[3.028s] INFO:colcon.colcon_core.shell:Creating package script '/home/danielh/mas418_ros2_ws/install/crane_controller/share/crane_controller/package.ps1'
[3.028s] INFO:colcon.colcon_core.shell:Creating package descriptor '/home/danielh/mas418_ros2_ws/install/crane_controller/share/crane_controller/package.dsv'
[3.029s] INFO:colcon.colcon_core.shell:Creating package script '/home/danielh/mas418_ros2_ws/install/crane_controller/share/crane_controller/package.sh'
[3.029s] INFO:colcon.colcon_core.shell:Creating package script '/home/danielh/mas418_ros2_ws/install/crane_controller/share/crane_controller/package.bash'
[3.029s] INFO:colcon.colcon_core.shell:Creating package script '/home/danielh/mas418_ros2_ws/install/crane_controller/share/crane_controller/package.zsh'
[3.029s] Level 1:colcon.colcon_core.environment:create_file_with_runtime_dependencies(/home/danielh/mas418_ros2_ws/install/crane_controller/share/colcon-core/packages/crane_controller)
[3.040s] DEBUG:colcon.colcon_parallel_executor.executor.parallel:closing loop
[3.040s] DEBUG:colcon.colcon_parallel_executor.executor.parallel:loop closed
[3.040s] DEBUG:colcon.colcon_parallel_executor.executor.parallel:run_until_complete finished with '2'
[3.040s] DEBUG:colcon.colcon_core.event_reactor:joining thread
[3.048s] INFO:colcon.colcon_core.plugin_system:Skipping extension 'colcon_notification.desktop_notification.terminal_notifier': Not used on non-Darwin systems
[3.048s] INFO:colcon.colcon_core.plugin_system:Skipping extension 'colcon_notification.desktop_notification.win32': Not used on non-Windows systems
[3.048s] INFO:colcon.colcon_notification.desktop_notification:Sending desktop notification using 'notify2'
[3.057s] DEBUG:colcon.colcon_core.event_reactor:joined thread
[3.058s] INFO:colcon.colcon_core.shell:Creating prefix script '/home/danielh/mas418_ros2_ws/install/local_setup.ps1'
[3.059s] INFO:colcon.colcon_core.shell:Creating prefix util module '/home/danielh/mas418_ros2_ws/install/_local_setup_util_ps1.py'
[3.060s] INFO:colcon.colcon_core.shell:Creating prefix chain script '/home/danielh/mas418_ros2_ws/install/setup.ps1'
[3.069s] INFO:colcon.colcon_core.shell:Creating prefix script '/home/danielh/mas418_ros2_ws/install/local_setup.sh'
[3.069s] INFO:colcon.colcon_core.shell:Creating prefix util module '/home/danielh/mas418_ros2_ws/install/_local_setup_util_sh.py'
[3.070s] INFO:colcon.colcon_core.shell:Creating prefix chain script '/home/danielh/mas418_ros2_ws/install/setup.sh'
[3.079s] INFO:colcon.colcon_core.shell:Creating prefix script '/home/danielh/mas418_ros2_ws/install/local_setup.bash'
[3.079s] INFO:colcon.colcon_core.shell:Creating prefix chain script '/home/danielh/mas418_ros2_ws/install/setup.bash'
[3.088s] INFO:colcon.colcon_core.shell:Creating prefix script '/home/danielh/mas418_ros2_ws/install/local_setup.zsh'
[3.089s] INFO:colcon.colcon_core.shell:Creating prefix chain script '/home/danielh/mas418_ros2_ws/install/setup.zsh'
