[1.452s] Invoking command in '/home/danielh/mas418_ros2_ws/src/crane_simulator': PYTHONPATH=/home/danielh/mas418_ros2_ws/install/crane_simulator/lib/python3.8/site-packages:${PYTHONPATH} /usr/bin/python3 setup.py egg_info --egg-base ../../build/crane_simulator build --build-base /home/danielh/mas418_ros2_ws/build/crane_simulator/build install --prefix /home/danielh/mas418_ros2_ws/install/crane_simulator --record /home/danielh/mas418_ros2_ws/build/crane_simulator/install.log --single-version-externally-managed
[1.875s] running egg_info
[1.875s] writing ../../build/crane_simulator/crane_simulator.egg-info/PKG-INFO
[1.876s] writing dependency_links to ../../build/crane_simulator/crane_simulator.egg-info/dependency_links.txt
[1.876s] writing entry points to ../../build/crane_simulator/crane_simulator.egg-info/entry_points.txt
[1.876s] writing requirements to ../../build/crane_simulator/crane_simulator.egg-info/requires.txt
[1.877s] writing top-level names to ../../build/crane_simulator/crane_simulator.egg-info/top_level.txt
[1.877s] reading manifest file '../../build/crane_simulator/crane_simulator.egg-info/SOURCES.txt'
[1.877s] writing manifest file '../../build/crane_simulator/crane_simulator.egg-info/SOURCES.txt'
[1.877s] running build
[1.878s] running build_py
[1.878s] copying crane_simulator/simulator.py -> /home/danielh/mas418_ros2_ws/build/crane_simulator/build/lib/crane_simulator
[1.879s] running install
[1.879s] running install_lib
[1.880s] copying /home/danielh/mas418_ros2_ws/build/crane_simulator/build/lib/crane_simulator/simulator.py -> /home/danielh/mas418_ros2_ws/install/crane_simulator/lib/python3.8/site-packages/crane_simulator
[1.880s] byte-compiling /home/danielh/mas418_ros2_ws/install/crane_simulator/lib/python3.8/site-packages/crane_simulator/simulator.py to simulator.cpython-38.pyc
[1.880s] running install_data
[1.880s] running install_egg_info
[1.880s] removing '/home/danielh/mas418_ros2_ws/install/crane_simulator/lib/python3.8/site-packages/crane_simulator-0.0.0-py3.8.egg-info' (and everything under it)
[1.880s] Copying ../../build/crane_simulator/crane_simulator.egg-info to /home/danielh/mas418_ros2_ws/install/crane_simulator/lib/python3.8/site-packages/crane_simulator-0.0.0-py3.8.egg-info
[1.880s] running install_scripts
[1.893s] Installing state_publisher script to /home/danielh/mas418_ros2_ws/install/crane_simulator/lib/crane_simulator
[1.894s] writing list of installed files to '/home/danielh/mas418_ros2_ws/build/crane_simulator/install.log'
[1.911s] Invoked command in '/home/danielh/mas418_ros2_ws/src/crane_simulator' returned '0': PYTHONPATH=/home/danielh/mas418_ros2_ws/install/crane_simulator/lib/python3.8/site-packages:${PYTHONPATH} /usr/bin/python3 setup.py egg_info --egg-base ../../build/crane_simulator build --build-base /home/danielh/mas418_ros2_ws/build/crane_simulator/build install --prefix /home/danielh/mas418_ros2_ws/install/crane_simulator --record /home/danielh/mas418_ros2_ws/build/crane_simulator/install.log --single-version-externally-managed
