[0.068s] Invoking command in '/home/danielh/mas418_ros2_ws/build/crane_interfaces': CMAKE_PREFIX_PATH=${CMAKE_PREFIX_PATH}:/home/danielh/mas418_ros2_ws/install/urdf_tutorial_r2d2:/home/danielh/mas418_ros2_ws/install/py_pubsub:/home/danielh/mas418_ros2_ws/install/crane_simulator:/home/danielh/ros2_galactic/install/rqt_bag_plugins:/home/danielh/ros2_galactic/install/rqt_bag:/home/danielh/ros2_galactic/install/ros2bag:/home/danielh/ros2_galactic/install/tracetools_launch:/home/danielh/ros2_galactic/install/topic_monitor:/home/danielh/ros2_galactic/install/tf2_tools:/home/danielh/ros2_galactic/install/examples_tf2_py:/home/danielh/ros2_galactic/install/tf2_ros_py:/home/danielh/ros2_galactic/install/sros2:/home/danielh/ros2_galactic/install/rqt_topic:/home/danielh/ros2_galactic/install/rqt_top:/home/danielh/ros2_galactic/install/rqt_srv:/home/danielh/ros2_galactic/install/rqt_shell:/home/danielh/ros2_galactic/install/rqt_service_caller:/home/danielh/ros2_galactic/install/rqt_reconfigure:/home/danielh/ros2_galactic/install/rqt_py_console:/home/danielh/ros2_galactic/install/rqt_publisher:/home/danielh/ros2_galactic/install/rqt_plot:/home/danielh/ros2_galactic/install/rqt_action:/home/danielh/ros2_galactic/install/rqt_msg:/home/danielh/ros2_galactic/install/rqt_console:/home/danielh/ros2_galactic/install/rqt:/home/danielh/ros2_galactic/install/rqt_graph:/home/danielh/ros2_galactic/install/rqt_gui_py:/home/danielh/ros2_galactic/install/rqt_gui:/home/danielh/ros2_galactic/install/ros2trace:/home/danielh/ros2_galactic/install/ros2topic:/home/danielh/ros2_galactic/install/ros2test:/home/danielh/ros2_galactic/install/ros2component:/home/danielh/ros2_galactic/install/ros2param:/home/danielh/ros2_galactic/install/ros2lifecycle:/home/danielh/ros2_galactic/install/ros2service:/home/danielh/ros2_galactic/install/ros2run:/home/danielh/ros2_galactic/install/ros2launch:/home/danielh/ros2_galactic/install/ros2pkg:/home/danielh/ros2_galactic/install/ros2node:/home/danielh/ros2_galactic/install/ros2multicast:/home/danielh/ros2_galactic/install/ros2interface:/home/danielh/ros2_galactic/install/ros2doctor:/home/danielh/ros2_galactic/install/ros2action:/home/danielh/ros2_galactic/install/ros2cli:/home/danielh/ros2_galactic/install/quality_of_service_demo_py:/home/danielh/ros2_galactic/install/launch_testing_ros:/home/danielh/ros2_galactic/install/launch_ros:/home/danielh/ros2_galactic/install/joint_state_publisher_gui:/home/danielh/ros2_galactic/install/joint_state_publisher:/home/danielh/ros2_galactic/install/examples_rclpy_pointcloud_publisher:/home/danielh/ros2_galactic/install/examples_rclpy_minimal_subscriber:/home/danielh/ros2_galactic/install/examples_rclpy_minimal_service:/home/danielh/ros2_galactic/install/examples_rclpy_minimal_publisher:/home/danielh/ros2_galactic/install/examples_rclpy_minimal_client:/home/danielh/ros2_galactic/install/examples_rclpy_minimal_action_server:/home/danielh/ros2_galactic/install/examples_rclpy_minimal_action_client:/home/danielh/ros2_galactic/install/examples_rclpy_guard_conditions:/home/danielh/ros2_galactic/install/examples_rclpy_executors:/home/danielh/ros2_galactic/install/demo_nodes_py:/home/danielh/ros2_galactic/install/action_tutorials_py:/home/danielh/ros2_galactic/install/ament_uncrustify:/home/danielh/ros2_galactic/install/tracetools_trace:/home/danielh/ros2_galactic/install/tracetools_read:/home/danielh/ros2_galactic/install/test_launch_ros:/home/danielh/ros2_galactic/install/sensor_msgs_py:/home/danielh/ros2_galactic/install/rpyutils:/home/danielh/ros2_galactic/install/rosidl_runtime_py:/home/danielh/ros2_galactic/install/rosidl_cli:/home/danielh/ros2_galactic/install/launch_yaml:/home/danielh/ros2_galactic/install/launch_xml:/home/danielh/ros2_galactic/install/launch_testing:/home/danielh/ros2_galactic/install/launch:/home/danielh/ros2_galactic/install/osrf_pycommon:/home/danielh/ros2_galactic/install/domain_coordinator:/home/danielh/ros2_galactic/install/ament_xmllint:/home/danielh/ros2_galactic/install/ament_pyflakes:/home/danielh/ros2_galactic/install/ament_pycodestyle:/home/danielh/ros2_galactic/install/ament_pep257:/home/danielh/ros2_galactic/install/ament_pclint:/home/danielh/ros2_galactic/install/ament_package:/home/danielh/ros2_galactic/install/ament_mypy:/home/danielh/ros2_galactic/install/ament_lint_cmake:/home/danielh/ros2_galactic/install/ament_flake8:/home/danielh/ros2_galactic/install/ament_copyright:/home/danielh/ros2_galactic/install/ament_lint:/home/danielh/ros2_galactic/install/ament_index_python:/home/danielh/ros2_galactic/install/ament_cpplint:/home/danielh/ros2_galactic/install/ament_cppcheck:/home/danielh/ros2_galactic/install/ament_clang_tidy:/home/danielh/ros2_galactic/install/ament_clang_format /usr/bin/cmake /home/danielh/mas418_ros2_ws/src/crane_interfaces -DCMAKE_INSTALL_PREFIX=/home/danielh/mas418_ros2_ws/install/crane_interfaces
[0.142s] -- The C compiler identification is GNU 9.3.0
[0.220s] -- The CXX compiler identification is GNU 9.3.0
[0.233s] -- Check for working C compiler: /usr/bin/cc
[0.313s] -- Check for working C compiler: /usr/bin/cc -- works
[0.314s] -- Detecting C compiler ABI info
[0.395s] -- Detecting C compiler ABI info - done
[0.403s] -- Detecting C compile features
[0.403s] -- Detecting C compile features - done
[0.405s] -- Check for working CXX compiler: /usr/bin/c++
[0.494s] -- Check for working CXX compiler: /usr/bin/c++ -- works
[0.495s] -- Detecting CXX compiler ABI info
[0.583s] -- Detecting CXX compiler ABI info - done
[0.592s] -- Detecting CXX compile features
[0.592s] -- Detecting CXX compile features - done
[0.604s] -- Found ament_cmake: 1.1.5 (/home/danielh/ros2_galactic/install/ament_cmake/share/ament_cmake/cmake)
[0.804s] -- Found PythonInterp: /usr/bin/python3 (found suitable version "3.8.10", minimum required is "3") 
[0.804s] -- Using PYTHON_EXECUTABLE: /usr/bin/python3
[1.176s] -- Found rosidl_default_generators: 1.1.1 (/home/danielh/ros2_galactic/install/rosidl_default_generators/share/rosidl_default_generators/cmake)
[1.282s] -- Using all available rosidl_typesupport_c: rosidl_typesupport_introspection_c;rosidl_typesupport_fastrtps_c
[1.310s] -- Found rosidl_adapter: 2.2.1 (/home/danielh/ros2_galactic/install/rosidl_adapter/share/rosidl_adapter/cmake)
[1.539s] -- Found OpenSSL: /usr/lib/x86_64-linux-gnu/libcrypto.so (found version "1.1.1f")  
[1.585s] -- Found FastRTPS: /home/danielh/ros2_galactic/install/fastrtps/include  
[1.734s] -- Using all available rosidl_typesupport_cpp: rosidl_typesupport_introspection_cpp;rosidl_typesupport_fastrtps_cpp
[1.937s] -- Found PythonInterp: /usr/bin/python3 (found version "3.8.10") 
[2.472s] -- Found ament_cmake_ros: 0.9.2 (/home/danielh/ros2_galactic/install/ament_cmake_ros/share/ament_cmake_ros/cmake)
[2.809s] -- Using all available rosidl_typesupport_c: rosidl_typesupport_introspection_c;rosidl_typesupport_fastrtps_c
[2.922s] -- Using all available rosidl_typesupport_cpp: rosidl_typesupport_introspection_cpp;rosidl_typesupport_fastrtps_cpp
[3.141s] -- Found PythonInterp: /usr/bin/python3 (found suitable version "3.8.10", minimum required is "3.5") 
[3.150s] -- Found python_cmake_module: 0.8.1 (/home/danielh/ros2_galactic/install/python_cmake_module/share/python_cmake_module/cmake)
[3.326s] -- Found PythonLibs: /usr/lib/x86_64-linux-gnu/libpython3.8.so (found suitable version "3.8.10", minimum required is "3.5") 
[3.327s] -- Using PYTHON_EXECUTABLE: /usr/bin/python3
[3.327s] -- Using PYTHON_INCLUDE_DIRS: /usr/include/python3.8
[3.327s] -- Using PYTHON_LIBRARIES: /usr/lib/x86_64-linux-gnu/libpython3.8.so
[3.513s] -- Found PythonExtra: .so  
[4.001s] -- Found ament_lint_auto: 0.10.6 (/home/danielh/ros2_galactic/install/ament_lint_auto/share/ament_lint_auto/cmake)
[4.083s] -- Added test 'copyright' to check source files copyright and LICENSE
[4.087s] -- Added test 'lint_cmake' to check CMake code style
[4.090s] -- Added test 'xmllint' to check XML markup files
[4.100s] -- Configuring done
[4.122s] -- Generating done
[4.124s] -- Build files have been written to: /home/danielh/mas418_ros2_ws/build/crane_interfaces
[4.129s] Invoked command in '/home/danielh/mas418_ros2_ws/build/crane_interfaces' returned '0': CMAKE_PREFIX_PATH=${CMAKE_PREFIX_PATH}:/home/danielh/mas418_ros2_ws/install/urdf_tutorial_r2d2:/home/danielh/mas418_ros2_ws/install/py_pubsub:/home/danielh/mas418_ros2_ws/install/crane_simulator:/home/danielh/ros2_galactic/install/rqt_bag_plugins:/home/danielh/ros2_galactic/install/rqt_bag:/home/danielh/ros2_galactic/install/ros2bag:/home/danielh/ros2_galactic/install/tracetools_launch:/home/danielh/ros2_galactic/install/topic_monitor:/home/danielh/ros2_galactic/install/tf2_tools:/home/danielh/ros2_galactic/install/examples_tf2_py:/home/danielh/ros2_galactic/install/tf2_ros_py:/home/danielh/ros2_galactic/install/sros2:/home/danielh/ros2_galactic/install/rqt_topic:/home/danielh/ros2_galactic/install/rqt_top:/home/danielh/ros2_galactic/install/rqt_srv:/home/danielh/ros2_galactic/install/rqt_shell:/home/danielh/ros2_galactic/install/rqt_service_caller:/home/danielh/ros2_galactic/install/rqt_reconfigure:/home/danielh/ros2_galactic/install/rqt_py_console:/home/danielh/ros2_galactic/install/rqt_publisher:/home/danielh/ros2_galactic/install/rqt_plot:/home/danielh/ros2_galactic/install/rqt_action:/home/danielh/ros2_galactic/install/rqt_msg:/home/danielh/ros2_galactic/install/rqt_console:/home/danielh/ros2_galactic/install/rqt:/home/danielh/ros2_galactic/install/rqt_graph:/home/danielh/ros2_galactic/install/rqt_gui_py:/home/danielh/ros2_galactic/install/rqt_gui:/home/danielh/ros2_galactic/install/ros2trace:/home/danielh/ros2_galactic/install/ros2topic:/home/danielh/ros2_galactic/install/ros2test:/home/danielh/ros2_galactic/install/ros2component:/home/danielh/ros2_galactic/install/ros2param:/home/danielh/ros2_galactic/install/ros2lifecycle:/home/danielh/ros2_galactic/install/ros2service:/home/danielh/ros2_galactic/install/ros2run:/home/danielh/ros2_galactic/install/ros2launch:/home/danielh/ros2_galactic/install/ros2pkg:/home/danielh/ros2_galactic/install/ros2node:/home/danielh/ros2_galactic/install/ros2multicast:/home/danielh/ros2_galactic/install/ros2interface:/home/danielh/ros2_galactic/install/ros2doctor:/home/danielh/ros2_galactic/install/ros2action:/home/danielh/ros2_galactic/install/ros2cli:/home/danielh/ros2_galactic/install/quality_of_service_demo_py:/home/danielh/ros2_galactic/install/launch_testing_ros:/home/danielh/ros2_galactic/install/launch_ros:/home/danielh/ros2_galactic/install/joint_state_publisher_gui:/home/danielh/ros2_galactic/install/joint_state_publisher:/home/danielh/ros2_galactic/install/examples_rclpy_pointcloud_publisher:/home/danielh/ros2_galactic/install/examples_rclpy_minimal_subscriber:/home/danielh/ros2_galactic/install/examples_rclpy_minimal_service:/home/danielh/ros2_galactic/install/examples_rclpy_minimal_publisher:/home/danielh/ros2_galactic/install/examples_rclpy_minimal_client:/home/danielh/ros2_galactic/install/examples_rclpy_minimal_action_server:/home/danielh/ros2_galactic/install/examples_rclpy_minimal_action_client:/home/danielh/ros2_galactic/install/examples_rclpy_guard_conditions:/home/danielh/ros2_galactic/install/examples_rclpy_executors:/home/danielh/ros2_galactic/install/demo_nodes_py:/home/danielh/ros2_galactic/install/action_tutorials_py:/home/danielh/ros2_galactic/install/ament_uncrustify:/home/danielh/ros2_galactic/install/tracetools_trace:/home/danielh/ros2_galactic/install/tracetools_read:/home/danielh/ros2_galactic/install/test_launch_ros:/home/danielh/ros2_galactic/install/sensor_msgs_py:/home/danielh/ros2_galactic/install/rpyutils:/home/danielh/ros2_galactic/install/rosidl_runtime_py:/home/danielh/ros2_galactic/install/rosidl_cli:/home/danielh/ros2_galactic/install/launch_yaml:/home/danielh/ros2_galactic/install/launch_xml:/home/danielh/ros2_galactic/install/launch_testing:/home/danielh/ros2_galactic/install/launch:/home/danielh/ros2_galactic/install/osrf_pycommon:/home/danielh/ros2_galactic/install/domain_coordinator:/home/danielh/ros2_galactic/install/ament_xmllint:/home/danielh/ros2_galactic/install/ament_pyflakes:/home/danielh/ros2_galactic/install/ament_pycodestyle:/home/danielh/ros2_galactic/install/ament_pep257:/home/danielh/ros2_galactic/install/ament_pclint:/home/danielh/ros2_galactic/install/ament_package:/home/danielh/ros2_galactic/install/ament_mypy:/home/danielh/ros2_galactic/install/ament_lint_cmake:/home/danielh/ros2_galactic/install/ament_flake8:/home/danielh/ros2_galactic/install/ament_copyright:/home/danielh/ros2_galactic/install/ament_lint:/home/danielh/ros2_galactic/install/ament_index_python:/home/danielh/ros2_galactic/install/ament_cpplint:/home/danielh/ros2_galactic/install/ament_cppcheck:/home/danielh/ros2_galactic/install/ament_clang_tidy:/home/danielh/ros2_galactic/install/ament_clang_format /usr/bin/cmake /home/danielh/mas418_ros2_ws/src/crane_interfaces -DCMAKE_INSTALL_PREFIX=/home/danielh/mas418_ros2_ws/install/crane_interfaces
[4.131s] Invoking command in '/home/danielh/mas418_ros2_ws/build/crane_interfaces': CMAKE_PREFIX_PATH=${CMAKE_PREFIX_PATH}:/home/danielh/mas418_ros2_ws/install/urdf_tutorial_r2d2:/home/danielh/mas418_ros2_ws/install/py_pubsub:/home/danielh/mas418_ros2_ws/install/crane_simulator:/home/danielh/ros2_galactic/install/rqt_bag_plugins:/home/danielh/ros2_galactic/install/rqt_bag:/home/danielh/ros2_galactic/install/ros2bag:/home/danielh/ros2_galactic/install/tracetools_launch:/home/danielh/ros2_galactic/install/topic_monitor:/home/danielh/ros2_galactic/install/tf2_tools:/home/danielh/ros2_galactic/install/examples_tf2_py:/home/danielh/ros2_galactic/install/tf2_ros_py:/home/danielh/ros2_galactic/install/sros2:/home/danielh/ros2_galactic/install/rqt_topic:/home/danielh/ros2_galactic/install/rqt_top:/home/danielh/ros2_galactic/install/rqt_srv:/home/danielh/ros2_galactic/install/rqt_shell:/home/danielh/ros2_galactic/install/rqt_service_caller:/home/danielh/ros2_galactic/install/rqt_reconfigure:/home/danielh/ros2_galactic/install/rqt_py_console:/home/danielh/ros2_galactic/install/rqt_publisher:/home/danielh/ros2_galactic/install/rqt_plot:/home/danielh/ros2_galactic/install/rqt_action:/home/danielh/ros2_galactic/install/rqt_msg:/home/danielh/ros2_galactic/install/rqt_console:/home/danielh/ros2_galactic/install/rqt:/home/danielh/ros2_galactic/install/rqt_graph:/home/danielh/ros2_galactic/install/rqt_gui_py:/home/danielh/ros2_galactic/install/rqt_gui:/home/danielh/ros2_galactic/install/ros2trace:/home/danielh/ros2_galactic/install/ros2topic:/home/danielh/ros2_galactic/install/ros2test:/home/danielh/ros2_galactic/install/ros2component:/home/danielh/ros2_galactic/install/ros2param:/home/danielh/ros2_galactic/install/ros2lifecycle:/home/danielh/ros2_galactic/install/ros2service:/home/danielh/ros2_galactic/install/ros2run:/home/danielh/ros2_galactic/install/ros2launch:/home/danielh/ros2_galactic/install/ros2pkg:/home/danielh/ros2_galactic/install/ros2node:/home/danielh/ros2_galactic/install/ros2multicast:/home/danielh/ros2_galactic/install/ros2interface:/home/danielh/ros2_galactic/install/ros2doctor:/home/danielh/ros2_galactic/install/ros2action:/home/danielh/ros2_galactic/install/ros2cli:/home/danielh/ros2_galactic/install/quality_of_service_demo_py:/home/danielh/ros2_galactic/install/launch_testing_ros:/home/danielh/ros2_galactic/install/launch_ros:/home/danielh/ros2_galactic/install/joint_state_publisher_gui:/home/danielh/ros2_galactic/install/joint_state_publisher:/home/danielh/ros2_galactic/install/examples_rclpy_pointcloud_publisher:/home/danielh/ros2_galactic/install/examples_rclpy_minimal_subscriber:/home/danielh/ros2_galactic/install/examples_rclpy_minimal_service:/home/danielh/ros2_galactic/install/examples_rclpy_minimal_publisher:/home/danielh/ros2_galactic/install/examples_rclpy_minimal_client:/home/danielh/ros2_galactic/install/examples_rclpy_minimal_action_server:/home/danielh/ros2_galactic/install/examples_rclpy_minimal_action_client:/home/danielh/ros2_galactic/install/examples_rclpy_guard_conditions:/home/danielh/ros2_galactic/install/examples_rclpy_executors:/home/danielh/ros2_galactic/install/demo_nodes_py:/home/danielh/ros2_galactic/install/action_tutorials_py:/home/danielh/ros2_galactic/install/ament_uncrustify:/home/danielh/ros2_galactic/install/tracetools_trace:/home/danielh/ros2_galactic/install/tracetools_read:/home/danielh/ros2_galactic/install/test_launch_ros:/home/danielh/ros2_galactic/install/sensor_msgs_py:/home/danielh/ros2_galactic/install/rpyutils:/home/danielh/ros2_galactic/install/rosidl_runtime_py:/home/danielh/ros2_galactic/install/rosidl_cli:/home/danielh/ros2_galactic/install/launch_yaml:/home/danielh/ros2_galactic/install/launch_xml:/home/danielh/ros2_galactic/install/launch_testing:/home/danielh/ros2_galactic/install/launch:/home/danielh/ros2_galactic/install/osrf_pycommon:/home/danielh/ros2_galactic/install/domain_coordinator:/home/danielh/ros2_galactic/install/ament_xmllint:/home/danielh/ros2_galactic/install/ament_pyflakes:/home/danielh/ros2_galactic/install/ament_pycodestyle:/home/danielh/ros2_galactic/install/ament_pep257:/home/danielh/ros2_galactic/install/ament_pclint:/home/danielh/ros2_galactic/install/ament_package:/home/danielh/ros2_galactic/install/ament_mypy:/home/danielh/ros2_galactic/install/ament_lint_cmake:/home/danielh/ros2_galactic/install/ament_flake8:/home/danielh/ros2_galactic/install/ament_copyright:/home/danielh/ros2_galactic/install/ament_lint:/home/danielh/ros2_galactic/install/ament_index_python:/home/danielh/ros2_galactic/install/ament_cpplint:/home/danielh/ros2_galactic/install/ament_cppcheck:/home/danielh/ros2_galactic/install/ament_clang_tidy:/home/danielh/ros2_galactic/install/ament_clang_format /usr/bin/cmake --build /home/danielh/mas418_ros2_ws/build/crane_interfaces -- -j12 -l12
[4.187s] [35m[1mScanning dependencies of target crane_interfaces__cpp[0m
[4.187s] [  3%] [34m[1mGenerating C code for ROS interfaces[0m
[4.202s] [  6%] [34m[1mGenerating C++ code for ROS interfaces[0m
[4.538s] [35m[1mScanning dependencies of target crane_interfaces__rosidl_generator_c[0m
[4.550s] [  6%] Built target crane_interfaces__cpp
[4.555s] [  9%] [32mBuilding C object CMakeFiles/crane_interfaces__rosidl_generator_c.dir/rosidl_generator_c/crane_interfaces/msg/detail/motion_reference__functions.c.o[0m
[4.568s] [ 19%] [34m[1mGenerating C++ type support for eProsima Fast-RTPS[0m
[4.568s] [ 19%] [34m[1mGenerating C++ introspection for ROS interfaces[0m
[4.568s] [ 19%] [34m[1mGenerating C++ type support dispatch for ROS interfaces[0m
[4.595s] [ 22%] [32m[1mLinking C shared library libcrane_interfaces__rosidl_generator_c.so[0m
[4.638s] [ 22%] Built target crane_interfaces__rosidl_generator_c
[4.654s] [ 25%] [34m[1mGenerating C type support dispatch for ROS interfaces[0m
[4.654s] [ 29%] [34m[1mGenerating C introspection for ROS interfaces[0m
[4.892s] [35m[1mScanning dependencies of target crane_interfaces__rosidl_typesupport_cpp[0m
[4.910s] [ 32%] [32mBuilding CXX object CMakeFiles/crane_interfaces__rosidl_typesupport_cpp.dir/rosidl_typesupport_cpp/crane_interfaces/msg/motion_reference__type_support.cpp.o[0m
[4.914s] [35m[1mScanning dependencies of target crane_interfaces__rosidl_typesupport_introspection_cpp[0m
[4.918s] [35m[1mScanning dependencies of target crane_interfaces__rosidl_typesupport_fastrtps_cpp[0m
[4.932s] [ 35%] [32mBuilding CXX object CMakeFiles/crane_interfaces__rosidl_typesupport_introspection_cpp.dir/rosidl_typesupport_introspection_cpp/crane_interfaces/msg/detail/motion_reference__type_support.cpp.o[0m
[4.936s] [ 38%] [32mBuilding CXX object CMakeFiles/crane_interfaces__rosidl_typesupport_fastrtps_cpp.dir/rosidl_typesupport_fastrtps_cpp/crane_interfaces/msg/detail/dds_fastrtps/motion_reference__type_support.cpp.o[0m
[5.030s] [35m[1mScanning dependencies of target crane_interfaces__rosidl_typesupport_introspection_c[0m
[5.048s] [ 41%] [32mBuilding C object CMakeFiles/crane_interfaces__rosidl_typesupport_introspection_c.dir/rosidl_typesupport_introspection_c/crane_interfaces/msg/detail/motion_reference__type_support.c.o[0m
[5.086s] [ 45%] [32m[1mLinking C shared library libcrane_interfaces__rosidl_typesupport_introspection_c.so[0m
[5.136s] [ 45%] Built target crane_interfaces__rosidl_typesupport_introspection_c
[5.141s] [ 48%] [32m[1mLinking CXX shared library libcrane_interfaces__rosidl_typesupport_cpp.so[0m
[5.153s] [35m[1mScanning dependencies of target crane_interfaces__rosidl_typesupport_c[0m
[5.167s] [ 51%] [32m[1mLinking CXX shared library libcrane_interfaces__rosidl_typesupport_introspection_cpp.so[0m
[5.173s] [ 54%] [32mBuilding CXX object CMakeFiles/crane_interfaces__rosidl_typesupport_c.dir/rosidl_typesupport_c/crane_interfaces/msg/motion_reference__type_support.cpp.o[0m
[5.194s] [ 54%] Built target crane_interfaces__rosidl_typesupport_cpp
[5.210s] [ 58%] [32m[1mLinking CXX shared library libcrane_interfaces__rosidl_typesupport_c.so[0m
[5.214s] [ 58%] Built target crane_interfaces__rosidl_typesupport_introspection_cpp
[5.258s] [ 58%] Built target crane_interfaces__rosidl_typesupport_c
[5.268s] [ 61%] [32m[1mLinking CXX shared library libcrane_interfaces__rosidl_typesupport_fastrtps_cpp.so[0m
[5.342s] [ 61%] Built target crane_interfaces__rosidl_typesupport_fastrtps_cpp
[5.358s] [ 64%] [34m[1mGenerating C type support for eProsima Fast-RTPS[0m
[5.699s] [35m[1mScanning dependencies of target crane_interfaces__rosidl_typesupport_fastrtps_c[0m
[5.718s] [ 67%] [32mBuilding CXX object CMakeFiles/crane_interfaces__rosidl_typesupport_fastrtps_c.dir/rosidl_typesupport_fastrtps_c/crane_interfaces/msg/detail/motion_reference__type_support_c.cpp.o[0m
[5.989s] [ 70%] [32m[1mLinking CXX shared library libcrane_interfaces__rosidl_typesupport_fastrtps_c.so[0m
[6.062s] [ 70%] Built target crane_interfaces__rosidl_typesupport_fastrtps_c
[6.077s] [35m[1mScanning dependencies of target crane_interfaces[0m
[6.092s] [ 70%] Built target crane_interfaces
[6.109s] [35m[1mScanning dependencies of target crane_interfaces__py[0m
[6.126s] [ 74%] [34m[1mGenerating Python code for ROS interfaces[0m
[6.573s] [ 74%] Built target crane_interfaces__py
[6.589s] [35m[1mScanning dependencies of target crane_interfaces__python[0m
[6.610s] [ 77%] [32mBuilding C object CMakeFiles/crane_interfaces__python.dir/rosidl_generator_py/crane_interfaces/msg/_motion_reference_s.c.o[0m
[6.686s] [ 80%] [32m[1mLinking C shared library rosidl_generator_py/crane_interfaces/libcrane_interfaces__python.so[0m
[6.732s] [ 80%] Built target crane_interfaces__python
[6.749s] [35m[1mScanning dependencies of target crane_interfaces__rosidl_typesupport_introspection_c__pyext[0m
[6.749s] [35m[1mScanning dependencies of target crane_interfaces__rosidl_typesupport_c__pyext[0m
[6.749s] [35m[1mScanning dependencies of target crane_interfaces__rosidl_typesupport_fastrtps_c__pyext[0m
[6.770s] [ 90%] [32mBuilding C object CMakeFiles/crane_interfaces__rosidl_typesupport_c__pyext.dir/rosidl_generator_py/crane_interfaces/_crane_interfaces_s.ep.rosidl_typesupport_c.c.o[0m
[6.770s] [ 90%] [32mBuilding C object CMakeFiles/crane_interfaces__rosidl_typesupport_fastrtps_c__pyext.dir/rosidl_generator_py/crane_interfaces/_crane_interfaces_s.ep.rosidl_typesupport_fastrtps_c.c.o[0m
[6.770s] [ 90%] [32mBuilding C object CMakeFiles/crane_interfaces__rosidl_typesupport_introspection_c__pyext.dir/rosidl_generator_py/crane_interfaces/_crane_interfaces_s.ep.rosidl_typesupport_introspection_c.c.o[0m
[6.841s] [ 96%] [32m[1mLinking C shared library rosidl_generator_py/crane_interfaces/crane_interfaces_s__rosidl_typesupport_c.cpython-38-x86_64-linux-gnu.so[0m
[6.841s] [ 96%] [32m[1mLinking C shared library rosidl_generator_py/crane_interfaces/crane_interfaces_s__rosidl_typesupport_introspection_c.cpython-38-x86_64-linux-gnu.so[0m
[6.846s] [100%] [32m[1mLinking CXX shared library rosidl_generator_py/crane_interfaces/crane_interfaces_s__rosidl_typesupport_fastrtps_c.cpython-38-x86_64-linux-gnu.so[0m
[6.882s] [100%] Built target crane_interfaces__rosidl_typesupport_introspection_c__pyext
[6.883s] [100%] Built target crane_interfaces__rosidl_typesupport_c__pyext
[6.907s] [100%] Built target crane_interfaces__rosidl_typesupport_fastrtps_c__pyext
[6.922s] Invoked command in '/home/danielh/mas418_ros2_ws/build/crane_interfaces' returned '0': CMAKE_PREFIX_PATH=${CMAKE_PREFIX_PATH}:/home/danielh/mas418_ros2_ws/install/urdf_tutorial_r2d2:/home/danielh/mas418_ros2_ws/install/py_pubsub:/home/danielh/mas418_ros2_ws/install/crane_simulator:/home/danielh/ros2_galactic/install/rqt_bag_plugins:/home/danielh/ros2_galactic/install/rqt_bag:/home/danielh/ros2_galactic/install/ros2bag:/home/danielh/ros2_galactic/install/tracetools_launch:/home/danielh/ros2_galactic/install/topic_monitor:/home/danielh/ros2_galactic/install/tf2_tools:/home/danielh/ros2_galactic/install/examples_tf2_py:/home/danielh/ros2_galactic/install/tf2_ros_py:/home/danielh/ros2_galactic/install/sros2:/home/danielh/ros2_galactic/install/rqt_topic:/home/danielh/ros2_galactic/install/rqt_top:/home/danielh/ros2_galactic/install/rqt_srv:/home/danielh/ros2_galactic/install/rqt_shell:/home/danielh/ros2_galactic/install/rqt_service_caller:/home/danielh/ros2_galactic/install/rqt_reconfigure:/home/danielh/ros2_galactic/install/rqt_py_console:/home/danielh/ros2_galactic/install/rqt_publisher:/home/danielh/ros2_galactic/install/rqt_plot:/home/danielh/ros2_galactic/install/rqt_action:/home/danielh/ros2_galactic/install/rqt_msg:/home/danielh/ros2_galactic/install/rqt_console:/home/danielh/ros2_galactic/install/rqt:/home/danielh/ros2_galactic/install/rqt_graph:/home/danielh/ros2_galactic/install/rqt_gui_py:/home/danielh/ros2_galactic/install/rqt_gui:/home/danielh/ros2_galactic/install/ros2trace:/home/danielh/ros2_galactic/install/ros2topic:/home/danielh/ros2_galactic/install/ros2test:/home/danielh/ros2_galactic/install/ros2component:/home/danielh/ros2_galactic/install/ros2param:/home/danielh/ros2_galactic/install/ros2lifecycle:/home/danielh/ros2_galactic/install/ros2service:/home/danielh/ros2_galactic/install/ros2run:/home/danielh/ros2_galactic/install/ros2launch:/home/danielh/ros2_galactic/install/ros2pkg:/home/danielh/ros2_galactic/install/ros2node:/home/danielh/ros2_galactic/install/ros2multicast:/home/danielh/ros2_galactic/install/ros2interface:/home/danielh/ros2_galactic/install/ros2doctor:/home/danielh/ros2_galactic/install/ros2action:/home/danielh/ros2_galactic/install/ros2cli:/home/danielh/ros2_galactic/install/quality_of_service_demo_py:/home/danielh/ros2_galactic/install/launch_testing_ros:/home/danielh/ros2_galactic/install/launch_ros:/home/danielh/ros2_galactic/install/joint_state_publisher_gui:/home/danielh/ros2_galactic/install/joint_state_publisher:/home/danielh/ros2_galactic/install/examples_rclpy_pointcloud_publisher:/home/danielh/ros2_galactic/install/examples_rclpy_minimal_subscriber:/home/danielh/ros2_galactic/install/examples_rclpy_minimal_service:/home/danielh/ros2_galactic/install/examples_rclpy_minimal_publisher:/home/danielh/ros2_galactic/install/examples_rclpy_minimal_client:/home/danielh/ros2_galactic/install/examples_rclpy_minimal_action_server:/home/danielh/ros2_galactic/install/examples_rclpy_minimal_action_client:/home/danielh/ros2_galactic/install/examples_rclpy_guard_conditions:/home/danielh/ros2_galactic/install/examples_rclpy_executors:/home/danielh/ros2_galactic/install/demo_nodes_py:/home/danielh/ros2_galactic/install/action_tutorials_py:/home/danielh/ros2_galactic/install/ament_uncrustify:/home/danielh/ros2_galactic/install/tracetools_trace:/home/danielh/ros2_galactic/install/tracetools_read:/home/danielh/ros2_galactic/install/test_launch_ros:/home/danielh/ros2_galactic/install/sensor_msgs_py:/home/danielh/ros2_galactic/install/rpyutils:/home/danielh/ros2_galactic/install/rosidl_runtime_py:/home/danielh/ros2_galactic/install/rosidl_cli:/home/danielh/ros2_galactic/install/launch_yaml:/home/danielh/ros2_galactic/install/launch_xml:/home/danielh/ros2_galactic/install/launch_testing:/home/danielh/ros2_galactic/install/launch:/home/danielh/ros2_galactic/install/osrf_pycommon:/home/danielh/ros2_galactic/install/domain_coordinator:/home/danielh/ros2_galactic/install/ament_xmllint:/home/danielh/ros2_galactic/install/ament_pyflakes:/home/danielh/ros2_galactic/install/ament_pycodestyle:/home/danielh/ros2_galactic/install/ament_pep257:/home/danielh/ros2_galactic/install/ament_pclint:/home/danielh/ros2_galactic/install/ament_package:/home/danielh/ros2_galactic/install/ament_mypy:/home/danielh/ros2_galactic/install/ament_lint_cmake:/home/danielh/ros2_galactic/install/ament_flake8:/home/danielh/ros2_galactic/install/ament_copyright:/home/danielh/ros2_galactic/install/ament_lint:/home/danielh/ros2_galactic/install/ament_index_python:/home/danielh/ros2_galactic/install/ament_cpplint:/home/danielh/ros2_galactic/install/ament_cppcheck:/home/danielh/ros2_galactic/install/ament_clang_tidy:/home/danielh/ros2_galactic/install/ament_clang_format /usr/bin/cmake --build /home/danielh/mas418_ros2_ws/build/crane_interfaces -- -j12 -l12
[7.027s] Invoking command in '/home/danielh/mas418_ros2_ws/build/crane_interfaces': CMAKE_PREFIX_PATH=${CMAKE_PREFIX_PATH}:/home/danielh/mas418_ros2_ws/install/urdf_tutorial_r2d2:/home/danielh/mas418_ros2_ws/install/py_pubsub:/home/danielh/mas418_ros2_ws/install/crane_simulator:/home/danielh/ros2_galactic/install/rqt_bag_plugins:/home/danielh/ros2_galactic/install/rqt_bag:/home/danielh/ros2_galactic/install/ros2bag:/home/danielh/ros2_galactic/install/tracetools_launch:/home/danielh/ros2_galactic/install/topic_monitor:/home/danielh/ros2_galactic/install/tf2_tools:/home/danielh/ros2_galactic/install/examples_tf2_py:/home/danielh/ros2_galactic/install/tf2_ros_py:/home/danielh/ros2_galactic/install/sros2:/home/danielh/ros2_galactic/install/rqt_topic:/home/danielh/ros2_galactic/install/rqt_top:/home/danielh/ros2_galactic/install/rqt_srv:/home/danielh/ros2_galactic/install/rqt_shell:/home/danielh/ros2_galactic/install/rqt_service_caller:/home/danielh/ros2_galactic/install/rqt_reconfigure:/home/danielh/ros2_galactic/install/rqt_py_console:/home/danielh/ros2_galactic/install/rqt_publisher:/home/danielh/ros2_galactic/install/rqt_plot:/home/danielh/ros2_galactic/install/rqt_action:/home/danielh/ros2_galactic/install/rqt_msg:/home/danielh/ros2_galactic/install/rqt_console:/home/danielh/ros2_galactic/install/rqt:/home/danielh/ros2_galactic/install/rqt_graph:/home/danielh/ros2_galactic/install/rqt_gui_py:/home/danielh/ros2_galactic/install/rqt_gui:/home/danielh/ros2_galactic/install/ros2trace:/home/danielh/ros2_galactic/install/ros2topic:/home/danielh/ros2_galactic/install/ros2test:/home/danielh/ros2_galactic/install/ros2component:/home/danielh/ros2_galactic/install/ros2param:/home/danielh/ros2_galactic/install/ros2lifecycle:/home/danielh/ros2_galactic/install/ros2service:/home/danielh/ros2_galactic/install/ros2run:/home/danielh/ros2_galactic/install/ros2launch:/home/danielh/ros2_galactic/install/ros2pkg:/home/danielh/ros2_galactic/install/ros2node:/home/danielh/ros2_galactic/install/ros2multicast:/home/danielh/ros2_galactic/install/ros2interface:/home/danielh/ros2_galactic/install/ros2doctor:/home/danielh/ros2_galactic/install/ros2action:/home/danielh/ros2_galactic/install/ros2cli:/home/danielh/ros2_galactic/install/quality_of_service_demo_py:/home/danielh/ros2_galactic/install/launch_testing_ros:/home/danielh/ros2_galactic/install/launch_ros:/home/danielh/ros2_galactic/install/joint_state_publisher_gui:/home/danielh/ros2_galactic/install/joint_state_publisher:/home/danielh/ros2_galactic/install/examples_rclpy_pointcloud_publisher:/home/danielh/ros2_galactic/install/examples_rclpy_minimal_subscriber:/home/danielh/ros2_galactic/install/examples_rclpy_minimal_service:/home/danielh/ros2_galactic/install/examples_rclpy_minimal_publisher:/home/danielh/ros2_galactic/install/examples_rclpy_minimal_client:/home/danielh/ros2_galactic/install/examples_rclpy_minimal_action_server:/home/danielh/ros2_galactic/install/examples_rclpy_minimal_action_client:/home/danielh/ros2_galactic/install/examples_rclpy_guard_conditions:/home/danielh/ros2_galactic/install/examples_rclpy_executors:/home/danielh/ros2_galactic/install/demo_nodes_py:/home/danielh/ros2_galactic/install/action_tutorials_py:/home/danielh/ros2_galactic/install/ament_uncrustify:/home/danielh/ros2_galactic/install/tracetools_trace:/home/danielh/ros2_galactic/install/tracetools_read:/home/danielh/ros2_galactic/install/test_launch_ros:/home/danielh/ros2_galactic/install/sensor_msgs_py:/home/danielh/ros2_galactic/install/rpyutils:/home/danielh/ros2_galactic/install/rosidl_runtime_py:/home/danielh/ros2_galactic/install/rosidl_cli:/home/danielh/ros2_galactic/install/launch_yaml:/home/danielh/ros2_galactic/install/launch_xml:/home/danielh/ros2_galactic/install/launch_testing:/home/danielh/ros2_galactic/install/launch:/home/danielh/ros2_galactic/install/osrf_pycommon:/home/danielh/ros2_galactic/install/domain_coordinator:/home/danielh/ros2_galactic/install/ament_xmllint:/home/danielh/ros2_galactic/install/ament_pyflakes:/home/danielh/ros2_galactic/install/ament_pycodestyle:/home/danielh/ros2_galactic/install/ament_pep257:/home/danielh/ros2_galactic/install/ament_pclint:/home/danielh/ros2_galactic/install/ament_package:/home/danielh/ros2_galactic/install/ament_mypy:/home/danielh/ros2_galactic/install/ament_lint_cmake:/home/danielh/ros2_galactic/install/ament_flake8:/home/danielh/ros2_galactic/install/ament_copyright:/home/danielh/ros2_galactic/install/ament_lint:/home/danielh/ros2_galactic/install/ament_index_python:/home/danielh/ros2_galactic/install/ament_cpplint:/home/danielh/ros2_galactic/install/ament_cppcheck:/home/danielh/ros2_galactic/install/ament_clang_tidy:/home/danielh/ros2_galactic/install/ament_clang_format /usr/bin/cmake --install /home/danielh/mas418_ros2_ws/build/crane_interfaces
[7.040s] -- Install configuration: ""
[7.040s] -- Installing: /home/danielh/mas418_ros2_ws/install/crane_interfaces/share/ament_index/resource_index/rosidl_interfaces/crane_interfaces
[7.040s] -- Installing: /home/danielh/mas418_ros2_ws/install/crane_interfaces/include/crane_interfaces
[7.040s] -- Installing: /home/danielh/mas418_ros2_ws/install/crane_interfaces/include/crane_interfaces/msg
[7.041s] -- Installing: /home/danielh/mas418_ros2_ws/install/crane_interfaces/include/crane_interfaces/msg/detail
[7.041s] -- Installing: /home/danielh/mas418_ros2_ws/install/crane_interfaces/include/crane_interfaces/msg/detail/motion_reference__functions.c
[7.041s] -- Installing: /home/danielh/mas418_ros2_ws/install/crane_interfaces/include/crane_interfaces/msg/detail/motion_reference__struct.h
[7.041s] -- Installing: /home/danielh/mas418_ros2_ws/install/crane_interfaces/include/crane_interfaces/msg/detail/motion_reference__type_support.h
[7.041s] -- Installing: /home/danielh/mas418_ros2_ws/install/crane_interfaces/include/crane_interfaces/msg/detail/motion_reference__functions.h
[7.041s] -- Installing: /home/danielh/mas418_ros2_ws/install/crane_interfaces/include/crane_interfaces/msg/motion_reference.h
[7.041s] -- Installing: /home/danielh/mas418_ros2_ws/install/crane_interfaces/include/crane_interfaces/msg/rosidl_generator_c__visibility_control.h
[7.041s] -- Installing: /home/danielh/mas418_ros2_ws/install/crane_interfaces/share/crane_interfaces/environment/library_path.sh
[7.041s] -- Installing: /home/danielh/mas418_ros2_ws/install/crane_interfaces/share/crane_interfaces/environment/library_path.dsv
[7.041s] -- Installing: /home/danielh/mas418_ros2_ws/install/crane_interfaces/lib/libcrane_interfaces__rosidl_generator_c.so
[7.041s] -- Set runtime path of "/home/danielh/mas418_ros2_ws/install/crane_interfaces/lib/libcrane_interfaces__rosidl_generator_c.so" to ""
[7.042s] -- Up-to-date: /home/danielh/mas418_ros2_ws/install/crane_interfaces/include/crane_interfaces
[7.042s] -- Up-to-date: /home/danielh/mas418_ros2_ws/install/crane_interfaces/include/crane_interfaces/msg
[7.042s] -- Up-to-date: /home/danielh/mas418_ros2_ws/install/crane_interfaces/include/crane_interfaces/msg/detail
[7.042s] -- Installing: /home/danielh/mas418_ros2_ws/install/crane_interfaces/include/crane_interfaces/msg/detail/motion_reference__rosidl_typesupport_introspection_c.h
[7.042s] -- Installing: /home/danielh/mas418_ros2_ws/install/crane_interfaces/include/crane_interfaces/msg/detail/motion_reference__type_support.c
[7.042s] -- Installing: /home/danielh/mas418_ros2_ws/install/crane_interfaces/include/crane_interfaces/msg/rosidl_typesupport_introspection_c__visibility_control.h
[7.042s] -- Installing: /home/danielh/mas418_ros2_ws/install/crane_interfaces/lib/libcrane_interfaces__rosidl_typesupport_introspection_c.so
[7.042s] -- Set runtime path of "/home/danielh/mas418_ros2_ws/install/crane_interfaces/lib/libcrane_interfaces__rosidl_typesupport_introspection_c.so" to ""
[7.042s] -- Up-to-date: /home/danielh/mas418_ros2_ws/install/crane_interfaces/include/crane_interfaces
[7.042s] -- Up-to-date: /home/danielh/mas418_ros2_ws/install/crane_interfaces/include/crane_interfaces/msg
[7.042s] -- Up-to-date: /home/danielh/mas418_ros2_ws/install/crane_interfaces/include/crane_interfaces/msg/detail
[7.042s] -- Installing: /home/danielh/mas418_ros2_ws/install/crane_interfaces/include/crane_interfaces/msg/detail/motion_reference__rosidl_typesupport_fastrtps_c.h
[7.042s] -- Installing: /home/danielh/mas418_ros2_ws/install/crane_interfaces/include/crane_interfaces/msg/rosidl_typesupport_fastrtps_c__visibility_control.h
[7.042s] -- Installing: /home/danielh/mas418_ros2_ws/install/crane_interfaces/lib/libcrane_interfaces__rosidl_typesupport_fastrtps_c.so
[7.043s] -- Set runtime path of "/home/danielh/mas418_ros2_ws/install/crane_interfaces/lib/libcrane_interfaces__rosidl_typesupport_fastrtps_c.so" to ""
[7.043s] -- Up-to-date: /home/danielh/mas418_ros2_ws/install/crane_interfaces/include/crane_interfaces
[7.043s] -- Up-to-date: /home/danielh/mas418_ros2_ws/install/crane_interfaces/include/crane_interfaces/msg
[7.043s] -- Up-to-date: /home/danielh/mas418_ros2_ws/install/crane_interfaces/include/crane_interfaces/msg/detail
[7.043s] -- Installing: /home/danielh/mas418_ros2_ws/install/crane_interfaces/include/crane_interfaces/msg/detail/dds_fastrtps
[7.043s] -- Installing: /home/danielh/mas418_ros2_ws/install/crane_interfaces/include/crane_interfaces/msg/detail/motion_reference__rosidl_typesupport_fastrtps_cpp.hpp
[7.043s] -- Installing: /home/danielh/mas418_ros2_ws/install/crane_interfaces/include/crane_interfaces/msg/rosidl_typesupport_fastrtps_cpp__visibility_control.h
[7.043s] -- Installing: /home/danielh/mas418_ros2_ws/install/crane_interfaces/lib/libcrane_interfaces__rosidl_typesupport_fastrtps_cpp.so
[7.043s] -- Set runtime path of "/home/danielh/mas418_ros2_ws/install/crane_interfaces/lib/libcrane_interfaces__rosidl_typesupport_fastrtps_cpp.so" to ""
[7.043s] -- Installing: /home/danielh/mas418_ros2_ws/install/crane_interfaces/lib/libcrane_interfaces__rosidl_typesupport_c.so
[7.043s] -- Set runtime path of "/home/danielh/mas418_ros2_ws/install/crane_interfaces/lib/libcrane_interfaces__rosidl_typesupport_c.so" to ""
[7.044s] -- Up-to-date: /home/danielh/mas418_ros2_ws/install/crane_interfaces/include/crane_interfaces
[7.044s] -- Up-to-date: /home/danielh/mas418_ros2_ws/install/crane_interfaces/include/crane_interfaces/msg
[7.044s] -- Up-to-date: /home/danielh/mas418_ros2_ws/install/crane_interfaces/include/crane_interfaces/msg/detail
[7.044s] -- Installing: /home/danielh/mas418_ros2_ws/install/crane_interfaces/include/crane_interfaces/msg/detail/motion_reference__builder.hpp
[7.044s] -- Installing: /home/danielh/mas418_ros2_ws/install/crane_interfaces/include/crane_interfaces/msg/detail/motion_reference__struct.hpp
[7.044s] -- Installing: /home/danielh/mas418_ros2_ws/install/crane_interfaces/include/crane_interfaces/msg/detail/motion_reference__traits.hpp
[7.044s] -- Installing: /home/danielh/mas418_ros2_ws/install/crane_interfaces/include/crane_interfaces/msg/motion_reference.hpp
[7.044s] -- Up-to-date: /home/danielh/mas418_ros2_ws/install/crane_interfaces/include/crane_interfaces
[7.044s] -- Up-to-date: /home/danielh/mas418_ros2_ws/install/crane_interfaces/include/crane_interfaces/msg
[7.044s] -- Up-to-date: /home/danielh/mas418_ros2_ws/install/crane_interfaces/include/crane_interfaces/msg/detail
[7.044s] -- Installing: /home/danielh/mas418_ros2_ws/install/crane_interfaces/include/crane_interfaces/msg/detail/motion_reference__rosidl_typesupport_introspection_cpp.hpp
[7.044s] -- Installing: /home/danielh/mas418_ros2_ws/install/crane_interfaces/include/crane_interfaces/msg/detail/motion_reference__type_support.cpp
[7.044s] -- Installing: /home/danielh/mas418_ros2_ws/install/crane_interfaces/lib/libcrane_interfaces__rosidl_typesupport_introspection_cpp.so
[7.044s] -- Set runtime path of "/home/danielh/mas418_ros2_ws/install/crane_interfaces/lib/libcrane_interfaces__rosidl_typesupport_introspection_cpp.so" to ""
[7.044s] -- Installing: /home/danielh/mas418_ros2_ws/install/crane_interfaces/lib/libcrane_interfaces__rosidl_typesupport_cpp.so
[7.045s] -- Set runtime path of "/home/danielh/mas418_ros2_ws/install/crane_interfaces/lib/libcrane_interfaces__rosidl_typesupport_cpp.so" to ""
[7.045s] -- Installing: /home/danielh/mas418_ros2_ws/install/crane_interfaces/share/crane_interfaces/environment/pythonpath.sh
[7.045s] -- Installing: /home/danielh/mas418_ros2_ws/install/crane_interfaces/share/crane_interfaces/environment/pythonpath.dsv
[7.045s] -- Installing: /home/danielh/mas418_ros2_ws/install/crane_interfaces/lib/python3.8/site-packages/crane_interfaces/__init__.py
[7.219s] Compiling '/home/danielh/mas418_ros2_ws/install/crane_interfaces/lib/python3.8/site-packages/crane_interfaces/__init__.py'...
[7.222s] -- Installing: /home/danielh/mas418_ros2_ws/install/crane_interfaces/lib/python3.8/site-packages/crane_interfaces/msg
[7.222s] -- Installing: /home/danielh/mas418_ros2_ws/install/crane_interfaces/lib/python3.8/site-packages/crane_interfaces/msg/_motion_reference.py
[7.222s] -- Installing: /home/danielh/mas418_ros2_ws/install/crane_interfaces/lib/python3.8/site-packages/crane_interfaces/msg/__init__.py
[7.222s] -- Installing: /home/danielh/mas418_ros2_ws/install/crane_interfaces/lib/python3.8/site-packages/crane_interfaces/msg/_motion_reference_s.c
[7.223s] -- Installing: /home/danielh/mas418_ros2_ws/install/crane_interfaces/lib/python3.8/site-packages/crane_interfaces/crane_interfaces_s__rosidl_typesupport_introspection_c.cpython-38-x86_64-linux-gnu.so
[7.223s] -- Set runtime path of "/home/danielh/mas418_ros2_ws/install/crane_interfaces/lib/python3.8/site-packages/crane_interfaces/crane_interfaces_s__rosidl_typesupport_introspection_c.cpython-38-x86_64-linux-gnu.so" to ""
[7.223s] -- Installing: /home/danielh/mas418_ros2_ws/install/crane_interfaces/lib/python3.8/site-packages/crane_interfaces/crane_interfaces_s__rosidl_typesupport_fastrtps_c.cpython-38-x86_64-linux-gnu.so
[7.223s] -- Set runtime path of "/home/danielh/mas418_ros2_ws/install/crane_interfaces/lib/python3.8/site-packages/crane_interfaces/crane_interfaces_s__rosidl_typesupport_fastrtps_c.cpython-38-x86_64-linux-gnu.so" to ""
[7.224s] -- Installing: /home/danielh/mas418_ros2_ws/install/crane_interfaces/lib/python3.8/site-packages/crane_interfaces/crane_interfaces_s__rosidl_typesupport_c.cpython-38-x86_64-linux-gnu.so
[7.224s] -- Set runtime path of "/home/danielh/mas418_ros2_ws/install/crane_interfaces/lib/python3.8/site-packages/crane_interfaces/crane_interfaces_s__rosidl_typesupport_c.cpython-38-x86_64-linux-gnu.so" to ""
[7.224s] -- Installing: /home/danielh/mas418_ros2_ws/install/crane_interfaces/lib/libcrane_interfaces__python.so
[7.224s] -- Set runtime path of "/home/danielh/mas418_ros2_ws/install/crane_interfaces/lib/libcrane_interfaces__python.so" to ""
[7.224s] -- Installing: /home/danielh/mas418_ros2_ws/install/crane_interfaces/share/crane_interfaces/msg/MotionReference.idl
[7.224s] -- Installing: /home/danielh/mas418_ros2_ws/install/crane_interfaces/share/crane_interfaces/msg/MotionReference.msg
[7.225s] -- Installing: /home/danielh/mas418_ros2_ws/install/crane_interfaces/share/ament_index/resource_index/package_run_dependencies/crane_interfaces
[7.225s] -- Installing: /home/danielh/mas418_ros2_ws/install/crane_interfaces/share/ament_index/resource_index/parent_prefix_path/crane_interfaces
[7.225s] -- Installing: /home/danielh/mas418_ros2_ws/install/crane_interfaces/share/crane_interfaces/environment/ament_prefix_path.sh
[7.225s] -- Installing: /home/danielh/mas418_ros2_ws/install/crane_interfaces/share/crane_interfaces/environment/ament_prefix_path.dsv
[7.225s] -- Installing: /home/danielh/mas418_ros2_ws/install/crane_interfaces/share/crane_interfaces/environment/path.sh
[7.225s] -- Installing: /home/danielh/mas418_ros2_ws/install/crane_interfaces/share/crane_interfaces/environment/path.dsv
[7.225s] -- Installing: /home/danielh/mas418_ros2_ws/install/crane_interfaces/share/crane_interfaces/local_setup.bash
[7.225s] -- Installing: /home/danielh/mas418_ros2_ws/install/crane_interfaces/share/crane_interfaces/local_setup.sh
[7.225s] -- Installing: /home/danielh/mas418_ros2_ws/install/crane_interfaces/share/crane_interfaces/local_setup.zsh
[7.225s] -- Installing: /home/danielh/mas418_ros2_ws/install/crane_interfaces/share/crane_interfaces/local_setup.dsv
[7.225s] -- Installing: /home/danielh/mas418_ros2_ws/install/crane_interfaces/share/crane_interfaces/package.dsv
[7.226s] -- Installing: /home/danielh/mas418_ros2_ws/install/crane_interfaces/share/ament_index/resource_index/packages/crane_interfaces
[7.226s] -- Installing: /home/danielh/mas418_ros2_ws/install/crane_interfaces/share/crane_interfaces/cmake/crane_interfaces__rosidl_generator_cExport.cmake
[7.226s] -- Installing: /home/danielh/mas418_ros2_ws/install/crane_interfaces/share/crane_interfaces/cmake/crane_interfaces__rosidl_generator_cExport-noconfig.cmake
[7.226s] -- Installing: /home/danielh/mas418_ros2_ws/install/crane_interfaces/share/crane_interfaces/cmake/crane_interfaces__rosidl_typesupport_introspection_cExport.cmake
[7.226s] -- Installing: /home/danielh/mas418_ros2_ws/install/crane_interfaces/share/crane_interfaces/cmake/crane_interfaces__rosidl_typesupport_introspection_cExport-noconfig.cmake
[7.226s] -- Installing: /home/danielh/mas418_ros2_ws/install/crane_interfaces/share/crane_interfaces/cmake/crane_interfaces__rosidl_typesupport_cExport.cmake
[7.226s] -- Installing: /home/danielh/mas418_ros2_ws/install/crane_interfaces/share/crane_interfaces/cmake/crane_interfaces__rosidl_typesupport_cExport-noconfig.cmake
[7.226s] -- Installing: /home/danielh/mas418_ros2_ws/install/crane_interfaces/share/crane_interfaces/cmake/crane_interfaces__rosidl_generator_cppExport.cmake
[7.226s] -- Installing: /home/danielh/mas418_ros2_ws/install/crane_interfaces/share/crane_interfaces/cmake/crane_interfaces__rosidl_typesupport_introspection_cppExport.cmake
[7.227s] -- Installing: /home/danielh/mas418_ros2_ws/install/crane_interfaces/share/crane_interfaces/cmake/crane_interfaces__rosidl_typesupport_introspection_cppExport-noconfig.cmake
[7.227s] -- Installing: /home/danielh/mas418_ros2_ws/install/crane_interfaces/share/crane_interfaces/cmake/crane_interfaces__rosidl_typesupport_cppExport.cmake
[7.227s] -- Installing: /home/danielh/mas418_ros2_ws/install/crane_interfaces/share/crane_interfaces/cmake/crane_interfaces__rosidl_typesupport_cppExport-noconfig.cmake
[7.227s] -- Installing: /home/danielh/mas418_ros2_ws/install/crane_interfaces/share/crane_interfaces/cmake/rosidl_cmake-extras.cmake
[7.227s] -- Installing: /home/danielh/mas418_ros2_ws/install/crane_interfaces/share/crane_interfaces/cmake/ament_cmake_export_dependencies-extras.cmake
[7.227s] -- Installing: /home/danielh/mas418_ros2_ws/install/crane_interfaces/share/crane_interfaces/cmake/ament_cmake_export_libraries-extras.cmake
[7.227s] -- Installing: /home/danielh/mas418_ros2_ws/install/crane_interfaces/share/crane_interfaces/cmake/ament_cmake_export_targets-extras.cmake
[7.227s] -- Installing: /home/danielh/mas418_ros2_ws/install/crane_interfaces/share/crane_interfaces/cmake/ament_cmake_export_include_directories-extras.cmake
[7.227s] -- Installing: /home/danielh/mas418_ros2_ws/install/crane_interfaces/share/crane_interfaces/cmake/rosidl_cmake_export_typesupport_targets-extras.cmake
[7.227s] -- Installing: /home/danielh/mas418_ros2_ws/install/crane_interfaces/share/crane_interfaces/cmake/rosidl_cmake_export_typesupport_libraries-extras.cmake
[7.227s] -- Installing: /home/danielh/mas418_ros2_ws/install/crane_interfaces/share/crane_interfaces/cmake/crane_interfacesConfig.cmake
[7.228s] -- Installing: /home/danielh/mas418_ros2_ws/install/crane_interfaces/share/crane_interfaces/cmake/crane_interfacesConfig-version.cmake
[7.228s] -- Installing: /home/danielh/mas418_ros2_ws/install/crane_interfaces/share/crane_interfaces/package.xml
[7.231s] Invoked command in '/home/danielh/mas418_ros2_ws/build/crane_interfaces' returned '0': CMAKE_PREFIX_PATH=${CMAKE_PREFIX_PATH}:/home/danielh/mas418_ros2_ws/install/urdf_tutorial_r2d2:/home/danielh/mas418_ros2_ws/install/py_pubsub:/home/danielh/mas418_ros2_ws/install/crane_simulator:/home/danielh/ros2_galactic/install/rqt_bag_plugins:/home/danielh/ros2_galactic/install/rqt_bag:/home/danielh/ros2_galactic/install/ros2bag:/home/danielh/ros2_galactic/install/tracetools_launch:/home/danielh/ros2_galactic/install/topic_monitor:/home/danielh/ros2_galactic/install/tf2_tools:/home/danielh/ros2_galactic/install/examples_tf2_py:/home/danielh/ros2_galactic/install/tf2_ros_py:/home/danielh/ros2_galactic/install/sros2:/home/danielh/ros2_galactic/install/rqt_topic:/home/danielh/ros2_galactic/install/rqt_top:/home/danielh/ros2_galactic/install/rqt_srv:/home/danielh/ros2_galactic/install/rqt_shell:/home/danielh/ros2_galactic/install/rqt_service_caller:/home/danielh/ros2_galactic/install/rqt_reconfigure:/home/danielh/ros2_galactic/install/rqt_py_console:/home/danielh/ros2_galactic/install/rqt_publisher:/home/danielh/ros2_galactic/install/rqt_plot:/home/danielh/ros2_galactic/install/rqt_action:/home/danielh/ros2_galactic/install/rqt_msg:/home/danielh/ros2_galactic/install/rqt_console:/home/danielh/ros2_galactic/install/rqt:/home/danielh/ros2_galactic/install/rqt_graph:/home/danielh/ros2_galactic/install/rqt_gui_py:/home/danielh/ros2_galactic/install/rqt_gui:/home/danielh/ros2_galactic/install/ros2trace:/home/danielh/ros2_galactic/install/ros2topic:/home/danielh/ros2_galactic/install/ros2test:/home/danielh/ros2_galactic/install/ros2component:/home/danielh/ros2_galactic/install/ros2param:/home/danielh/ros2_galactic/install/ros2lifecycle:/home/danielh/ros2_galactic/install/ros2service:/home/danielh/ros2_galactic/install/ros2run:/home/danielh/ros2_galactic/install/ros2launch:/home/danielh/ros2_galactic/install/ros2pkg:/home/danielh/ros2_galactic/install/ros2node:/home/danielh/ros2_galactic/install/ros2multicast:/home/danielh/ros2_galactic/install/ros2interface:/home/danielh/ros2_galactic/install/ros2doctor:/home/danielh/ros2_galactic/install/ros2action:/home/danielh/ros2_galactic/install/ros2cli:/home/danielh/ros2_galactic/install/quality_of_service_demo_py:/home/danielh/ros2_galactic/install/launch_testing_ros:/home/danielh/ros2_galactic/install/launch_ros:/home/danielh/ros2_galactic/install/joint_state_publisher_gui:/home/danielh/ros2_galactic/install/joint_state_publisher:/home/danielh/ros2_galactic/install/examples_rclpy_pointcloud_publisher:/home/danielh/ros2_galactic/install/examples_rclpy_minimal_subscriber:/home/danielh/ros2_galactic/install/examples_rclpy_minimal_service:/home/danielh/ros2_galactic/install/examples_rclpy_minimal_publisher:/home/danielh/ros2_galactic/install/examples_rclpy_minimal_client:/home/danielh/ros2_galactic/install/examples_rclpy_minimal_action_server:/home/danielh/ros2_galactic/install/examples_rclpy_minimal_action_client:/home/danielh/ros2_galactic/install/examples_rclpy_guard_conditions:/home/danielh/ros2_galactic/install/examples_rclpy_executors:/home/danielh/ros2_galactic/install/demo_nodes_py:/home/danielh/ros2_galactic/install/action_tutorials_py:/home/danielh/ros2_galactic/install/ament_uncrustify:/home/danielh/ros2_galactic/install/tracetools_trace:/home/danielh/ros2_galactic/install/tracetools_read:/home/danielh/ros2_galactic/install/test_launch_ros:/home/danielh/ros2_galactic/install/sensor_msgs_py:/home/danielh/ros2_galactic/install/rpyutils:/home/danielh/ros2_galactic/install/rosidl_runtime_py:/home/danielh/ros2_galactic/install/rosidl_cli:/home/danielh/ros2_galactic/install/launch_yaml:/home/danielh/ros2_galactic/install/launch_xml:/home/danielh/ros2_galactic/install/launch_testing:/home/danielh/ros2_galactic/install/launch:/home/danielh/ros2_galactic/install/osrf_pycommon:/home/danielh/ros2_galactic/install/domain_coordinator:/home/danielh/ros2_galactic/install/ament_xmllint:/home/danielh/ros2_galactic/install/ament_pyflakes:/home/danielh/ros2_galactic/install/ament_pycodestyle:/home/danielh/ros2_galactic/install/ament_pep257:/home/danielh/ros2_galactic/install/ament_pclint:/home/danielh/ros2_galactic/install/ament_package:/home/danielh/ros2_galactic/install/ament_mypy:/home/danielh/ros2_galactic/install/ament_lint_cmake:/home/danielh/ros2_galactic/install/ament_flake8:/home/danielh/ros2_galactic/install/ament_copyright:/home/danielh/ros2_galactic/install/ament_lint:/home/danielh/ros2_galactic/install/ament_index_python:/home/danielh/ros2_galactic/install/ament_cpplint:/home/danielh/ros2_galactic/install/ament_cppcheck:/home/danielh/ros2_galactic/install/ament_clang_tidy:/home/danielh/ros2_galactic/install/ament_clang_format /usr/bin/cmake --install /home/danielh/mas418_ros2_ws/build/crane_interfaces
