running egg_info
writing ../../build/crane_simulator/crane_simulator.egg-info/PKG-INFO
writing dependency_links to ../../build/crane_simulator/crane_simulator.egg-info/dependency_links.txt
writing entry points to ../../build/crane_simulator/crane_simulator.egg-info/entry_points.txt
writing requirements to ../../build/crane_simulator/crane_simulator.egg-info/requires.txt
writing top-level names to ../../build/crane_simulator/crane_simulator.egg-info/top_level.txt
reading manifest file '../../build/crane_simulator/crane_simulator.egg-info/SOURCES.txt'
writing manifest file '../../build/crane_simulator/crane_simulator.egg-info/SOURCES.txt'
running build
running build_py
running install
running install_lib
running install_data
copying package.xml -> /home/danielh/mas418_ros2_ws/install/crane_simulator/share/crane_simulator
copying rviz/urdf.rviz -> /home/danielh/mas418_ros2_ws/install/crane_simulator/share/crane_simulator
running install_egg_info
removing '/home/danielh/mas418_ros2_ws/install/crane_simulator/lib/python3.8/site-packages/crane_simulator-0.0.0-py3.8.egg-info' (and everything under it)
Copying ../../build/crane_simulator/crane_simulator.egg-info to /home/danielh/mas418_ros2_ws/install/crane_simulator/lib/python3.8/site-packages/crane_simulator-0.0.0-py3.8.egg-info
running install_scripts
Installing state_publisher script to /home/danielh/mas418_ros2_ws/install/crane_simulator/lib/crane_simulator
writing list of installed files to '/home/danielh/mas418_ros2_ws/build/crane_simulator/install.log'
