running egg_info
creating ../../build/crane_simulator/crane_simulator.egg-info
writing ../../build/crane_simulator/crane_simulator.egg-info/PKG-INFO
writing dependency_links to ../../build/crane_simulator/crane_simulator.egg-info/dependency_links.txt
writing entry points to ../../build/crane_simulator/crane_simulator.egg-info/entry_points.txt
writing requirements to ../../build/crane_simulator/crane_simulator.egg-info/requires.txt
writing top-level names to ../../build/crane_simulator/crane_simulator.egg-info/top_level.txt
writing manifest file '../../build/crane_simulator/crane_simulator.egg-info/SOURCES.txt'
reading manifest file '../../build/crane_simulator/crane_simulator.egg-info/SOURCES.txt'
writing manifest file '../../build/crane_simulator/crane_simulator.egg-info/SOURCES.txt'
running build
running build_py
creating /home/danielh/mas418_ros2_ws/build/crane_simulator/build
creating /home/danielh/mas418_ros2_ws/build/crane_simulator/build/lib
creating /home/danielh/mas418_ros2_ws/build/crane_simulator/build/lib/crane_simulator
copying crane_simulator/__init__.py -> /home/danielh/mas418_ros2_ws/build/crane_simulator/build/lib/crane_simulator
copying crane_simulator/simulator.py -> /home/danielh/mas418_ros2_ws/build/crane_simulator/build/lib/crane_simulator
running install
running install_lib
creating /home/danielh/mas418_ros2_ws/install/crane_simulator/lib/python3.8/site-packages/crane_simulator
copying /home/danielh/mas418_ros2_ws/build/crane_simulator/build/lib/crane_simulator/__init__.py -> /home/danielh/mas418_ros2_ws/install/crane_simulator/lib/python3.8/site-packages/crane_simulator
copying /home/danielh/mas418_ros2_ws/build/crane_simulator/build/lib/crane_simulator/simulator.py -> /home/danielh/mas418_ros2_ws/install/crane_simulator/lib/python3.8/site-packages/crane_simulator
byte-compiling /home/danielh/mas418_ros2_ws/install/crane_simulator/lib/python3.8/site-packages/crane_simulator/__init__.py to __init__.cpython-38.pyc
byte-compiling /home/danielh/mas418_ros2_ws/install/crane_simulator/lib/python3.8/site-packages/crane_simulator/simulator.py to simulator.cpython-38.pyc
running install_data
creating /home/danielh/mas418_ros2_ws/install/crane_simulator/share/ament_index
creating /home/danielh/mas418_ros2_ws/install/crane_simulator/share/ament_index/resource_index
creating /home/danielh/mas418_ros2_ws/install/crane_simulator/share/ament_index/resource_index/packages
copying resource/crane_simulator -> /home/danielh/mas418_ros2_ws/install/crane_simulator/share/ament_index/resource_index/packages
copying package.xml -> /home/danielh/mas418_ros2_ws/install/crane_simulator/share/crane_simulator
copying launch/simulator.launch.py -> /home/danielh/mas418_ros2_ws/install/crane_simulator/share/crane_simulator
copying urdf/crane.urdf -> /home/danielh/mas418_ros2_ws/install/crane_simulator/share/crane_simulator
copying rviz/urdf.rviz -> /home/danielh/mas418_ros2_ws/install/crane_simulator/share/crane_simulator
running install_egg_info
Copying ../../build/crane_simulator/crane_simulator.egg-info to /home/danielh/mas418_ros2_ws/install/crane_simulator/lib/python3.8/site-packages/crane_simulator-0.0.0-py3.8.egg-info
running install_scripts
Installing simulator script to /home/danielh/mas418_ros2_ws/install/crane_simulator/lib/crane_simulator
writing list of installed files to '/home/danielh/mas418_ros2_ws/build/crane_simulator/install.log'
