-- The C compiler identification is GNU 9.3.0
-- The CXX compiler identification is GNU 9.3.0
-- Check for working C compiler: /usr/bin/cc
-- Check for working C compiler: /usr/bin/cc -- works
-- Detecting C compiler ABI info
-- Detecting C compiler ABI info - done
-- Detecting C compile features
-- Detecting C compile features - done
-- Check for working CXX compiler: /usr/bin/c++
-- Check for working CXX compiler: /usr/bin/c++ -- works
-- Detecting CXX compiler ABI info
-- Detecting CXX compiler ABI info - done
-- Detecting CXX compile features
-- Detecting CXX compile features - done
-- Found ament_cmake: 1.1.5 (/home/danielh/ros2_galactic/install/ament_cmake/share/ament_cmake/cmake)
-- Found PythonInterp: /usr/bin/python3 (found suitable version "3.8.10", minimum required is "3") 
-- Using PYTHON_EXECUTABLE: /usr/bin/python3
-- Found rclcpp: 9.2.0 (/home/danielh/ros2_galactic/install/rclcpp/share/rclcpp/cmake)
-- Using all available rosidl_typesupport_c: rosidl_typesupport_introspection_c;rosidl_typesupport_fastrtps_c
-- Found rosidl_adapter: 2.2.1 (/home/danielh/ros2_galactic/install/rosidl_adapter/share/rosidl_adapter/cmake)
-- Found OpenSSL: /usr/lib/x86_64-linux-gnu/libcrypto.so (found version "1.1.1f")  
-- Found FastRTPS: /home/danielh/ros2_galactic/install/fastrtps/include  
-- Using all available rosidl_typesupport_cpp: rosidl_typesupport_introspection_cpp;rosidl_typesupport_fastrtps_cpp
-- Found rmw_implementation_cmake: 3.3.1 (/home/danielh/ros2_galactic/install/rmw_implementation_cmake/share/rmw_implementation_cmake/cmake)
-- Found rmw_cyclonedds_cpp: 0.22.4 (/home/danielh/ros2_galactic/install/rmw_cyclonedds_cpp/share/rmw_cyclonedds_cpp/cmake)
-- Using RMW implementation 'rmw_cyclonedds_cpp' as default
-- Looking for pthread.h
-- Looking for pthread.h - found
-- Performing Test CMAKE_HAVE_LIBC_PTHREAD
-- Performing Test CMAKE_HAVE_LIBC_PTHREAD - Failed
-- Looking for pthread_create in pthreads
-- Looking for pthread_create in pthreads - not found
-- Looking for pthread_create in pthread
-- Looking for pthread_create in pthread - found
-- Found Threads: TRUE  
-- Found ament_lint_auto: 0.10.6 (/home/danielh/ros2_galactic/install/ament_lint_auto/share/ament_lint_auto/cmake)
-- Added test 'copyright' to check source files copyright and LICENSE
-- Added test 'cppcheck' to perform static code analysis on C / C++ code
-- Configured cppcheck include dirs: 
-- Configured cppcheck exclude dirs and/or files: 
-- Added test 'cpplint' to check C / C++ code against the Google style
-- Configured cpplint exclude dirs and/or files: 
-- Added test 'lint_cmake' to check CMake code style
-- Added test 'uncrustify' to check C / C++ code style
-- Configured uncrustify additional arguments: 
-- Added test 'xmllint' to check XML markup files
-- Configuring done
-- Generating done
-- Build files have been written to: /home/danielh/mas418_ros2_ws/build/crane_controller
[35m[1mScanning dependencies of target talker[0m
[ 50%] [32mBuilding CXX object CMakeFiles/talker.dir/src/motion_ref_generator.cpp.o[0m
[100%] [32m[1mLinking CXX executable talker[0m
[100%] Built target talker
-- Install configuration: ""
-- Installing: /home/danielh/mas418_ros2_ws/install/crane_controller/lib/crane_controller/talker
-- Set runtime path of "/home/danielh/mas418_ros2_ws/install/crane_controller/lib/crane_controller/talker" to ""
-- Installing: /home/danielh/mas418_ros2_ws/install/crane_controller/share/ament_index/resource_index/package_run_dependencies/crane_controller
-- Installing: /home/danielh/mas418_ros2_ws/install/crane_controller/share/ament_index/resource_index/parent_prefix_path/crane_controller
-- Installing: /home/danielh/mas418_ros2_ws/install/crane_controller/share/crane_controller/environment/ament_prefix_path.sh
-- Installing: /home/danielh/mas418_ros2_ws/install/crane_controller/share/crane_controller/environment/ament_prefix_path.dsv
-- Installing: /home/danielh/mas418_ros2_ws/install/crane_controller/share/crane_controller/environment/path.sh
-- Installing: /home/danielh/mas418_ros2_ws/install/crane_controller/share/crane_controller/environment/path.dsv
-- Installing: /home/danielh/mas418_ros2_ws/install/crane_controller/share/crane_controller/local_setup.bash
-- Installing: /home/danielh/mas418_ros2_ws/install/crane_controller/share/crane_controller/local_setup.sh
-- Installing: /home/danielh/mas418_ros2_ws/install/crane_controller/share/crane_controller/local_setup.zsh
-- Installing: /home/danielh/mas418_ros2_ws/install/crane_controller/share/crane_controller/local_setup.dsv
-- Installing: /home/danielh/mas418_ros2_ws/install/crane_controller/share/crane_controller/package.dsv
-- Installing: /home/danielh/mas418_ros2_ws/install/crane_controller/share/ament_index/resource_index/packages/crane_controller
-- Installing: /home/danielh/mas418_ros2_ws/install/crane_controller/share/crane_controller/cmake/crane_controllerConfig.cmake
-- Installing: /home/danielh/mas418_ros2_ws/install/crane_controller/share/crane_controller/cmake/crane_controllerConfig-version.cmake
-- Installing: /home/danielh/mas418_ros2_ws/install/crane_controller/share/crane_controller/package.xml
